ARM GAS  /tmp/ccnDTDzE.s 			page 1


   1              		.cpu cortex-m7
   2              		.arch armv7e-m
   3              		.fpu fpv5-d16
   4              		.eabi_attribute 28, 1
   5              		.eabi_attribute 20, 1
   6              		.eabi_attribute 21, 1
   7              		.eabi_attribute 23, 3
   8              		.eabi_attribute 24, 1
   9              		.eabi_attribute 25, 1
  10              		.eabi_attribute 26, 1
  11              		.eabi_attribute 30, 1
  12              		.eabi_attribute 34, 1
  13              		.eabi_attribute 18, 4
  14              		.file	"ip.c"
  15              		.text
  16              	.Ltext0:
  17              		.cfi_sections	.debug_frame
  18              		.file 1 "../../Middlewares/Third_Party/LwIP/src/core/ip.c"
  19              		.global	ip_data
  20              		.section	.bss.ip_data,"aw",%nobits
  21              		.align	2
  24              	ip_data:
  25 0000 00000000 		.space	24
  25      00000000 
  25      00000000 
  25      00000000 
  25      00000000 
  26              		.text
  27              	.Letext0:
  28              		.file 2 "/usr/lib/gcc/arm-none-eabi/13.2.1/include/stdint.h"
  29              		.file 3 "../../Middlewares/Third_Party/LwIP/src/include/lwip/arch.h"
  30              		.file 4 "../../Middlewares/Third_Party/LwIP/src/include/lwip/ip4_addr.h"
  31              		.file 5 "../../Middlewares/Third_Party/LwIP/src/include/lwip/ip_addr.h"
  32              		.file 6 "../../Middlewares/Third_Party/LwIP/src/include/lwip/err.h"
  33              		.file 7 "../../Middlewares/Third_Party/LwIP/src/include/lwip/pbuf.h"
  34              		.file 8 "../../Middlewares/Third_Party/LwIP/src/include/lwip/netif.h"
  35              		.file 9 "../../Middlewares/Third_Party/LwIP/src/include/lwip/prot/ip4.h"
  36              		.file 10 "../../Middlewares/Third_Party/LwIP/src/include/lwip/ip.h"
  37              		.file 11 "../../Middlewares/Third_Party/LwIP/src/include/lwip/memp.h"
ARM GAS  /tmp/ccnDTDzE.s 			page 2


DEFINED SYMBOLS
                            *ABS*:00000000 ip.c
     /tmp/ccnDTDzE.s:24     .bss.ip_data:00000000 ip_data
     /tmp/ccnDTDzE.s:21     .bss.ip_data:00000000 $d

NO UNDEFINED SYMBOLS
