ARM GAS  /tmp/cc5nA4xx.s 			page 1


   1              		.cpu cortex-m7
   2              		.arch armv7e-m
   3              		.fpu fpv5-d16
   4              		.eabi_attribute 28, 1
   5              		.eabi_attribute 20, 1
   6              		.eabi_attribute 21, 1
   7              		.eabi_attribute 23, 3
   8              		.eabi_attribute 24, 1
   9              		.eabi_attribute 25, 1
  10              		.eabi_attribute 26, 1
  11              		.eabi_attribute 30, 1
  12              		.eabi_attribute 34, 1
  13              		.eabi_attribute 18, 4
  14              		.file	"netbuf.c"
  15              		.text
  16              	.Ltext0:
  17              		.cfi_sections	.debug_frame
  18              		.file 1 "../../Middlewares/Third_Party/LwIP/src/api/netbuf.c"
  19              		.section	.text.netbuf_new,"ax",%progbits
  20              		.align	1
  21              		.global	netbuf_new
  22              		.syntax unified
  23              		.thumb
  24              		.thumb_func
  26              	netbuf_new:
  27              	.LFB361:
   1:../../Middlewares/Third_Party/LwIP/src/api/netbuf.c **** /**
   2:../../Middlewares/Third_Party/LwIP/src/api/netbuf.c ****  * @file
   3:../../Middlewares/Third_Party/LwIP/src/api/netbuf.c ****  * Network buffer management
   4:../../Middlewares/Third_Party/LwIP/src/api/netbuf.c ****  *
   5:../../Middlewares/Third_Party/LwIP/src/api/netbuf.c ****  * @defgroup netbuf Network buffers
   6:../../Middlewares/Third_Party/LwIP/src/api/netbuf.c ****  * @ingroup netconn
   7:../../Middlewares/Third_Party/LwIP/src/api/netbuf.c ****  * Network buffer descriptor for @ref netconn. Based on @ref pbuf internally
   8:../../Middlewares/Third_Party/LwIP/src/api/netbuf.c ****  * to avoid copying data around.\n
   9:../../Middlewares/Third_Party/LwIP/src/api/netbuf.c ****  * Buffers must not be shared accross multiple threads, all functions except
  10:../../Middlewares/Third_Party/LwIP/src/api/netbuf.c ****  * netbuf_new() and netbuf_delete() are not thread-safe.
  11:../../Middlewares/Third_Party/LwIP/src/api/netbuf.c ****  */
  12:../../Middlewares/Third_Party/LwIP/src/api/netbuf.c **** 
  13:../../Middlewares/Third_Party/LwIP/src/api/netbuf.c **** /*
  14:../../Middlewares/Third_Party/LwIP/src/api/netbuf.c ****  * Copyright (c) 2001-2004 Swedish Institute of Computer Science.
  15:../../Middlewares/Third_Party/LwIP/src/api/netbuf.c ****  * All rights reserved.
  16:../../Middlewares/Third_Party/LwIP/src/api/netbuf.c ****  *
  17:../../Middlewares/Third_Party/LwIP/src/api/netbuf.c ****  * Redistribution and use in source and binary forms, with or without modification,
  18:../../Middlewares/Third_Party/LwIP/src/api/netbuf.c ****  * are permitted provided that the following conditions are met:
  19:../../Middlewares/Third_Party/LwIP/src/api/netbuf.c ****  *
  20:../../Middlewares/Third_Party/LwIP/src/api/netbuf.c ****  * 1. Redistributions of source code must retain the above copyright notice,
  21:../../Middlewares/Third_Party/LwIP/src/api/netbuf.c ****  *    this list of conditions and the following disclaimer.
  22:../../Middlewares/Third_Party/LwIP/src/api/netbuf.c ****  * 2. Redistributions in binary form must reproduce the above copyright notice,
  23:../../Middlewares/Third_Party/LwIP/src/api/netbuf.c ****  *    this list of conditions and the following disclaimer in the documentation
  24:../../Middlewares/Third_Party/LwIP/src/api/netbuf.c ****  *    and/or other materials provided with the distribution.
  25:../../Middlewares/Third_Party/LwIP/src/api/netbuf.c ****  * 3. The name of the author may not be used to endorse or promote products
  26:../../Middlewares/Third_Party/LwIP/src/api/netbuf.c ****  *    derived from this software without specific prior written permission.
  27:../../Middlewares/Third_Party/LwIP/src/api/netbuf.c ****  *
  28:../../Middlewares/Third_Party/LwIP/src/api/netbuf.c ****  * THIS SOFTWARE IS PROVIDED BY THE AUTHOR ``AS IS'' AND ANY EXPRESS OR IMPLIED
  29:../../Middlewares/Third_Party/LwIP/src/api/netbuf.c ****  * WARRANTIES, INCLUDING, BUT NOT LIMITED TO, THE IMPLIED WARRANTIES OF
  30:../../Middlewares/Third_Party/LwIP/src/api/netbuf.c ****  * MERCHANTABILITY AND FITNESS FOR A PARTICULAR PURPOSE ARE DISCLAIMED. IN NO EVENT
  31:../../Middlewares/Third_Party/LwIP/src/api/netbuf.c ****  * SHALL THE AUTHOR BE LIABLE FOR ANY DIRECT, INDIRECT, INCIDENTAL, SPECIAL,
ARM GAS  /tmp/cc5nA4xx.s 			page 2


  32:../../Middlewares/Third_Party/LwIP/src/api/netbuf.c ****  * EXEMPLARY, OR CONSEQUENTIAL DAMAGES (INCLUDING, BUT NOT LIMITED TO, PROCUREMENT
  33:../../Middlewares/Third_Party/LwIP/src/api/netbuf.c ****  * OF SUBSTITUTE GOODS OR SERVICES; LOSS OF USE, DATA, OR PROFITS; OR BUSINESS
  34:../../Middlewares/Third_Party/LwIP/src/api/netbuf.c ****  * INTERRUPTION) HOWEVER CAUSED AND ON ANY THEORY OF LIABILITY, WHETHER IN
  35:../../Middlewares/Third_Party/LwIP/src/api/netbuf.c ****  * CONTRACT, STRICT LIABILITY, OR TORT (INCLUDING NEGLIGENCE OR OTHERWISE) ARISING
  36:../../Middlewares/Third_Party/LwIP/src/api/netbuf.c ****  * IN ANY WAY OUT OF THE USE OF THIS SOFTWARE, EVEN IF ADVISED OF THE POSSIBILITY
  37:../../Middlewares/Third_Party/LwIP/src/api/netbuf.c ****  * OF SUCH DAMAGE.
  38:../../Middlewares/Third_Party/LwIP/src/api/netbuf.c ****  *
  39:../../Middlewares/Third_Party/LwIP/src/api/netbuf.c ****  * This file is part of the lwIP TCP/IP stack.
  40:../../Middlewares/Third_Party/LwIP/src/api/netbuf.c ****  *
  41:../../Middlewares/Third_Party/LwIP/src/api/netbuf.c ****  * Author: Adam Dunkels <adam@sics.se>
  42:../../Middlewares/Third_Party/LwIP/src/api/netbuf.c ****  *
  43:../../Middlewares/Third_Party/LwIP/src/api/netbuf.c ****  */
  44:../../Middlewares/Third_Party/LwIP/src/api/netbuf.c **** 
  45:../../Middlewares/Third_Party/LwIP/src/api/netbuf.c **** #include "lwip/opt.h"
  46:../../Middlewares/Third_Party/LwIP/src/api/netbuf.c **** 
  47:../../Middlewares/Third_Party/LwIP/src/api/netbuf.c **** #if LWIP_NETCONN /* don't build if not configured for use in lwipopts.h */
  48:../../Middlewares/Third_Party/LwIP/src/api/netbuf.c **** 
  49:../../Middlewares/Third_Party/LwIP/src/api/netbuf.c **** #include "lwip/netbuf.h"
  50:../../Middlewares/Third_Party/LwIP/src/api/netbuf.c **** #include "lwip/memp.h"
  51:../../Middlewares/Third_Party/LwIP/src/api/netbuf.c **** 
  52:../../Middlewares/Third_Party/LwIP/src/api/netbuf.c **** #include <string.h>
  53:../../Middlewares/Third_Party/LwIP/src/api/netbuf.c **** 
  54:../../Middlewares/Third_Party/LwIP/src/api/netbuf.c **** /**
  55:../../Middlewares/Third_Party/LwIP/src/api/netbuf.c ****  * @ingroup netbuf
  56:../../Middlewares/Third_Party/LwIP/src/api/netbuf.c ****  * Create (allocate) and initialize a new netbuf.
  57:../../Middlewares/Third_Party/LwIP/src/api/netbuf.c ****  * The netbuf doesn't yet contain a packet buffer!
  58:../../Middlewares/Third_Party/LwIP/src/api/netbuf.c ****  *
  59:../../Middlewares/Third_Party/LwIP/src/api/netbuf.c ****  * @return a pointer to a new netbuf
  60:../../Middlewares/Third_Party/LwIP/src/api/netbuf.c ****  *         NULL on lack of memory
  61:../../Middlewares/Third_Party/LwIP/src/api/netbuf.c ****  */
  62:../../Middlewares/Third_Party/LwIP/src/api/netbuf.c **** struct
  63:../../Middlewares/Third_Party/LwIP/src/api/netbuf.c **** netbuf *netbuf_new(void)
  64:../../Middlewares/Third_Party/LwIP/src/api/netbuf.c **** {
  28              		.loc 1 64 1 view -0
  29              		.cfi_startproc
  30              		@ args = 0, pretend = 0, frame = 0
  31              		@ frame_needed = 0, uses_anonymous_args = 0
  32 0000 08B5     		push	{r3, lr}
  33              	.LCFI0:
  34              		.cfi_def_cfa_offset 8
  35              		.cfi_offset 3, -8
  36              		.cfi_offset 14, -4
  65:../../Middlewares/Third_Party/LwIP/src/api/netbuf.c ****   struct netbuf *buf;
  37              		.loc 1 65 3 view .LVU1
  66:../../Middlewares/Third_Party/LwIP/src/api/netbuf.c **** 
  67:../../Middlewares/Third_Party/LwIP/src/api/netbuf.c ****   buf = (struct netbuf *)memp_malloc(MEMP_NETBUF);
  38              		.loc 1 67 3 view .LVU2
  39              		.loc 1 67 26 is_stmt 0 view .LVU3
  40 0002 0320     		movs	r0, #3
  41 0004 FFF7FEFF 		bl	memp_malloc
  42              	.LVL0:
  68:../../Middlewares/Third_Party/LwIP/src/api/netbuf.c ****   if (buf != NULL) {
  43              		.loc 1 68 3 is_stmt 1 view .LVU4
  44              		.loc 1 68 6 is_stmt 0 view .LVU5
  45 0008 0346     		mov	r3, r0
  46 000a 20B1     		cbz	r0, .L1
  69:../../Middlewares/Third_Party/LwIP/src/api/netbuf.c ****     memset(buf, 0, sizeof(struct netbuf));
ARM GAS  /tmp/cc5nA4xx.s 			page 3


  47              		.loc 1 69 5 is_stmt 1 view .LVU6
  48 000c 0022     		movs	r2, #0
  49 000e 0260     		str	r2, [r0]	@ unaligned
  50 0010 4260     		str	r2, [r0, #4]	@ unaligned
  51 0012 8260     		str	r2, [r0, #8]	@ unaligned
  52 0014 C260     		str	r2, [r0, #12]	@ unaligned
  70:../../Middlewares/Third_Party/LwIP/src/api/netbuf.c ****   }
  71:../../Middlewares/Third_Party/LwIP/src/api/netbuf.c ****   return buf;
  53              		.loc 1 71 3 view .LVU7
  54              	.L1:
  72:../../Middlewares/Third_Party/LwIP/src/api/netbuf.c **** }
  55              		.loc 1 72 1 is_stmt 0 view .LVU8
  56 0016 1846     		mov	r0, r3
  57              	.LVL1:
  58              		.loc 1 72 1 view .LVU9
  59 0018 08BD     		pop	{r3, pc}
  60              		.loc 1 72 1 view .LVU10
  61              		.cfi_endproc
  62              	.LFE361:
  64              		.section	.text.netbuf_delete,"ax",%progbits
  65              		.align	1
  66              		.global	netbuf_delete
  67              		.syntax unified
  68              		.thumb
  69              		.thumb_func
  71              	netbuf_delete:
  72              	.LVL2:
  73              	.LFB362:
  73:../../Middlewares/Third_Party/LwIP/src/api/netbuf.c **** 
  74:../../Middlewares/Third_Party/LwIP/src/api/netbuf.c **** /**
  75:../../Middlewares/Third_Party/LwIP/src/api/netbuf.c ****  * @ingroup netbuf
  76:../../Middlewares/Third_Party/LwIP/src/api/netbuf.c ****  * Deallocate a netbuf allocated by netbuf_new().
  77:../../Middlewares/Third_Party/LwIP/src/api/netbuf.c ****  *
  78:../../Middlewares/Third_Party/LwIP/src/api/netbuf.c ****  * @param buf pointer to a netbuf allocated by netbuf_new()
  79:../../Middlewares/Third_Party/LwIP/src/api/netbuf.c ****  */
  80:../../Middlewares/Third_Party/LwIP/src/api/netbuf.c **** void
  81:../../Middlewares/Third_Party/LwIP/src/api/netbuf.c **** netbuf_delete(struct netbuf *buf)
  82:../../Middlewares/Third_Party/LwIP/src/api/netbuf.c **** {
  74              		.loc 1 82 1 is_stmt 1 view -0
  75              		.cfi_startproc
  76              		@ args = 0, pretend = 0, frame = 0
  77              		@ frame_needed = 0, uses_anonymous_args = 0
  83:../../Middlewares/Third_Party/LwIP/src/api/netbuf.c ****   if (buf != NULL) {
  78              		.loc 1 83 3 view .LVU12
  79              		.loc 1 83 6 is_stmt 0 view .LVU13
  80 0000 68B1     		cbz	r0, .L8
  82:../../Middlewares/Third_Party/LwIP/src/api/netbuf.c ****   if (buf != NULL) {
  81              		.loc 1 82 1 view .LVU14
  82 0002 10B5     		push	{r4, lr}
  83              	.LCFI1:
  84              		.cfi_def_cfa_offset 8
  85              		.cfi_offset 4, -8
  86              		.cfi_offset 14, -4
  87 0004 0446     		mov	r4, r0
  84:../../Middlewares/Third_Party/LwIP/src/api/netbuf.c ****     if (buf->p != NULL) {
  88              		.loc 1 84 5 is_stmt 1 view .LVU15
  89              		.loc 1 84 12 is_stmt 0 view .LVU16
ARM GAS  /tmp/cc5nA4xx.s 			page 4


  90 0006 0068     		ldr	r0, [r0]
  91              	.LVL3:
  92              		.loc 1 84 8 view .LVU17
  93 0008 20B1     		cbz	r0, .L6
  85:../../Middlewares/Third_Party/LwIP/src/api/netbuf.c ****       pbuf_free(buf->p);
  94              		.loc 1 85 7 is_stmt 1 view .LVU18
  95 000a FFF7FEFF 		bl	pbuf_free
  96              	.LVL4:
  86:../../Middlewares/Third_Party/LwIP/src/api/netbuf.c ****       buf->p = buf->ptr = NULL;
  97              		.loc 1 86 7 view .LVU19
  98              		.loc 1 86 25 is_stmt 0 view .LVU20
  99 000e 0023     		movs	r3, #0
 100 0010 6360     		str	r3, [r4, #4]
 101              		.loc 1 86 14 view .LVU21
 102 0012 2360     		str	r3, [r4]
 103              	.L6:
  87:../../Middlewares/Third_Party/LwIP/src/api/netbuf.c ****     }
  88:../../Middlewares/Third_Party/LwIP/src/api/netbuf.c ****     memp_free(MEMP_NETBUF, buf);
 104              		.loc 1 88 5 is_stmt 1 view .LVU22
 105 0014 2146     		mov	r1, r4
 106 0016 0320     		movs	r0, #3
 107 0018 FFF7FEFF 		bl	memp_free
 108              	.LVL5:
  89:../../Middlewares/Third_Party/LwIP/src/api/netbuf.c ****   }
  90:../../Middlewares/Third_Party/LwIP/src/api/netbuf.c **** }
 109              		.loc 1 90 1 is_stmt 0 view .LVU23
 110 001c 10BD     		pop	{r4, pc}
 111              	.LVL6:
 112              	.L8:
 113              	.LCFI2:
 114              		.cfi_def_cfa_offset 0
 115              		.cfi_restore 4
 116              		.cfi_restore 14
 117              		.loc 1 90 1 view .LVU24
 118 001e 7047     		bx	lr
 119              		.cfi_endproc
 120              	.LFE362:
 122              		.section	.rodata.netbuf_alloc.str1.4,"aMS",%progbits,1
 123              		.align	2
 124              	.LC0:
 125 0000 2E2E2F2E 		.ascii	"../../Middlewares/Third_Party/LwIP/src/api/netbuf.c"
 125      2E2F4D69 
 125      64646C65 
 125      77617265 
 125      732F5468 
 126 0033 00       		.ascii	"\000"
 127              		.align	2
 128              	.LC1:
 129 0034 6E657462 		.ascii	"netbuf_alloc: invalid buf\000"
 129      75665F61 
 129      6C6C6F63 
 129      3A20696E 
 129      76616C69 
 130 004e 0000     		.align	2
 131              	.LC2:
 132 0050 41737365 		.ascii	"Assertion \"%s\" failed at line %d in %s\012\000"
 132      7274696F 
ARM GAS  /tmp/cc5nA4xx.s 			page 5


 132      6E202225 
 132      73222066 
 132      61696C65 
 133              		.align	2
 134              	.LC3:
 135 0078 63686563 		.ascii	"check that first pbuf can hold size\000"
 135      6B207468 
 135      61742066 
 135      69727374 
 135      20706275 
 136              		.section	.text.netbuf_alloc,"ax",%progbits
 137              		.align	1
 138              		.global	netbuf_alloc
 139              		.syntax unified
 140              		.thumb
 141              		.thumb_func
 143              	netbuf_alloc:
 144              	.LVL7:
 145              	.LFB363:
  91:../../Middlewares/Third_Party/LwIP/src/api/netbuf.c **** 
  92:../../Middlewares/Third_Party/LwIP/src/api/netbuf.c **** /**
  93:../../Middlewares/Third_Party/LwIP/src/api/netbuf.c ****  * @ingroup netbuf
  94:../../Middlewares/Third_Party/LwIP/src/api/netbuf.c ****  * Allocate memory for a packet buffer for a given netbuf.
  95:../../Middlewares/Third_Party/LwIP/src/api/netbuf.c ****  *
  96:../../Middlewares/Third_Party/LwIP/src/api/netbuf.c ****  * @param buf the netbuf for which to allocate a packet buffer
  97:../../Middlewares/Third_Party/LwIP/src/api/netbuf.c ****  * @param size the size of the packet buffer to allocate
  98:../../Middlewares/Third_Party/LwIP/src/api/netbuf.c ****  * @return pointer to the allocated memory
  99:../../Middlewares/Third_Party/LwIP/src/api/netbuf.c ****  *         NULL if no memory could be allocated
 100:../../Middlewares/Third_Party/LwIP/src/api/netbuf.c ****  */
 101:../../Middlewares/Third_Party/LwIP/src/api/netbuf.c **** void *
 102:../../Middlewares/Third_Party/LwIP/src/api/netbuf.c **** netbuf_alloc(struct netbuf *buf, u16_t size)
 103:../../Middlewares/Third_Party/LwIP/src/api/netbuf.c **** {
 146              		.loc 1 103 1 is_stmt 1 view -0
 147              		.cfi_startproc
 148              		@ args = 0, pretend = 0, frame = 0
 149              		@ frame_needed = 0, uses_anonymous_args = 0
 150              		.loc 1 103 1 is_stmt 0 view .LVU26
 151 0000 38B5     		push	{r3, r4, r5, lr}
 152              	.LCFI3:
 153              		.cfi_def_cfa_offset 16
 154              		.cfi_offset 3, -16
 155              		.cfi_offset 4, -12
 156              		.cfi_offset 5, -8
 157              		.cfi_offset 14, -4
 104:../../Middlewares/Third_Party/LwIP/src/api/netbuf.c ****   LWIP_ERROR("netbuf_alloc: invalid buf", (buf != NULL), return NULL;);
 158              		.loc 1 104 3 is_stmt 1 view .LVU27
 159              		.loc 1 104 3 view .LVU28
 160 0002 0546     		mov	r5, r0
 161 0004 98B1     		cbz	r0, .L17
 162 0006 0C46     		mov	r4, r1
 163              		.loc 1 104 3 discriminator 2 view .LVU29
 164              		.loc 1 104 3 discriminator 2 view .LVU30
 105:../../Middlewares/Third_Party/LwIP/src/api/netbuf.c **** 
 106:../../Middlewares/Third_Party/LwIP/src/api/netbuf.c ****   /* Deallocate any previously allocated memory. */
 107:../../Middlewares/Third_Party/LwIP/src/api/netbuf.c ****   if (buf->p != NULL) {
 165              		.loc 1 107 3 view .LVU31
 166              		.loc 1 107 10 is_stmt 0 view .LVU32
ARM GAS  /tmp/cc5nA4xx.s 			page 6


 167 0008 0068     		ldr	r0, [r0]
 168              	.LVL8:
 169              		.loc 1 107 6 view .LVU33
 170 000a 08B1     		cbz	r0, .L14
 108:../../Middlewares/Third_Party/LwIP/src/api/netbuf.c ****     pbuf_free(buf->p);
 171              		.loc 1 108 5 is_stmt 1 view .LVU34
 172 000c FFF7FEFF 		bl	pbuf_free
 173              	.LVL9:
 174              	.L14:
 109:../../Middlewares/Third_Party/LwIP/src/api/netbuf.c ****   }
 110:../../Middlewares/Third_Party/LwIP/src/api/netbuf.c ****   buf->p = pbuf_alloc(PBUF_TRANSPORT, size, PBUF_RAM);
 175              		.loc 1 110 3 view .LVU35
 176              		.loc 1 110 12 is_stmt 0 view .LVU36
 177 0010 4FF42072 		mov	r2, #640
 178 0014 2146     		mov	r1, r4
 179 0016 3620     		movs	r0, #54
 180 0018 FFF7FEFF 		bl	pbuf_alloc
 181              	.LVL10:
 182              		.loc 1 110 10 discriminator 1 view .LVU37
 183 001c 2860     		str	r0, [r5]
 111:../../Middlewares/Third_Party/LwIP/src/api/netbuf.c ****   if (buf->p == NULL) {
 184              		.loc 1 111 3 is_stmt 1 view .LVU38
 185              		.loc 1 111 6 is_stmt 0 view .LVU39
 186 001e 28B1     		cbz	r0, .L11
 112:../../Middlewares/Third_Party/LwIP/src/api/netbuf.c ****     return NULL;
 113:../../Middlewares/Third_Party/LwIP/src/api/netbuf.c ****   }
 114:../../Middlewares/Third_Party/LwIP/src/api/netbuf.c ****   LWIP_ASSERT("check that first pbuf can hold size",
 187              		.loc 1 114 3 is_stmt 1 view .LVU40
 188              		.loc 1 114 3 view .LVU41
 189 0020 4389     		ldrh	r3, [r0, #10]
 190 0022 A342     		cmp	r3, r4
 191 0024 0BD3     		bcc	.L18
 192              	.L15:
 193              		.loc 1 114 3 discriminator 3 view .LVU42
 194              		.loc 1 114 3 discriminator 3 view .LVU43
 115:../../Middlewares/Third_Party/LwIP/src/api/netbuf.c ****               (buf->p->len >= size));
 116:../../Middlewares/Third_Party/LwIP/src/api/netbuf.c ****   buf->ptr = buf->p;
 195              		.loc 1 116 3 view .LVU44
 196              		.loc 1 116 17 is_stmt 0 view .LVU45
 197 0026 2B68     		ldr	r3, [r5]
 198              		.loc 1 116 12 view .LVU46
 199 0028 6B60     		str	r3, [r5, #4]
 117:../../Middlewares/Third_Party/LwIP/src/api/netbuf.c ****   return buf->p->payload;
 200              		.loc 1 117 3 is_stmt 1 view .LVU47
 201              		.loc 1 117 16 is_stmt 0 view .LVU48
 202 002a 5868     		ldr	r0, [r3, #4]
 203              	.LVL11:
 204              	.L11:
 118:../../Middlewares/Third_Party/LwIP/src/api/netbuf.c **** }
 205              		.loc 1 118 1 view .LVU49
 206 002c 38BD     		pop	{r3, r4, r5, pc}
 207              	.LVL12:
 208              	.L17:
 104:../../Middlewares/Third_Party/LwIP/src/api/netbuf.c **** 
 209              		.loc 1 104 3 is_stmt 1 discriminator 1 view .LVU50
 104:../../Middlewares/Third_Party/LwIP/src/api/netbuf.c **** 
 210              		.loc 1 104 3 discriminator 1 view .LVU51
ARM GAS  /tmp/cc5nA4xx.s 			page 7


 211 002e 074B     		ldr	r3, .L19
 212 0030 6822     		movs	r2, #104
 213 0032 0749     		ldr	r1, .L19+4
 214              	.LVL13:
 104:../../Middlewares/Third_Party/LwIP/src/api/netbuf.c **** 
 215              		.loc 1 104 3 is_stmt 0 discriminator 1 view .LVU52
 216 0034 0748     		ldr	r0, .L19+8
 217              	.LVL14:
 104:../../Middlewares/Third_Party/LwIP/src/api/netbuf.c **** 
 218              		.loc 1 104 3 discriminator 1 view .LVU53
 219 0036 FFF7FEFF 		bl	printf
 220              	.LVL15:
 104:../../Middlewares/Third_Party/LwIP/src/api/netbuf.c **** 
 221              		.loc 1 104 3 is_stmt 1 discriminator 1 view .LVU54
 104:../../Middlewares/Third_Party/LwIP/src/api/netbuf.c **** 
 222              		.loc 1 104 3 discriminator 1 view .LVU55
 223 003a 2846     		mov	r0, r5
 104:../../Middlewares/Third_Party/LwIP/src/api/netbuf.c **** 
 224              		.loc 1 104 3 is_stmt 0 view .LVU56
 225 003c F6E7     		b	.L11
 226              	.L18:
 114:../../Middlewares/Third_Party/LwIP/src/api/netbuf.c ****               (buf->p->len >= size));
 227              		.loc 1 114 3 is_stmt 1 discriminator 1 view .LVU57
 114:../../Middlewares/Third_Party/LwIP/src/api/netbuf.c ****               (buf->p->len >= size));
 228              		.loc 1 114 3 discriminator 1 view .LVU58
 229 003e 034B     		ldr	r3, .L19
 230 0040 7222     		movs	r2, #114
 231 0042 0549     		ldr	r1, .L19+12
 232 0044 0348     		ldr	r0, .L19+8
 233 0046 FFF7FEFF 		bl	printf
 234              	.LVL16:
 235 004a ECE7     		b	.L15
 236              	.L20:
 237              		.align	2
 238              	.L19:
 239 004c 00000000 		.word	.LC0
 240 0050 34000000 		.word	.LC1
 241 0054 50000000 		.word	.LC2
 242 0058 78000000 		.word	.LC3
 243              		.cfi_endproc
 244              	.LFE363:
 246              		.section	.rodata.netbuf_free.str1.4,"aMS",%progbits,1
 247              		.align	2
 248              	.LC4:
 249 0000 6E657462 		.ascii	"netbuf_free: invalid buf\000"
 249      75665F66 
 249      7265653A 
 249      20696E76 
 249      616C6964 
 250              		.section	.text.netbuf_free,"ax",%progbits
 251              		.align	1
 252              		.global	netbuf_free
 253              		.syntax unified
 254              		.thumb
 255              		.thumb_func
 257              	netbuf_free:
 258              	.LVL17:
ARM GAS  /tmp/cc5nA4xx.s 			page 8


 259              	.LFB364:
 119:../../Middlewares/Third_Party/LwIP/src/api/netbuf.c **** 
 120:../../Middlewares/Third_Party/LwIP/src/api/netbuf.c **** /**
 121:../../Middlewares/Third_Party/LwIP/src/api/netbuf.c ****  * @ingroup netbuf
 122:../../Middlewares/Third_Party/LwIP/src/api/netbuf.c ****  * Free the packet buffer included in a netbuf
 123:../../Middlewares/Third_Party/LwIP/src/api/netbuf.c ****  *
 124:../../Middlewares/Third_Party/LwIP/src/api/netbuf.c ****  * @param buf pointer to the netbuf which contains the packet buffer to free
 125:../../Middlewares/Third_Party/LwIP/src/api/netbuf.c ****  */
 126:../../Middlewares/Third_Party/LwIP/src/api/netbuf.c **** void
 127:../../Middlewares/Third_Party/LwIP/src/api/netbuf.c **** netbuf_free(struct netbuf *buf)
 128:../../Middlewares/Third_Party/LwIP/src/api/netbuf.c **** {
 260              		.loc 1 128 1 view -0
 261              		.cfi_startproc
 262              		@ args = 0, pretend = 0, frame = 0
 263              		@ frame_needed = 0, uses_anonymous_args = 0
 264              		.loc 1 128 1 is_stmt 0 view .LVU60
 265 0000 10B5     		push	{r4, lr}
 266              	.LCFI4:
 267              		.cfi_def_cfa_offset 8
 268              		.cfi_offset 4, -8
 269              		.cfi_offset 14, -4
 129:../../Middlewares/Third_Party/LwIP/src/api/netbuf.c ****   LWIP_ERROR("netbuf_free: invalid buf", (buf != NULL), return;);
 270              		.loc 1 129 3 is_stmt 1 view .LVU61
 271              		.loc 1 129 3 view .LVU62
 272 0002 40B1     		cbz	r0, .L26
 273 0004 0446     		mov	r4, r0
 274              		.loc 1 129 3 discriminator 2 view .LVU63
 275              		.loc 1 129 3 discriminator 2 view .LVU64
 130:../../Middlewares/Third_Party/LwIP/src/api/netbuf.c ****   if (buf->p != NULL) {
 276              		.loc 1 130 3 view .LVU65
 277              		.loc 1 130 10 is_stmt 0 view .LVU66
 278 0006 0068     		ldr	r0, [r0]
 279              	.LVL18:
 280              		.loc 1 130 6 view .LVU67
 281 0008 08B1     		cbz	r0, .L24
 131:../../Middlewares/Third_Party/LwIP/src/api/netbuf.c ****     pbuf_free(buf->p);
 282              		.loc 1 131 5 is_stmt 1 view .LVU68
 283 000a FFF7FEFF 		bl	pbuf_free
 284              	.LVL19:
 285              	.L24:
 132:../../Middlewares/Third_Party/LwIP/src/api/netbuf.c ****   }
 133:../../Middlewares/Third_Party/LwIP/src/api/netbuf.c ****   buf->p = buf->ptr = NULL;
 286              		.loc 1 133 3 view .LVU69
 287              		.loc 1 133 21 is_stmt 0 view .LVU70
 288 000e 0023     		movs	r3, #0
 289 0010 6360     		str	r3, [r4, #4]
 290              		.loc 1 133 10 view .LVU71
 291 0012 2360     		str	r3, [r4]
 292              	.LVL20:
 293              	.L21:
 134:../../Middlewares/Third_Party/LwIP/src/api/netbuf.c **** #if LWIP_CHECKSUM_ON_COPY
 135:../../Middlewares/Third_Party/LwIP/src/api/netbuf.c ****   buf->flags = 0;
 136:../../Middlewares/Third_Party/LwIP/src/api/netbuf.c ****   buf->toport_chksum = 0;
 137:../../Middlewares/Third_Party/LwIP/src/api/netbuf.c **** #endif /* LWIP_CHECKSUM_ON_COPY */
 138:../../Middlewares/Third_Party/LwIP/src/api/netbuf.c **** }
 294              		.loc 1 138 1 view .LVU72
 295 0014 10BD     		pop	{r4, pc}
ARM GAS  /tmp/cc5nA4xx.s 			page 9


 296              	.LVL21:
 297              	.L26:
 129:../../Middlewares/Third_Party/LwIP/src/api/netbuf.c ****   if (buf->p != NULL) {
 298              		.loc 1 129 3 is_stmt 1 discriminator 1 view .LVU73
 129:../../Middlewares/Third_Party/LwIP/src/api/netbuf.c ****   if (buf->p != NULL) {
 299              		.loc 1 129 3 discriminator 1 view .LVU74
 300 0016 034B     		ldr	r3, .L27
 301 0018 8122     		movs	r2, #129
 302 001a 0349     		ldr	r1, .L27+4
 303 001c 0348     		ldr	r0, .L27+8
 304              	.LVL22:
 129:../../Middlewares/Third_Party/LwIP/src/api/netbuf.c ****   if (buf->p != NULL) {
 305              		.loc 1 129 3 is_stmt 0 discriminator 1 view .LVU75
 306 001e FFF7FEFF 		bl	printf
 307              	.LVL23:
 129:../../Middlewares/Third_Party/LwIP/src/api/netbuf.c ****   if (buf->p != NULL) {
 308              		.loc 1 129 3 is_stmt 1 discriminator 1 view .LVU76
 129:../../Middlewares/Third_Party/LwIP/src/api/netbuf.c ****   if (buf->p != NULL) {
 309              		.loc 1 129 3 discriminator 1 view .LVU77
 129:../../Middlewares/Third_Party/LwIP/src/api/netbuf.c ****   if (buf->p != NULL) {
 310              		.loc 1 129 3 is_stmt 0 view .LVU78
 311 0022 F7E7     		b	.L21
 312              	.L28:
 313              		.align	2
 314              	.L27:
 315 0024 00000000 		.word	.LC0
 316 0028 00000000 		.word	.LC4
 317 002c 50000000 		.word	.LC2
 318              		.cfi_endproc
 319              	.LFE364:
 321              		.section	.rodata.netbuf_ref.str1.4,"aMS",%progbits,1
 322              		.align	2
 323              	.LC5:
 324 0000 6E657462 		.ascii	"netbuf_ref: invalid buf\000"
 324      75665F72 
 324      65663A20 
 324      696E7661 
 324      6C696420 
 325              		.section	.text.netbuf_ref,"ax",%progbits
 326              		.align	1
 327              		.global	netbuf_ref
 328              		.syntax unified
 329              		.thumb
 330              		.thumb_func
 332              	netbuf_ref:
 333              	.LVL24:
 334              	.LFB365:
 139:../../Middlewares/Third_Party/LwIP/src/api/netbuf.c **** 
 140:../../Middlewares/Third_Party/LwIP/src/api/netbuf.c **** /**
 141:../../Middlewares/Third_Party/LwIP/src/api/netbuf.c ****  * @ingroup netbuf
 142:../../Middlewares/Third_Party/LwIP/src/api/netbuf.c ****  * Let a netbuf reference existing (non-volatile) data.
 143:../../Middlewares/Third_Party/LwIP/src/api/netbuf.c ****  *
 144:../../Middlewares/Third_Party/LwIP/src/api/netbuf.c ****  * @param buf netbuf which should reference the data
 145:../../Middlewares/Third_Party/LwIP/src/api/netbuf.c ****  * @param dataptr pointer to the data to reference
 146:../../Middlewares/Third_Party/LwIP/src/api/netbuf.c ****  * @param size size of the data
 147:../../Middlewares/Third_Party/LwIP/src/api/netbuf.c ****  * @return ERR_OK if data is referenced
 148:../../Middlewares/Third_Party/LwIP/src/api/netbuf.c ****  *         ERR_MEM if data couldn't be referenced due to lack of memory
ARM GAS  /tmp/cc5nA4xx.s 			page 10


 149:../../Middlewares/Third_Party/LwIP/src/api/netbuf.c ****  */
 150:../../Middlewares/Third_Party/LwIP/src/api/netbuf.c **** err_t
 151:../../Middlewares/Third_Party/LwIP/src/api/netbuf.c **** netbuf_ref(struct netbuf *buf, const void *dataptr, u16_t size)
 152:../../Middlewares/Third_Party/LwIP/src/api/netbuf.c **** {
 335              		.loc 1 152 1 is_stmt 1 view -0
 336              		.cfi_startproc
 337              		@ args = 0, pretend = 0, frame = 0
 338              		@ frame_needed = 0, uses_anonymous_args = 0
 339              		.loc 1 152 1 is_stmt 0 view .LVU80
 340 0000 70B5     		push	{r4, r5, r6, lr}
 341              	.LCFI5:
 342              		.cfi_def_cfa_offset 16
 343              		.cfi_offset 4, -16
 344              		.cfi_offset 5, -12
 345              		.cfi_offset 6, -8
 346              		.cfi_offset 14, -4
 153:../../Middlewares/Third_Party/LwIP/src/api/netbuf.c ****   LWIP_ERROR("netbuf_ref: invalid buf", (buf != NULL), return ERR_ARG;);
 347              		.loc 1 153 3 is_stmt 1 view .LVU81
 348              		.loc 1 153 3 view .LVU82
 349 0002 B0B1     		cbz	r0, .L35
 350 0004 0E46     		mov	r6, r1
 351 0006 1546     		mov	r5, r2
 352 0008 0446     		mov	r4, r0
 353              		.loc 1 153 3 discriminator 2 view .LVU83
 354              		.loc 1 153 3 discriminator 2 view .LVU84
 154:../../Middlewares/Third_Party/LwIP/src/api/netbuf.c ****   if (buf->p != NULL) {
 355              		.loc 1 154 3 view .LVU85
 356              		.loc 1 154 10 is_stmt 0 view .LVU86
 357 000a 0068     		ldr	r0, [r0]
 358              	.LVL25:
 359              		.loc 1 154 6 view .LVU87
 360 000c 08B1     		cbz	r0, .L32
 155:../../Middlewares/Third_Party/LwIP/src/api/netbuf.c ****     pbuf_free(buf->p);
 361              		.loc 1 155 5 is_stmt 1 view .LVU88
 362 000e FFF7FEFF 		bl	pbuf_free
 363              	.LVL26:
 364              	.L32:
 156:../../Middlewares/Third_Party/LwIP/src/api/netbuf.c ****   }
 157:../../Middlewares/Third_Party/LwIP/src/api/netbuf.c ****   buf->p = pbuf_alloc(PBUF_TRANSPORT, 0, PBUF_REF);
 365              		.loc 1 157 3 view .LVU89
 366              		.loc 1 157 12 is_stmt 0 view .LVU90
 367 0012 4122     		movs	r2, #65
 368 0014 0021     		movs	r1, #0
 369 0016 3620     		movs	r0, #54
 370 0018 FFF7FEFF 		bl	pbuf_alloc
 371              	.LVL27:
 372              		.loc 1 157 10 discriminator 1 view .LVU91
 373 001c 2060     		str	r0, [r4]
 158:../../Middlewares/Third_Party/LwIP/src/api/netbuf.c ****   if (buf->p == NULL) {
 374              		.loc 1 158 3 is_stmt 1 view .LVU92
 375              		.loc 1 158 6 is_stmt 0 view .LVU93
 376 001e 88B1     		cbz	r0, .L36
 159:../../Middlewares/Third_Party/LwIP/src/api/netbuf.c ****     buf->ptr = NULL;
 160:../../Middlewares/Third_Party/LwIP/src/api/netbuf.c ****     return ERR_MEM;
 161:../../Middlewares/Third_Party/LwIP/src/api/netbuf.c ****   }
 162:../../Middlewares/Third_Party/LwIP/src/api/netbuf.c ****   ((struct pbuf_rom *)buf->p)->payload = dataptr;
 377              		.loc 1 162 3 is_stmt 1 view .LVU94
ARM GAS  /tmp/cc5nA4xx.s 			page 11


 378              		.loc 1 162 40 is_stmt 0 view .LVU95
 379 0020 4660     		str	r6, [r0, #4]
 163:../../Middlewares/Third_Party/LwIP/src/api/netbuf.c ****   buf->p->len = buf->p->tot_len = size;
 380              		.loc 1 163 3 is_stmt 1 view .LVU96
 381              		.loc 1 163 20 is_stmt 0 view .LVU97
 382 0022 2368     		ldr	r3, [r4]
 383              		.loc 1 163 33 view .LVU98
 384 0024 1D81     		strh	r5, [r3, #8]	@ movhi
 385              		.loc 1 163 6 view .LVU99
 386 0026 2368     		ldr	r3, [r4]
 387              		.loc 1 163 15 view .LVU100
 388 0028 5D81     		strh	r5, [r3, #10]	@ movhi
 164:../../Middlewares/Third_Party/LwIP/src/api/netbuf.c ****   buf->ptr = buf->p;
 389              		.loc 1 164 3 is_stmt 1 view .LVU101
 390              		.loc 1 164 17 is_stmt 0 view .LVU102
 391 002a 2368     		ldr	r3, [r4]
 392              		.loc 1 164 12 view .LVU103
 393 002c 6360     		str	r3, [r4, #4]
 165:../../Middlewares/Third_Party/LwIP/src/api/netbuf.c ****   return ERR_OK;
 394              		.loc 1 165 3 is_stmt 1 view .LVU104
 395              		.loc 1 165 10 is_stmt 0 view .LVU105
 396 002e 0020     		movs	r0, #0
 397              	.LVL28:
 398              	.L31:
 166:../../Middlewares/Third_Party/LwIP/src/api/netbuf.c **** }
 399              		.loc 1 166 1 view .LVU106
 400 0030 70BD     		pop	{r4, r5, r6, pc}
 401              	.LVL29:
 402              	.L35:
 153:../../Middlewares/Third_Party/LwIP/src/api/netbuf.c ****   if (buf->p != NULL) {
 403              		.loc 1 153 3 is_stmt 1 discriminator 1 view .LVU107
 153:../../Middlewares/Third_Party/LwIP/src/api/netbuf.c ****   if (buf->p != NULL) {
 404              		.loc 1 153 3 discriminator 1 view .LVU108
 405 0032 074B     		ldr	r3, .L37
 406 0034 9922     		movs	r2, #153
 407              	.LVL30:
 153:../../Middlewares/Third_Party/LwIP/src/api/netbuf.c ****   if (buf->p != NULL) {
 408              		.loc 1 153 3 is_stmt 0 discriminator 1 view .LVU109
 409 0036 0749     		ldr	r1, .L37+4
 410              	.LVL31:
 153:../../Middlewares/Third_Party/LwIP/src/api/netbuf.c ****   if (buf->p != NULL) {
 411              		.loc 1 153 3 discriminator 1 view .LVU110
 412 0038 0748     		ldr	r0, .L37+8
 413              	.LVL32:
 153:../../Middlewares/Third_Party/LwIP/src/api/netbuf.c ****   if (buf->p != NULL) {
 414              		.loc 1 153 3 discriminator 1 view .LVU111
 415 003a FFF7FEFF 		bl	printf
 416              	.LVL33:
 153:../../Middlewares/Third_Party/LwIP/src/api/netbuf.c ****   if (buf->p != NULL) {
 417              		.loc 1 153 3 is_stmt 1 discriminator 1 view .LVU112
 153:../../Middlewares/Third_Party/LwIP/src/api/netbuf.c ****   if (buf->p != NULL) {
 418              		.loc 1 153 3 discriminator 1 view .LVU113
 419 003e 6FF00F00 		mvn	r0, #15
 153:../../Middlewares/Third_Party/LwIP/src/api/netbuf.c ****   if (buf->p != NULL) {
 420              		.loc 1 153 3 is_stmt 0 view .LVU114
 421 0042 F5E7     		b	.L31
 422              	.LVL34:
ARM GAS  /tmp/cc5nA4xx.s 			page 12


 423              	.L36:
 159:../../Middlewares/Third_Party/LwIP/src/api/netbuf.c ****     return ERR_MEM;
 424              		.loc 1 159 5 is_stmt 1 view .LVU115
 159:../../Middlewares/Third_Party/LwIP/src/api/netbuf.c ****     return ERR_MEM;
 425              		.loc 1 159 14 is_stmt 0 view .LVU116
 426 0044 0023     		movs	r3, #0
 427 0046 6360     		str	r3, [r4, #4]
 160:../../Middlewares/Third_Party/LwIP/src/api/netbuf.c ****   }
 428              		.loc 1 160 5 is_stmt 1 view .LVU117
 160:../../Middlewares/Third_Party/LwIP/src/api/netbuf.c ****   }
 429              		.loc 1 160 12 is_stmt 0 view .LVU118
 430 0048 4FF0FF30 		mov	r0, #-1
 431 004c F0E7     		b	.L31
 432              	.L38:
 433 004e 00BF     		.align	2
 434              	.L37:
 435 0050 00000000 		.word	.LC0
 436 0054 00000000 		.word	.LC5
 437 0058 50000000 		.word	.LC2
 438              		.cfi_endproc
 439              	.LFE365:
 441              		.section	.rodata.netbuf_chain.str1.4,"aMS",%progbits,1
 442              		.align	2
 443              	.LC6:
 444 0000 6E657462 		.ascii	"netbuf_chain: invalid head\000"
 444      75665F63 
 444      6861696E 
 444      3A20696E 
 444      76616C69 
 445 001b 00       		.align	2
 446              	.LC7:
 447 001c 6E657462 		.ascii	"netbuf_chain: invalid tail\000"
 447      75665F63 
 447      6861696E 
 447      3A20696E 
 447      76616C69 
 448              		.section	.text.netbuf_chain,"ax",%progbits
 449              		.align	1
 450              		.global	netbuf_chain
 451              		.syntax unified
 452              		.thumb
 453              		.thumb_func
 455              	netbuf_chain:
 456              	.LVL35:
 457              	.LFB366:
 167:../../Middlewares/Third_Party/LwIP/src/api/netbuf.c **** 
 168:../../Middlewares/Third_Party/LwIP/src/api/netbuf.c **** /**
 169:../../Middlewares/Third_Party/LwIP/src/api/netbuf.c ****  * @ingroup netbuf
 170:../../Middlewares/Third_Party/LwIP/src/api/netbuf.c ****  * Chain one netbuf to another (@see pbuf_chain)
 171:../../Middlewares/Third_Party/LwIP/src/api/netbuf.c ****  *
 172:../../Middlewares/Third_Party/LwIP/src/api/netbuf.c ****  * @param head the first netbuf
 173:../../Middlewares/Third_Party/LwIP/src/api/netbuf.c ****  * @param tail netbuf to chain after head, freed by this function, may not be reference after retur
 174:../../Middlewares/Third_Party/LwIP/src/api/netbuf.c ****  */
 175:../../Middlewares/Third_Party/LwIP/src/api/netbuf.c **** void
 176:../../Middlewares/Third_Party/LwIP/src/api/netbuf.c **** netbuf_chain(struct netbuf *head, struct netbuf *tail)
 177:../../Middlewares/Third_Party/LwIP/src/api/netbuf.c **** {
 458              		.loc 1 177 1 is_stmt 1 view -0
ARM GAS  /tmp/cc5nA4xx.s 			page 13


 459              		.cfi_startproc
 460              		@ args = 0, pretend = 0, frame = 0
 461              		@ frame_needed = 0, uses_anonymous_args = 0
 462              		.loc 1 177 1 is_stmt 0 view .LVU120
 463 0000 38B5     		push	{r3, r4, r5, lr}
 464              	.LCFI6:
 465              		.cfi_def_cfa_offset 16
 466              		.cfi_offset 3, -16
 467              		.cfi_offset 4, -12
 468              		.cfi_offset 5, -8
 469              		.cfi_offset 14, -4
 178:../../Middlewares/Third_Party/LwIP/src/api/netbuf.c ****   LWIP_ERROR("netbuf_chain: invalid head", (head != NULL), return;);
 470              		.loc 1 178 3 is_stmt 1 view .LVU121
 471              		.loc 1 178 3 view .LVU122
 472 0002 68B1     		cbz	r0, .L44
 473 0004 0C46     		mov	r4, r1
 474 0006 0546     		mov	r5, r0
 475              		.loc 1 178 3 discriminator 2 view .LVU123
 476              		.loc 1 178 3 discriminator 2 view .LVU124
 179:../../Middlewares/Third_Party/LwIP/src/api/netbuf.c ****   LWIP_ERROR("netbuf_chain: invalid tail", (tail != NULL), return;);
 477              		.loc 1 179 3 view .LVU125
 478              		.loc 1 179 3 view .LVU126
 479 0008 89B1     		cbz	r1, .L45
 480              		.loc 1 179 3 discriminator 2 view .LVU127
 481              		.loc 1 179 3 discriminator 2 view .LVU128
 180:../../Middlewares/Third_Party/LwIP/src/api/netbuf.c ****   pbuf_cat(head->p, tail->p);
 482              		.loc 1 180 3 view .LVU129
 483 000a 0968     		ldr	r1, [r1]
 484              	.LVL36:
 485              		.loc 1 180 3 is_stmt 0 view .LVU130
 486 000c 0068     		ldr	r0, [r0]
 487              	.LVL37:
 488              		.loc 1 180 3 view .LVU131
 489 000e FFF7FEFF 		bl	pbuf_cat
 490              	.LVL38:
 181:../../Middlewares/Third_Party/LwIP/src/api/netbuf.c ****   head->ptr = head->p;
 491              		.loc 1 181 3 is_stmt 1 view .LVU132
 492              		.loc 1 181 19 is_stmt 0 view .LVU133
 493 0012 2B68     		ldr	r3, [r5]
 494              		.loc 1 181 13 view .LVU134
 495 0014 6B60     		str	r3, [r5, #4]
 182:../../Middlewares/Third_Party/LwIP/src/api/netbuf.c ****   memp_free(MEMP_NETBUF, tail);
 496              		.loc 1 182 3 is_stmt 1 view .LVU135
 497 0016 2146     		mov	r1, r4
 498 0018 0320     		movs	r0, #3
 499 001a FFF7FEFF 		bl	memp_free
 500              	.LVL39:
 501              	.L39:
 183:../../Middlewares/Third_Party/LwIP/src/api/netbuf.c **** }
 502              		.loc 1 183 1 is_stmt 0 view .LVU136
 503 001e 38BD     		pop	{r3, r4, r5, pc}
 504              	.LVL40:
 505              	.L44:
 178:../../Middlewares/Third_Party/LwIP/src/api/netbuf.c ****   LWIP_ERROR("netbuf_chain: invalid tail", (tail != NULL), return;);
 506              		.loc 1 178 3 is_stmt 1 discriminator 1 view .LVU137
 178:../../Middlewares/Third_Party/LwIP/src/api/netbuf.c ****   LWIP_ERROR("netbuf_chain: invalid tail", (tail != NULL), return;);
 507              		.loc 1 178 3 discriminator 1 view .LVU138
ARM GAS  /tmp/cc5nA4xx.s 			page 14


 508 0020 064B     		ldr	r3, .L46
 509 0022 B222     		movs	r2, #178
 510 0024 0649     		ldr	r1, .L46+4
 511              	.LVL41:
 178:../../Middlewares/Third_Party/LwIP/src/api/netbuf.c ****   LWIP_ERROR("netbuf_chain: invalid tail", (tail != NULL), return;);
 512              		.loc 1 178 3 is_stmt 0 discriminator 1 view .LVU139
 513 0026 0748     		ldr	r0, .L46+8
 514              	.LVL42:
 178:../../Middlewares/Third_Party/LwIP/src/api/netbuf.c ****   LWIP_ERROR("netbuf_chain: invalid tail", (tail != NULL), return;);
 515              		.loc 1 178 3 discriminator 1 view .LVU140
 516 0028 FFF7FEFF 		bl	printf
 517              	.LVL43:
 178:../../Middlewares/Third_Party/LwIP/src/api/netbuf.c ****   LWIP_ERROR("netbuf_chain: invalid tail", (tail != NULL), return;);
 518              		.loc 1 178 3 is_stmt 1 discriminator 1 view .LVU141
 178:../../Middlewares/Third_Party/LwIP/src/api/netbuf.c ****   LWIP_ERROR("netbuf_chain: invalid tail", (tail != NULL), return;);
 519              		.loc 1 178 3 discriminator 1 view .LVU142
 178:../../Middlewares/Third_Party/LwIP/src/api/netbuf.c ****   LWIP_ERROR("netbuf_chain: invalid tail", (tail != NULL), return;);
 520              		.loc 1 178 3 is_stmt 0 view .LVU143
 521 002c F7E7     		b	.L39
 522              	.LVL44:
 523              	.L45:
 179:../../Middlewares/Third_Party/LwIP/src/api/netbuf.c ****   pbuf_cat(head->p, tail->p);
 524              		.loc 1 179 3 is_stmt 1 discriminator 1 view .LVU144
 179:../../Middlewares/Third_Party/LwIP/src/api/netbuf.c ****   pbuf_cat(head->p, tail->p);
 525              		.loc 1 179 3 discriminator 1 view .LVU145
 526 002e 034B     		ldr	r3, .L46
 527 0030 B322     		movs	r2, #179
 528 0032 0549     		ldr	r1, .L46+12
 529              	.LVL45:
 179:../../Middlewares/Third_Party/LwIP/src/api/netbuf.c ****   pbuf_cat(head->p, tail->p);
 530              		.loc 1 179 3 is_stmt 0 discriminator 1 view .LVU146
 531 0034 0348     		ldr	r0, .L46+8
 532              	.LVL46:
 179:../../Middlewares/Third_Party/LwIP/src/api/netbuf.c ****   pbuf_cat(head->p, tail->p);
 533              		.loc 1 179 3 discriminator 1 view .LVU147
 534 0036 FFF7FEFF 		bl	printf
 535              	.LVL47:
 179:../../Middlewares/Third_Party/LwIP/src/api/netbuf.c ****   pbuf_cat(head->p, tail->p);
 536              		.loc 1 179 3 is_stmt 1 discriminator 1 view .LVU148
 179:../../Middlewares/Third_Party/LwIP/src/api/netbuf.c ****   pbuf_cat(head->p, tail->p);
 537              		.loc 1 179 3 discriminator 1 view .LVU149
 179:../../Middlewares/Third_Party/LwIP/src/api/netbuf.c ****   pbuf_cat(head->p, tail->p);
 538              		.loc 1 179 3 is_stmt 0 view .LVU150
 539 003a F0E7     		b	.L39
 540              	.L47:
 541              		.align	2
 542              	.L46:
 543 003c 00000000 		.word	.LC0
 544 0040 00000000 		.word	.LC6
 545 0044 50000000 		.word	.LC2
 546 0048 1C000000 		.word	.LC7
 547              		.cfi_endproc
 548              	.LFE366:
 550              		.section	.rodata.netbuf_data.str1.4,"aMS",%progbits,1
 551              		.align	2
 552              	.LC8:
 553 0000 6E657462 		.ascii	"netbuf_data: invalid buf\000"
ARM GAS  /tmp/cc5nA4xx.s 			page 15


 553      75665F64 
 553      6174613A 
 553      20696E76 
 553      616C6964 
 554 0019 000000   		.align	2
 555              	.LC9:
 556 001c 6E657462 		.ascii	"netbuf_data: invalid dataptr\000"
 556      75665F64 
 556      6174613A 
 556      20696E76 
 556      616C6964 
 557 0039 000000   		.align	2
 558              	.LC10:
 559 003c 6E657462 		.ascii	"netbuf_data: invalid len\000"
 559      75665F64 
 559      6174613A 
 559      20696E76 
 559      616C6964 
 560              		.section	.text.netbuf_data,"ax",%progbits
 561              		.align	1
 562              		.global	netbuf_data
 563              		.syntax unified
 564              		.thumb
 565              		.thumb_func
 567              	netbuf_data:
 568              	.LVL48:
 569              	.LFB367:
 184:../../Middlewares/Third_Party/LwIP/src/api/netbuf.c **** 
 185:../../Middlewares/Third_Party/LwIP/src/api/netbuf.c **** /**
 186:../../Middlewares/Third_Party/LwIP/src/api/netbuf.c ****  * @ingroup netbuf
 187:../../Middlewares/Third_Party/LwIP/src/api/netbuf.c ****  * Get the data pointer and length of the data inside a netbuf.
 188:../../Middlewares/Third_Party/LwIP/src/api/netbuf.c ****  *
 189:../../Middlewares/Third_Party/LwIP/src/api/netbuf.c ****  * @param buf netbuf to get the data from
 190:../../Middlewares/Third_Party/LwIP/src/api/netbuf.c ****  * @param dataptr pointer to a void pointer where to store the data pointer
 191:../../Middlewares/Third_Party/LwIP/src/api/netbuf.c ****  * @param len pointer to an u16_t where the length of the data is stored
 192:../../Middlewares/Third_Party/LwIP/src/api/netbuf.c ****  * @return ERR_OK if the information was retrieved,
 193:../../Middlewares/Third_Party/LwIP/src/api/netbuf.c ****  *         ERR_BUF on error.
 194:../../Middlewares/Third_Party/LwIP/src/api/netbuf.c ****  */
 195:../../Middlewares/Third_Party/LwIP/src/api/netbuf.c **** err_t
 196:../../Middlewares/Third_Party/LwIP/src/api/netbuf.c **** netbuf_data(struct netbuf *buf, void **dataptr, u16_t *len)
 197:../../Middlewares/Third_Party/LwIP/src/api/netbuf.c **** {
 570              		.loc 1 197 1 is_stmt 1 view -0
 571              		.cfi_startproc
 572              		@ args = 0, pretend = 0, frame = 0
 573              		@ frame_needed = 0, uses_anonymous_args = 0
 574              		.loc 1 197 1 is_stmt 0 view .LVU152
 575 0000 08B5     		push	{r3, lr}
 576              	.LCFI7:
 577              		.cfi_def_cfa_offset 8
 578              		.cfi_offset 3, -8
 579              		.cfi_offset 14, -4
 198:../../Middlewares/Third_Party/LwIP/src/api/netbuf.c ****   LWIP_ERROR("netbuf_data: invalid buf", (buf != NULL), return ERR_ARG;);
 580              		.loc 1 198 3 is_stmt 1 view .LVU153
 581              		.loc 1 198 3 view .LVU154
 582 0002 58B1     		cbz	r0, .L55
 583 0004 0346     		mov	r3, r0
 584              		.loc 1 198 3 discriminator 2 view .LVU155
ARM GAS  /tmp/cc5nA4xx.s 			page 16


 585              		.loc 1 198 3 discriminator 2 view .LVU156
 199:../../Middlewares/Third_Party/LwIP/src/api/netbuf.c ****   LWIP_ERROR("netbuf_data: invalid dataptr", (dataptr != NULL), return ERR_ARG;);
 586              		.loc 1 199 3 view .LVU157
 587              		.loc 1 199 3 view .LVU158
 588 0006 91B1     		cbz	r1, .L56
 589              		.loc 1 199 3 discriminator 2 view .LVU159
 590              		.loc 1 199 3 discriminator 2 view .LVU160
 200:../../Middlewares/Third_Party/LwIP/src/api/netbuf.c ****   LWIP_ERROR("netbuf_data: invalid len", (len != NULL), return ERR_ARG;);
 591              		.loc 1 200 3 view .LVU161
 592              		.loc 1 200 3 view .LVU162
 593 0008 D2B1     		cbz	r2, .L57
 594              		.loc 1 200 3 discriminator 2 view .LVU163
 595              		.loc 1 200 3 discriminator 2 view .LVU164
 201:../../Middlewares/Third_Party/LwIP/src/api/netbuf.c **** 
 202:../../Middlewares/Third_Party/LwIP/src/api/netbuf.c ****   if (buf->ptr == NULL) {
 596              		.loc 1 202 3 view .LVU165
 597              		.loc 1 202 10 is_stmt 0 view .LVU166
 598 000a 4068     		ldr	r0, [r0, #4]
 599              	.LVL49:
 600              		.loc 1 202 6 view .LVU167
 601 000c 08B3     		cbz	r0, .L53
 203:../../Middlewares/Third_Party/LwIP/src/api/netbuf.c ****     return ERR_BUF;
 204:../../Middlewares/Third_Party/LwIP/src/api/netbuf.c ****   }
 205:../../Middlewares/Third_Party/LwIP/src/api/netbuf.c ****   *dataptr = buf->ptr->payload;
 602              		.loc 1 205 3 is_stmt 1 view .LVU168
 603              		.loc 1 205 22 is_stmt 0 view .LVU169
 604 000e 4068     		ldr	r0, [r0, #4]
 605              		.loc 1 205 12 view .LVU170
 606 0010 0860     		str	r0, [r1]
 206:../../Middlewares/Third_Party/LwIP/src/api/netbuf.c ****   *len = buf->ptr->len;
 607              		.loc 1 206 3 is_stmt 1 view .LVU171
 608              		.loc 1 206 13 is_stmt 0 view .LVU172
 609 0012 5B68     		ldr	r3, [r3, #4]
 610              	.LVL50:
 611              		.loc 1 206 18 view .LVU173
 612 0014 5B89     		ldrh	r3, [r3, #10]
 613              		.loc 1 206 8 view .LVU174
 614 0016 1380     		strh	r3, [r2]	@ movhi
 207:../../Middlewares/Third_Party/LwIP/src/api/netbuf.c ****   return ERR_OK;
 615              		.loc 1 207 3 is_stmt 1 view .LVU175
 616              		.loc 1 207 10 is_stmt 0 view .LVU176
 617 0018 0020     		movs	r0, #0
 618              	.LVL51:
 619              	.L50:
 208:../../Middlewares/Third_Party/LwIP/src/api/netbuf.c **** }
 620              		.loc 1 208 1 view .LVU177
 621 001a 08BD     		pop	{r3, pc}
 622              	.LVL52:
 623              	.L55:
 198:../../Middlewares/Third_Party/LwIP/src/api/netbuf.c ****   LWIP_ERROR("netbuf_data: invalid dataptr", (dataptr != NULL), return ERR_ARG;);
 624              		.loc 1 198 3 is_stmt 1 discriminator 1 view .LVU178
 198:../../Middlewares/Third_Party/LwIP/src/api/netbuf.c ****   LWIP_ERROR("netbuf_data: invalid dataptr", (dataptr != NULL), return ERR_ARG;);
 625              		.loc 1 198 3 discriminator 1 view .LVU179
 626 001c 0E4B     		ldr	r3, .L58
 627 001e C622     		movs	r2, #198
 628              	.LVL53:
 198:../../Middlewares/Third_Party/LwIP/src/api/netbuf.c ****   LWIP_ERROR("netbuf_data: invalid dataptr", (dataptr != NULL), return ERR_ARG;);
ARM GAS  /tmp/cc5nA4xx.s 			page 17


 629              		.loc 1 198 3 is_stmt 0 discriminator 1 view .LVU180
 630 0020 0E49     		ldr	r1, .L58+4
 631              	.LVL54:
 198:../../Middlewares/Third_Party/LwIP/src/api/netbuf.c ****   LWIP_ERROR("netbuf_data: invalid dataptr", (dataptr != NULL), return ERR_ARG;);
 632              		.loc 1 198 3 discriminator 1 view .LVU181
 633 0022 0F48     		ldr	r0, .L58+8
 634              	.LVL55:
 198:../../Middlewares/Third_Party/LwIP/src/api/netbuf.c ****   LWIP_ERROR("netbuf_data: invalid dataptr", (dataptr != NULL), return ERR_ARG;);
 635              		.loc 1 198 3 discriminator 1 view .LVU182
 636 0024 FFF7FEFF 		bl	printf
 637              	.LVL56:
 198:../../Middlewares/Third_Party/LwIP/src/api/netbuf.c ****   LWIP_ERROR("netbuf_data: invalid dataptr", (dataptr != NULL), return ERR_ARG;);
 638              		.loc 1 198 3 is_stmt 1 discriminator 1 view .LVU183
 198:../../Middlewares/Third_Party/LwIP/src/api/netbuf.c ****   LWIP_ERROR("netbuf_data: invalid dataptr", (dataptr != NULL), return ERR_ARG;);
 639              		.loc 1 198 3 discriminator 1 view .LVU184
 640 0028 6FF00F00 		mvn	r0, #15
 198:../../Middlewares/Third_Party/LwIP/src/api/netbuf.c ****   LWIP_ERROR("netbuf_data: invalid dataptr", (dataptr != NULL), return ERR_ARG;);
 641              		.loc 1 198 3 is_stmt 0 view .LVU185
 642 002c F5E7     		b	.L50
 643              	.LVL57:
 644              	.L56:
 199:../../Middlewares/Third_Party/LwIP/src/api/netbuf.c ****   LWIP_ERROR("netbuf_data: invalid len", (len != NULL), return ERR_ARG;);
 645              		.loc 1 199 3 is_stmt 1 discriminator 1 view .LVU186
 199:../../Middlewares/Third_Party/LwIP/src/api/netbuf.c ****   LWIP_ERROR("netbuf_data: invalid len", (len != NULL), return ERR_ARG;);
 646              		.loc 1 199 3 discriminator 1 view .LVU187
 647 002e 0A4B     		ldr	r3, .L58
 648 0030 C722     		movs	r2, #199
 649              	.LVL58:
 199:../../Middlewares/Third_Party/LwIP/src/api/netbuf.c ****   LWIP_ERROR("netbuf_data: invalid len", (len != NULL), return ERR_ARG;);
 650              		.loc 1 199 3 is_stmt 0 discriminator 1 view .LVU188
 651 0032 0C49     		ldr	r1, .L58+12
 652              	.LVL59:
 199:../../Middlewares/Third_Party/LwIP/src/api/netbuf.c ****   LWIP_ERROR("netbuf_data: invalid len", (len != NULL), return ERR_ARG;);
 653              		.loc 1 199 3 discriminator 1 view .LVU189
 654 0034 0A48     		ldr	r0, .L58+8
 655              	.LVL60:
 199:../../Middlewares/Third_Party/LwIP/src/api/netbuf.c ****   LWIP_ERROR("netbuf_data: invalid len", (len != NULL), return ERR_ARG;);
 656              		.loc 1 199 3 discriminator 1 view .LVU190
 657 0036 FFF7FEFF 		bl	printf
 658              	.LVL61:
 199:../../Middlewares/Third_Party/LwIP/src/api/netbuf.c ****   LWIP_ERROR("netbuf_data: invalid len", (len != NULL), return ERR_ARG;);
 659              		.loc 1 199 3 is_stmt 1 discriminator 1 view .LVU191
 199:../../Middlewares/Third_Party/LwIP/src/api/netbuf.c ****   LWIP_ERROR("netbuf_data: invalid len", (len != NULL), return ERR_ARG;);
 660              		.loc 1 199 3 discriminator 1 view .LVU192
 661 003a 6FF00F00 		mvn	r0, #15
 199:../../Middlewares/Third_Party/LwIP/src/api/netbuf.c ****   LWIP_ERROR("netbuf_data: invalid len", (len != NULL), return ERR_ARG;);
 662              		.loc 1 199 3 is_stmt 0 view .LVU193
 663 003e ECE7     		b	.L50
 664              	.LVL62:
 665              	.L57:
 200:../../Middlewares/Third_Party/LwIP/src/api/netbuf.c **** 
 666              		.loc 1 200 3 is_stmt 1 discriminator 1 view .LVU194
 200:../../Middlewares/Third_Party/LwIP/src/api/netbuf.c **** 
 667              		.loc 1 200 3 discriminator 1 view .LVU195
 668 0040 054B     		ldr	r3, .L58
 669 0042 C822     		movs	r2, #200
 670              	.LVL63:
ARM GAS  /tmp/cc5nA4xx.s 			page 18


 200:../../Middlewares/Third_Party/LwIP/src/api/netbuf.c **** 
 671              		.loc 1 200 3 is_stmt 0 discriminator 1 view .LVU196
 672 0044 0849     		ldr	r1, .L58+16
 673              	.LVL64:
 200:../../Middlewares/Third_Party/LwIP/src/api/netbuf.c **** 
 674              		.loc 1 200 3 discriminator 1 view .LVU197
 675 0046 0648     		ldr	r0, .L58+8
 676              	.LVL65:
 200:../../Middlewares/Third_Party/LwIP/src/api/netbuf.c **** 
 677              		.loc 1 200 3 discriminator 1 view .LVU198
 678 0048 FFF7FEFF 		bl	printf
 679              	.LVL66:
 200:../../Middlewares/Third_Party/LwIP/src/api/netbuf.c **** 
 680              		.loc 1 200 3 is_stmt 1 discriminator 1 view .LVU199
 200:../../Middlewares/Third_Party/LwIP/src/api/netbuf.c **** 
 681              		.loc 1 200 3 discriminator 1 view .LVU200
 682 004c 6FF00F00 		mvn	r0, #15
 200:../../Middlewares/Third_Party/LwIP/src/api/netbuf.c **** 
 683              		.loc 1 200 3 is_stmt 0 view .LVU201
 684 0050 E3E7     		b	.L50
 685              	.LVL67:
 686              	.L53:
 203:../../Middlewares/Third_Party/LwIP/src/api/netbuf.c ****   }
 687              		.loc 1 203 12 view .LVU202
 688 0052 6FF00100 		mvn	r0, #1
 689 0056 E0E7     		b	.L50
 690              	.L59:
 691              		.align	2
 692              	.L58:
 693 0058 00000000 		.word	.LC0
 694 005c 00000000 		.word	.LC8
 695 0060 50000000 		.word	.LC2
 696 0064 1C000000 		.word	.LC9
 697 0068 3C000000 		.word	.LC10
 698              		.cfi_endproc
 699              	.LFE367:
 701              		.section	.rodata.netbuf_next.str1.4,"aMS",%progbits,1
 702              		.align	2
 703              	.LC11:
 704 0000 6E657462 		.ascii	"netbuf_next: invalid buf\000"
 704      75665F6E 
 704      6578743A 
 704      20696E76 
 704      616C6964 
 705              		.section	.text.netbuf_next,"ax",%progbits
 706              		.align	1
 707              		.global	netbuf_next
 708              		.syntax unified
 709              		.thumb
 710              		.thumb_func
 712              	netbuf_next:
 713              	.LVL68:
 714              	.LFB368:
 209:../../Middlewares/Third_Party/LwIP/src/api/netbuf.c **** 
 210:../../Middlewares/Third_Party/LwIP/src/api/netbuf.c **** /**
 211:../../Middlewares/Third_Party/LwIP/src/api/netbuf.c ****  * @ingroup netbuf
 212:../../Middlewares/Third_Party/LwIP/src/api/netbuf.c ****  * Move the current data pointer of a packet buffer contained in a netbuf
ARM GAS  /tmp/cc5nA4xx.s 			page 19


 213:../../Middlewares/Third_Party/LwIP/src/api/netbuf.c ****  * to the next part.
 214:../../Middlewares/Third_Party/LwIP/src/api/netbuf.c ****  * The packet buffer itself is not modified.
 215:../../Middlewares/Third_Party/LwIP/src/api/netbuf.c ****  *
 216:../../Middlewares/Third_Party/LwIP/src/api/netbuf.c ****  * @param buf the netbuf to modify
 217:../../Middlewares/Third_Party/LwIP/src/api/netbuf.c ****  * @return -1 if there is no next part
 218:../../Middlewares/Third_Party/LwIP/src/api/netbuf.c ****  *         1  if moved to the next part but now there is no next part
 219:../../Middlewares/Third_Party/LwIP/src/api/netbuf.c ****  *         0  if moved to the next part and there are still more parts
 220:../../Middlewares/Third_Party/LwIP/src/api/netbuf.c ****  */
 221:../../Middlewares/Third_Party/LwIP/src/api/netbuf.c **** s8_t
 222:../../Middlewares/Third_Party/LwIP/src/api/netbuf.c **** netbuf_next(struct netbuf *buf)
 223:../../Middlewares/Third_Party/LwIP/src/api/netbuf.c **** {
 715              		.loc 1 223 1 is_stmt 1 view -0
 716              		.cfi_startproc
 717              		@ args = 0, pretend = 0, frame = 0
 718              		@ frame_needed = 0, uses_anonymous_args = 0
 719              		.loc 1 223 1 is_stmt 0 view .LVU204
 720 0000 08B5     		push	{r3, lr}
 721              	.LCFI8:
 722              		.cfi_def_cfa_offset 8
 723              		.cfi_offset 3, -8
 724              		.cfi_offset 14, -4
 224:../../Middlewares/Third_Party/LwIP/src/api/netbuf.c ****   LWIP_ERROR("netbuf_next: invalid buf", (buf != NULL), return -1;);
 725              		.loc 1 224 3 is_stmt 1 view .LVU205
 726              		.loc 1 224 3 view .LVU206
 727 0002 38B1     		cbz	r0, .L66
 728              		.loc 1 224 3 discriminator 2 view .LVU207
 729              		.loc 1 224 3 discriminator 2 view .LVU208
 225:../../Middlewares/Third_Party/LwIP/src/api/netbuf.c ****   if (buf->ptr->next == NULL) {
 730              		.loc 1 225 3 view .LVU209
 731              		.loc 1 225 10 is_stmt 0 view .LVU210
 732 0004 4368     		ldr	r3, [r0, #4]
 733              		.loc 1 225 15 view .LVU211
 734 0006 1B68     		ldr	r3, [r3]
 735              		.loc 1 225 6 view .LVU212
 736 0008 6BB1     		cbz	r3, .L63
 226:../../Middlewares/Third_Party/LwIP/src/api/netbuf.c ****     return -1;
 227:../../Middlewares/Third_Party/LwIP/src/api/netbuf.c ****   }
 228:../../Middlewares/Third_Party/LwIP/src/api/netbuf.c ****   buf->ptr = buf->ptr->next;
 737              		.loc 1 228 3 is_stmt 1 view .LVU213
 738              		.loc 1 228 12 is_stmt 0 view .LVU214
 739 000a 4360     		str	r3, [r0, #4]
 229:../../Middlewares/Third_Party/LwIP/src/api/netbuf.c ****   if (buf->ptr->next == NULL) {
 740              		.loc 1 229 3 is_stmt 1 view .LVU215
 741              		.loc 1 229 15 is_stmt 0 view .LVU216
 742 000c 1B68     		ldr	r3, [r3]
 743              		.loc 1 229 6 view .LVU217
 744 000e 6BB1     		cbz	r3, .L64
 230:../../Middlewares/Third_Party/LwIP/src/api/netbuf.c ****     return 1;
 231:../../Middlewares/Third_Party/LwIP/src/api/netbuf.c ****   }
 232:../../Middlewares/Third_Party/LwIP/src/api/netbuf.c ****   return 0;
 745              		.loc 1 232 10 view .LVU218
 746 0010 0020     		movs	r0, #0
 747              	.LVL69:
 748              	.L62:
 233:../../Middlewares/Third_Party/LwIP/src/api/netbuf.c **** }
 749              		.loc 1 233 1 view .LVU219
 750 0012 08BD     		pop	{r3, pc}
ARM GAS  /tmp/cc5nA4xx.s 			page 20


 751              	.LVL70:
 752              	.L66:
 224:../../Middlewares/Third_Party/LwIP/src/api/netbuf.c ****   if (buf->ptr->next == NULL) {
 753              		.loc 1 224 3 is_stmt 1 discriminator 1 view .LVU220
 224:../../Middlewares/Third_Party/LwIP/src/api/netbuf.c ****   if (buf->ptr->next == NULL) {
 754              		.loc 1 224 3 discriminator 1 view .LVU221
 755 0014 064B     		ldr	r3, .L67
 756 0016 E022     		movs	r2, #224
 757 0018 0649     		ldr	r1, .L67+4
 758 001a 0748     		ldr	r0, .L67+8
 759              	.LVL71:
 224:../../Middlewares/Third_Party/LwIP/src/api/netbuf.c ****   if (buf->ptr->next == NULL) {
 760              		.loc 1 224 3 is_stmt 0 discriminator 1 view .LVU222
 761 001c FFF7FEFF 		bl	printf
 762              	.LVL72:
 224:../../Middlewares/Third_Party/LwIP/src/api/netbuf.c ****   if (buf->ptr->next == NULL) {
 763              		.loc 1 224 3 is_stmt 1 discriminator 1 view .LVU223
 224:../../Middlewares/Third_Party/LwIP/src/api/netbuf.c ****   if (buf->ptr->next == NULL) {
 764              		.loc 1 224 3 discriminator 1 view .LVU224
 765 0020 4FF0FF30 		mov	r0, #-1
 224:../../Middlewares/Third_Party/LwIP/src/api/netbuf.c ****   if (buf->ptr->next == NULL) {
 766              		.loc 1 224 3 is_stmt 0 view .LVU225
 767 0024 F5E7     		b	.L62
 768              	.LVL73:
 769              	.L63:
 226:../../Middlewares/Third_Party/LwIP/src/api/netbuf.c ****   }
 770              		.loc 1 226 12 view .LVU226
 771 0026 4FF0FF30 		mov	r0, #-1
 772              	.LVL74:
 226:../../Middlewares/Third_Party/LwIP/src/api/netbuf.c ****   }
 773              		.loc 1 226 12 view .LVU227
 774 002a F2E7     		b	.L62
 775              	.LVL75:
 776              	.L64:
 230:../../Middlewares/Third_Party/LwIP/src/api/netbuf.c ****   }
 777              		.loc 1 230 12 view .LVU228
 778 002c 0120     		movs	r0, #1
 779              	.LVL76:
 230:../../Middlewares/Third_Party/LwIP/src/api/netbuf.c ****   }
 780              		.loc 1 230 12 view .LVU229
 781 002e F0E7     		b	.L62
 782              	.L68:
 783              		.align	2
 784              	.L67:
 785 0030 00000000 		.word	.LC0
 786 0034 00000000 		.word	.LC11
 787 0038 50000000 		.word	.LC2
 788              		.cfi_endproc
 789              	.LFE368:
 791              		.section	.rodata.netbuf_first.str1.4,"aMS",%progbits,1
 792              		.align	2
 793              	.LC12:
 794 0000 6E657462 		.ascii	"netbuf_first: invalid buf\000"
 794      75665F66 
 794      69727374 
 794      3A20696E 
 794      76616C69 
ARM GAS  /tmp/cc5nA4xx.s 			page 21


 795              		.section	.text.netbuf_first,"ax",%progbits
 796              		.align	1
 797              		.global	netbuf_first
 798              		.syntax unified
 799              		.thumb
 800              		.thumb_func
 802              	netbuf_first:
 803              	.LVL77:
 804              	.LFB369:
 234:../../Middlewares/Third_Party/LwIP/src/api/netbuf.c **** 
 235:../../Middlewares/Third_Party/LwIP/src/api/netbuf.c **** /**
 236:../../Middlewares/Third_Party/LwIP/src/api/netbuf.c ****  * @ingroup netbuf
 237:../../Middlewares/Third_Party/LwIP/src/api/netbuf.c ****  * Move the current data pointer of a packet buffer contained in a netbuf
 238:../../Middlewares/Third_Party/LwIP/src/api/netbuf.c ****  * to the beginning of the packet.
 239:../../Middlewares/Third_Party/LwIP/src/api/netbuf.c ****  * The packet buffer itself is not modified.
 240:../../Middlewares/Third_Party/LwIP/src/api/netbuf.c ****  *
 241:../../Middlewares/Third_Party/LwIP/src/api/netbuf.c ****  * @param buf the netbuf to modify
 242:../../Middlewares/Third_Party/LwIP/src/api/netbuf.c ****  */
 243:../../Middlewares/Third_Party/LwIP/src/api/netbuf.c **** void
 244:../../Middlewares/Third_Party/LwIP/src/api/netbuf.c **** netbuf_first(struct netbuf *buf)
 245:../../Middlewares/Third_Party/LwIP/src/api/netbuf.c **** {
 805              		.loc 1 245 1 is_stmt 1 view -0
 806              		.cfi_startproc
 807              		@ args = 0, pretend = 0, frame = 0
 808              		@ frame_needed = 0, uses_anonymous_args = 0
 809              		.loc 1 245 1 is_stmt 0 view .LVU231
 810 0000 08B5     		push	{r3, lr}
 811              	.LCFI9:
 812              		.cfi_def_cfa_offset 8
 813              		.cfi_offset 3, -8
 814              		.cfi_offset 14, -4
 246:../../Middlewares/Third_Party/LwIP/src/api/netbuf.c ****   LWIP_ERROR("netbuf_first: invalid buf", (buf != NULL), return;);
 815              		.loc 1 246 3 is_stmt 1 view .LVU232
 816              		.loc 1 246 3 view .LVU233
 817 0002 10B1     		cbz	r0, .L73
 818              		.loc 1 246 3 discriminator 2 view .LVU234
 819              		.loc 1 246 3 discriminator 2 view .LVU235
 247:../../Middlewares/Third_Party/LwIP/src/api/netbuf.c ****   buf->ptr = buf->p;
 820              		.loc 1 247 3 view .LVU236
 821              		.loc 1 247 17 is_stmt 0 view .LVU237
 822 0004 0268     		ldr	r2, [r0]
 823              		.loc 1 247 12 view .LVU238
 824 0006 4260     		str	r2, [r0, #4]
 825              	.LVL78:
 826              	.L69:
 248:../../Middlewares/Third_Party/LwIP/src/api/netbuf.c **** }
 827              		.loc 1 248 1 view .LVU239
 828 0008 08BD     		pop	{r3, pc}
 829              	.LVL79:
 830              	.L73:
 246:../../Middlewares/Third_Party/LwIP/src/api/netbuf.c ****   LWIP_ERROR("netbuf_first: invalid buf", (buf != NULL), return;);
 831              		.loc 1 246 3 is_stmt 1 discriminator 1 view .LVU240
 246:../../Middlewares/Third_Party/LwIP/src/api/netbuf.c ****   LWIP_ERROR("netbuf_first: invalid buf", (buf != NULL), return;);
 832              		.loc 1 246 3 discriminator 1 view .LVU241
 833 000a 034B     		ldr	r3, .L74
 834 000c F622     		movs	r2, #246
 835 000e 0349     		ldr	r1, .L74+4
ARM GAS  /tmp/cc5nA4xx.s 			page 22


 836 0010 0348     		ldr	r0, .L74+8
 837              	.LVL80:
 246:../../Middlewares/Third_Party/LwIP/src/api/netbuf.c ****   LWIP_ERROR("netbuf_first: invalid buf", (buf != NULL), return;);
 838              		.loc 1 246 3 is_stmt 0 discriminator 1 view .LVU242
 839 0012 FFF7FEFF 		bl	printf
 840              	.LVL81:
 246:../../Middlewares/Third_Party/LwIP/src/api/netbuf.c ****   LWIP_ERROR("netbuf_first: invalid buf", (buf != NULL), return;);
 841              		.loc 1 246 3 is_stmt 1 discriminator 1 view .LVU243
 246:../../Middlewares/Third_Party/LwIP/src/api/netbuf.c ****   LWIP_ERROR("netbuf_first: invalid buf", (buf != NULL), return;);
 842              		.loc 1 246 3 discriminator 1 view .LVU244
 246:../../Middlewares/Third_Party/LwIP/src/api/netbuf.c ****   LWIP_ERROR("netbuf_first: invalid buf", (buf != NULL), return;);
 843              		.loc 1 246 3 is_stmt 0 view .LVU245
 844 0016 F7E7     		b	.L69
 845              	.L75:
 846              		.align	2
 847              	.L74:
 848 0018 00000000 		.word	.LC0
 849 001c 00000000 		.word	.LC12
 850 0020 50000000 		.word	.LC2
 851              		.cfi_endproc
 852              	.LFE369:
 854              		.text
 855              	.Letext0:
 856              		.file 2 "/usr/lib/gcc/arm-none-eabi/13.2.1/include/stdint.h"
 857              		.file 3 "/usr/lib/gcc/arm-none-eabi/13.2.1/include/stddef.h"
 858              		.file 4 "../../Middlewares/Third_Party/LwIP/src/include/lwip/arch.h"
 859              		.file 5 "../../Middlewares/Third_Party/LwIP/src/include/lwip/err.h"
 860              		.file 6 "../../Middlewares/Third_Party/LwIP/src/include/lwip/pbuf.h"
 861              		.file 7 "../../Middlewares/Third_Party/LwIP/src/include/lwip/ip4_addr.h"
 862              		.file 8 "../../Middlewares/Third_Party/LwIP/src/include/lwip/ip_addr.h"
 863              		.file 9 "../../Middlewares/Third_Party/LwIP/src/include/lwip/netbuf.h"
 864              		.file 10 "../../Middlewares/Third_Party/LwIP/src/include/lwip/memp.h"
 865              		.file 11 "/usr/include/newlib/stdio.h"
 866              		.file 12 "/usr/include/newlib/string.h"
ARM GAS  /tmp/cc5nA4xx.s 			page 23


DEFINED SYMBOLS
                            *ABS*:00000000 netbuf.c
     /tmp/cc5nA4xx.s:20     .text.netbuf_new:00000000 $t
     /tmp/cc5nA4xx.s:26     .text.netbuf_new:00000000 netbuf_new
     /tmp/cc5nA4xx.s:65     .text.netbuf_delete:00000000 $t
     /tmp/cc5nA4xx.s:71     .text.netbuf_delete:00000000 netbuf_delete
     /tmp/cc5nA4xx.s:123    .rodata.netbuf_alloc.str1.4:00000000 $d
     /tmp/cc5nA4xx.s:137    .text.netbuf_alloc:00000000 $t
     /tmp/cc5nA4xx.s:143    .text.netbuf_alloc:00000000 netbuf_alloc
     /tmp/cc5nA4xx.s:239    .text.netbuf_alloc:0000004c $d
     /tmp/cc5nA4xx.s:247    .rodata.netbuf_free.str1.4:00000000 $d
     /tmp/cc5nA4xx.s:251    .text.netbuf_free:00000000 $t
     /tmp/cc5nA4xx.s:257    .text.netbuf_free:00000000 netbuf_free
     /tmp/cc5nA4xx.s:315    .text.netbuf_free:00000024 $d
     /tmp/cc5nA4xx.s:322    .rodata.netbuf_ref.str1.4:00000000 $d
     /tmp/cc5nA4xx.s:326    .text.netbuf_ref:00000000 $t
     /tmp/cc5nA4xx.s:332    .text.netbuf_ref:00000000 netbuf_ref
     /tmp/cc5nA4xx.s:435    .text.netbuf_ref:00000050 $d
     /tmp/cc5nA4xx.s:442    .rodata.netbuf_chain.str1.4:00000000 $d
     /tmp/cc5nA4xx.s:449    .text.netbuf_chain:00000000 $t
     /tmp/cc5nA4xx.s:455    .text.netbuf_chain:00000000 netbuf_chain
     /tmp/cc5nA4xx.s:543    .text.netbuf_chain:0000003c $d
     /tmp/cc5nA4xx.s:551    .rodata.netbuf_data.str1.4:00000000 $d
     /tmp/cc5nA4xx.s:561    .text.netbuf_data:00000000 $t
     /tmp/cc5nA4xx.s:567    .text.netbuf_data:00000000 netbuf_data
     /tmp/cc5nA4xx.s:693    .text.netbuf_data:00000058 $d
     /tmp/cc5nA4xx.s:702    .rodata.netbuf_next.str1.4:00000000 $d
     /tmp/cc5nA4xx.s:706    .text.netbuf_next:00000000 $t
     /tmp/cc5nA4xx.s:712    .text.netbuf_next:00000000 netbuf_next
     /tmp/cc5nA4xx.s:785    .text.netbuf_next:00000030 $d
     /tmp/cc5nA4xx.s:792    .rodata.netbuf_first.str1.4:00000000 $d
     /tmp/cc5nA4xx.s:796    .text.netbuf_first:00000000 $t
     /tmp/cc5nA4xx.s:802    .text.netbuf_first:00000000 netbuf_first
     /tmp/cc5nA4xx.s:848    .text.netbuf_first:00000018 $d

UNDEFINED SYMBOLS
memp_malloc
pbuf_free
memp_free
pbuf_alloc
printf
pbuf_cat
