ARM GAS  /tmp/ccQgSdVg.s 			page 1


   1              		.cpu cortex-m7
   2              		.arch armv7e-m
   3              		.fpu fpv5-d16
   4              		.eabi_attribute 28, 1
   5              		.eabi_attribute 20, 1
   6              		.eabi_attribute 21, 1
   7              		.eabi_attribute 23, 3
   8              		.eabi_attribute 24, 1
   9              		.eabi_attribute 25, 1
  10              		.eabi_attribute 26, 1
  11              		.eabi_attribute 30, 1
  12              		.eabi_attribute 34, 1
  13              		.eabi_attribute 18, 4
  14              		.file	"slipif.c"
  15              		.text
  16              	.Ltext0:
  17              		.cfi_sections	.debug_frame
  18              		.file 1 "../../Middlewares/Third_Party/LwIP/src/netif/slipif.c"
  19              		.section	.rodata.slipif_rxbyte.str1.4,"aMS",%progbits,1
  20              		.align	2
  21              	.LC0:
  22 0000 2E2E2F2E 		.ascii	"../../Middlewares/Third_Party/LwIP/src/netif/slipif"
  22      2E2F4D69 
  22      64646C65 
  22      77617265 
  22      732F5468 
  23 0033 2E6300   		.ascii	".c\000"
  24 0036 0000     		.align	2
  25              	.LC1:
  26 0038 6E657469 		.ascii	"netif != NULL\000"
  26      6620213D 
  26      204E554C 
  26      4C00
  27 0046 0000     		.align	2
  28              	.LC2:
  29 0048 41737365 		.ascii	"Assertion \"%s\" failed at line %d in %s\012\000"
  29      7274696F 
  29      6E202225 
  29      73222066 
  29      61696C65 
  30              		.align	2
  31              	.LC3:
  32 0070 6E657469 		.ascii	"netif->state != NULL\000"
  32      662D3E73 
  32      74617465 
  32      20213D20 
  32      4E554C4C 
  33              		.section	.text.slipif_rxbyte,"ax",%progbits
  34              		.align	1
  35              		.syntax unified
  36              		.thumb
  37              		.thumb_func
  39              	slipif_rxbyte:
  40              	.LVL0:
  41              	.LFB367:
   1:../../Middlewares/Third_Party/LwIP/src/netif/slipif.c **** /**
   2:../../Middlewares/Third_Party/LwIP/src/netif/slipif.c ****  * @file
ARM GAS  /tmp/ccQgSdVg.s 			page 2


   3:../../Middlewares/Third_Party/LwIP/src/netif/slipif.c ****  * SLIP Interface
   4:../../Middlewares/Third_Party/LwIP/src/netif/slipif.c ****  *
   5:../../Middlewares/Third_Party/LwIP/src/netif/slipif.c ****  */
   6:../../Middlewares/Third_Party/LwIP/src/netif/slipif.c **** 
   7:../../Middlewares/Third_Party/LwIP/src/netif/slipif.c **** /*
   8:../../Middlewares/Third_Party/LwIP/src/netif/slipif.c ****  * Copyright (c) 2001-2004 Swedish Institute of Computer Science.
   9:../../Middlewares/Third_Party/LwIP/src/netif/slipif.c ****  * All rights reserved.
  10:../../Middlewares/Third_Party/LwIP/src/netif/slipif.c ****  *
  11:../../Middlewares/Third_Party/LwIP/src/netif/slipif.c ****  * Redistribution and use in source and binary forms, with or without
  12:../../Middlewares/Third_Party/LwIP/src/netif/slipif.c ****  * modification, are permitted provided that the following conditions
  13:../../Middlewares/Third_Party/LwIP/src/netif/slipif.c ****  * are met:
  14:../../Middlewares/Third_Party/LwIP/src/netif/slipif.c ****  * 1. Redistributions of source code must retain the above copyright
  15:../../Middlewares/Third_Party/LwIP/src/netif/slipif.c ****  *    notice, this list of conditions and the following disclaimer.
  16:../../Middlewares/Third_Party/LwIP/src/netif/slipif.c ****  * 2. Redistributions in binary form must reproduce the above copyright
  17:../../Middlewares/Third_Party/LwIP/src/netif/slipif.c ****  *    notice, this list of conditions and the following disclaimer in the
  18:../../Middlewares/Third_Party/LwIP/src/netif/slipif.c ****  *    documentation and/or other materials provided with the distribution.
  19:../../Middlewares/Third_Party/LwIP/src/netif/slipif.c ****  * 3. Neither the name of the Institute nor the names of its contributors
  20:../../Middlewares/Third_Party/LwIP/src/netif/slipif.c ****  *    may be used to endorse or promote products derived from this software
  21:../../Middlewares/Third_Party/LwIP/src/netif/slipif.c ****  *    without specific prior written permission.
  22:../../Middlewares/Third_Party/LwIP/src/netif/slipif.c ****  *
  23:../../Middlewares/Third_Party/LwIP/src/netif/slipif.c ****  * THIS SOFTWARE IS PROVIDED BY THE INSTITUTE AND CONTRIBUTORS ``AS IS'' AND
  24:../../Middlewares/Third_Party/LwIP/src/netif/slipif.c ****  * ANY EXPRESS OR IMPLIED WARRANTIES, INCLUDING, BUT NOT LIMITED TO, THE
  25:../../Middlewares/Third_Party/LwIP/src/netif/slipif.c ****  * IMPLIED WARRANTIES OF MERCHANTABILITY AND FITNESS FOR A PARTICULAR PURPOSE
  26:../../Middlewares/Third_Party/LwIP/src/netif/slipif.c ****  * ARE DISCLAIMED.  IN NO EVENT SHALL THE INSTITUTE OR CONTRIBUTORS BE LIABLE
  27:../../Middlewares/Third_Party/LwIP/src/netif/slipif.c ****  * FOR ANY DIRECT, INDIRECT, INCIDENTAL, SPECIAL, EXEMPLARY, OR CONSEQUENTIAL
  28:../../Middlewares/Third_Party/LwIP/src/netif/slipif.c ****  * DAMAGES (INCLUDING, BUT NOT LIMITED TO, PROCUREMENT OF SUBSTITUTE GOODS
  29:../../Middlewares/Third_Party/LwIP/src/netif/slipif.c ****  * OR SERVICES; LOSS OF USE, DATA, OR PROFITS; OR BUSINESS INTERRUPTION)
  30:../../Middlewares/Third_Party/LwIP/src/netif/slipif.c ****  * HOWEVER CAUSED AND ON ANY THEORY OF LIABILITY, WHETHER IN CONTRACT, STRICT
  31:../../Middlewares/Third_Party/LwIP/src/netif/slipif.c ****  * LIABILITY, OR TORT (INCLUDING NEGLIGENCE OR OTHERWISE) ARISING IN ANY WAY
  32:../../Middlewares/Third_Party/LwIP/src/netif/slipif.c ****  * OUT OF THE USE OF THIS SOFTWARE, EVEN IF ADVISED OF THE POSSIBILITY OF
  33:../../Middlewares/Third_Party/LwIP/src/netif/slipif.c ****  * SUCH DAMAGE.
  34:../../Middlewares/Third_Party/LwIP/src/netif/slipif.c ****  *
  35:../../Middlewares/Third_Party/LwIP/src/netif/slipif.c ****  * This file is built upon the file: src/arch/rtxc/netif/sioslip.c
  36:../../Middlewares/Third_Party/LwIP/src/netif/slipif.c ****  *
  37:../../Middlewares/Third_Party/LwIP/src/netif/slipif.c ****  * Author: Magnus Ivarsson <magnus.ivarsson(at)volvo.com>
  38:../../Middlewares/Third_Party/LwIP/src/netif/slipif.c ****  *         Simon Goldschmidt
  39:../../Middlewares/Third_Party/LwIP/src/netif/slipif.c ****  */
  40:../../Middlewares/Third_Party/LwIP/src/netif/slipif.c **** 
  41:../../Middlewares/Third_Party/LwIP/src/netif/slipif.c **** 
  42:../../Middlewares/Third_Party/LwIP/src/netif/slipif.c **** /**
  43:../../Middlewares/Third_Party/LwIP/src/netif/slipif.c ****  * @defgroup slipif SLIP
  44:../../Middlewares/Third_Party/LwIP/src/netif/slipif.c ****  * @ingroup netifs
  45:../../Middlewares/Third_Party/LwIP/src/netif/slipif.c ****  *
  46:../../Middlewares/Third_Party/LwIP/src/netif/slipif.c ****  * This is an arch independent SLIP netif. The specific serial hooks must be
  47:../../Middlewares/Third_Party/LwIP/src/netif/slipif.c ****  * provided by another file. They are sio_open, sio_read/sio_tryread and sio_send
  48:../../Middlewares/Third_Party/LwIP/src/netif/slipif.c ****  *
  49:../../Middlewares/Third_Party/LwIP/src/netif/slipif.c ****  * Usage: This netif can be used in three ways:\n
  50:../../Middlewares/Third_Party/LwIP/src/netif/slipif.c ****  *        1) For NO_SYS==0, an RX thread can be used which blocks on sio_read()
  51:../../Middlewares/Third_Party/LwIP/src/netif/slipif.c ****  *           until data is received.\n
  52:../../Middlewares/Third_Party/LwIP/src/netif/slipif.c ****  *        2) In your main loop, call slipif_poll() to check for new RX bytes,
  53:../../Middlewares/Third_Party/LwIP/src/netif/slipif.c ****  *           completed packets are fed into netif->input().\n
  54:../../Middlewares/Third_Party/LwIP/src/netif/slipif.c ****  *        3) Call slipif_received_byte[s]() from your serial RX ISR and
  55:../../Middlewares/Third_Party/LwIP/src/netif/slipif.c ****  *           slipif_process_rxqueue() from your main loop. ISR level decodes
  56:../../Middlewares/Third_Party/LwIP/src/netif/slipif.c ****  *           packets and puts completed packets on a queue which is fed into
  57:../../Middlewares/Third_Party/LwIP/src/netif/slipif.c ****  *           the stack from the main loop (needs SYS_LIGHTWEIGHT_PROT for
  58:../../Middlewares/Third_Party/LwIP/src/netif/slipif.c ****  *           pbuf_alloc to work on ISR level!).
  59:../../Middlewares/Third_Party/LwIP/src/netif/slipif.c ****  *
ARM GAS  /tmp/ccQgSdVg.s 			page 3


  60:../../Middlewares/Third_Party/LwIP/src/netif/slipif.c ****  */
  61:../../Middlewares/Third_Party/LwIP/src/netif/slipif.c **** 
  62:../../Middlewares/Third_Party/LwIP/src/netif/slipif.c **** #include "netif/slipif.h"
  63:../../Middlewares/Third_Party/LwIP/src/netif/slipif.c **** #include "lwip/opt.h"
  64:../../Middlewares/Third_Party/LwIP/src/netif/slipif.c **** 
  65:../../Middlewares/Third_Party/LwIP/src/netif/slipif.c **** #include "lwip/def.h"
  66:../../Middlewares/Third_Party/LwIP/src/netif/slipif.c **** #include "lwip/pbuf.h"
  67:../../Middlewares/Third_Party/LwIP/src/netif/slipif.c **** #include "lwip/stats.h"
  68:../../Middlewares/Third_Party/LwIP/src/netif/slipif.c **** #include "lwip/snmp.h"
  69:../../Middlewares/Third_Party/LwIP/src/netif/slipif.c **** #include "lwip/sys.h"
  70:../../Middlewares/Third_Party/LwIP/src/netif/slipif.c **** #include "lwip/sio.h"
  71:../../Middlewares/Third_Party/LwIP/src/netif/slipif.c **** 
  72:../../Middlewares/Third_Party/LwIP/src/netif/slipif.c **** #define SLIP_END     0xC0 /* 0300: start and end of every packet */
  73:../../Middlewares/Third_Party/LwIP/src/netif/slipif.c **** #define SLIP_ESC     0xDB /* 0333: escape start (one byte escaped data follows) */
  74:../../Middlewares/Third_Party/LwIP/src/netif/slipif.c **** #define SLIP_ESC_END 0xDC /* 0334: following escape: original byte is 0xC0 (END) */
  75:../../Middlewares/Third_Party/LwIP/src/netif/slipif.c **** #define SLIP_ESC_ESC 0xDD /* 0335: following escape: original byte is 0xDB (ESC) */
  76:../../Middlewares/Third_Party/LwIP/src/netif/slipif.c **** 
  77:../../Middlewares/Third_Party/LwIP/src/netif/slipif.c **** /** Maximum packet size that is received by this netif */
  78:../../Middlewares/Third_Party/LwIP/src/netif/slipif.c **** #ifndef SLIP_MAX_SIZE
  79:../../Middlewares/Third_Party/LwIP/src/netif/slipif.c **** #define SLIP_MAX_SIZE 1500
  80:../../Middlewares/Third_Party/LwIP/src/netif/slipif.c **** #endif
  81:../../Middlewares/Third_Party/LwIP/src/netif/slipif.c **** 
  82:../../Middlewares/Third_Party/LwIP/src/netif/slipif.c **** /** Define this to the interface speed for SNMP
  83:../../Middlewares/Third_Party/LwIP/src/netif/slipif.c ****  * (sio_fd is the sio_fd_t returned by sio_open).
  84:../../Middlewares/Third_Party/LwIP/src/netif/slipif.c ****  * The default value of zero means 'unknown'.
  85:../../Middlewares/Third_Party/LwIP/src/netif/slipif.c ****  */
  86:../../Middlewares/Third_Party/LwIP/src/netif/slipif.c **** #ifndef SLIP_SIO_SPEED
  87:../../Middlewares/Third_Party/LwIP/src/netif/slipif.c **** #define SLIP_SIO_SPEED(sio_fd) 0
  88:../../Middlewares/Third_Party/LwIP/src/netif/slipif.c **** #endif
  89:../../Middlewares/Third_Party/LwIP/src/netif/slipif.c **** 
  90:../../Middlewares/Third_Party/LwIP/src/netif/slipif.c **** enum slipif_recv_state {
  91:../../Middlewares/Third_Party/LwIP/src/netif/slipif.c ****   SLIP_RECV_NORMAL,
  92:../../Middlewares/Third_Party/LwIP/src/netif/slipif.c ****   SLIP_RECV_ESCAPE
  93:../../Middlewares/Third_Party/LwIP/src/netif/slipif.c **** };
  94:../../Middlewares/Third_Party/LwIP/src/netif/slipif.c **** 
  95:../../Middlewares/Third_Party/LwIP/src/netif/slipif.c **** struct slipif_priv {
  96:../../Middlewares/Third_Party/LwIP/src/netif/slipif.c ****   sio_fd_t sd;
  97:../../Middlewares/Third_Party/LwIP/src/netif/slipif.c ****   /* q is the whole pbuf chain for a packet, p is the current pbuf in the chain */
  98:../../Middlewares/Third_Party/LwIP/src/netif/slipif.c ****   struct pbuf *p, *q;
  99:../../Middlewares/Third_Party/LwIP/src/netif/slipif.c ****   u8_t state;
 100:../../Middlewares/Third_Party/LwIP/src/netif/slipif.c ****   u16_t i, recved;
 101:../../Middlewares/Third_Party/LwIP/src/netif/slipif.c **** #if SLIP_RX_FROM_ISR
 102:../../Middlewares/Third_Party/LwIP/src/netif/slipif.c ****   struct pbuf *rxpackets;
 103:../../Middlewares/Third_Party/LwIP/src/netif/slipif.c **** #endif
 104:../../Middlewares/Third_Party/LwIP/src/netif/slipif.c **** };
 105:../../Middlewares/Third_Party/LwIP/src/netif/slipif.c **** 
 106:../../Middlewares/Third_Party/LwIP/src/netif/slipif.c **** /**
 107:../../Middlewares/Third_Party/LwIP/src/netif/slipif.c ****  * Send a pbuf doing the necessary SLIP encapsulation
 108:../../Middlewares/Third_Party/LwIP/src/netif/slipif.c ****  *
 109:../../Middlewares/Third_Party/LwIP/src/netif/slipif.c ****  * Uses the serial layer's sio_send()
 110:../../Middlewares/Third_Party/LwIP/src/netif/slipif.c ****  *
 111:../../Middlewares/Third_Party/LwIP/src/netif/slipif.c ****  * @param netif the lwip network interface structure for this slipif
 112:../../Middlewares/Third_Party/LwIP/src/netif/slipif.c ****  * @param p the pbuf chain packet to send
 113:../../Middlewares/Third_Party/LwIP/src/netif/slipif.c ****  * @return always returns ERR_OK since the serial layer does not provide return values
 114:../../Middlewares/Third_Party/LwIP/src/netif/slipif.c ****  */
 115:../../Middlewares/Third_Party/LwIP/src/netif/slipif.c **** static err_t
 116:../../Middlewares/Third_Party/LwIP/src/netif/slipif.c **** slipif_output(struct netif *netif, struct pbuf *p)
ARM GAS  /tmp/ccQgSdVg.s 			page 4


 117:../../Middlewares/Third_Party/LwIP/src/netif/slipif.c **** {
 118:../../Middlewares/Third_Party/LwIP/src/netif/slipif.c ****   struct slipif_priv *priv;
 119:../../Middlewares/Third_Party/LwIP/src/netif/slipif.c ****   struct pbuf *q;
 120:../../Middlewares/Third_Party/LwIP/src/netif/slipif.c ****   u16_t i;
 121:../../Middlewares/Third_Party/LwIP/src/netif/slipif.c ****   u8_t c;
 122:../../Middlewares/Third_Party/LwIP/src/netif/slipif.c **** 
 123:../../Middlewares/Third_Party/LwIP/src/netif/slipif.c ****   LWIP_ASSERT("netif != NULL", (netif != NULL));
 124:../../Middlewares/Third_Party/LwIP/src/netif/slipif.c ****   LWIP_ASSERT("netif->state != NULL", (netif->state != NULL));
 125:../../Middlewares/Third_Party/LwIP/src/netif/slipif.c ****   LWIP_ASSERT("p != NULL", (p != NULL));
 126:../../Middlewares/Third_Party/LwIP/src/netif/slipif.c **** 
 127:../../Middlewares/Third_Party/LwIP/src/netif/slipif.c ****   LWIP_DEBUGF(SLIP_DEBUG, ("slipif_output: sending %"U16_F" bytes\n", p->tot_len));
 128:../../Middlewares/Third_Party/LwIP/src/netif/slipif.c ****   priv = (struct slipif_priv *)netif->state;
 129:../../Middlewares/Third_Party/LwIP/src/netif/slipif.c **** 
 130:../../Middlewares/Third_Party/LwIP/src/netif/slipif.c ****   /* Send pbuf out on the serial I/O device. */
 131:../../Middlewares/Third_Party/LwIP/src/netif/slipif.c ****   /* Start with packet delimiter. */
 132:../../Middlewares/Third_Party/LwIP/src/netif/slipif.c ****   sio_send(SLIP_END, priv->sd);
 133:../../Middlewares/Third_Party/LwIP/src/netif/slipif.c **** 
 134:../../Middlewares/Third_Party/LwIP/src/netif/slipif.c ****   for (q = p; q != NULL; q = q->next) {
 135:../../Middlewares/Third_Party/LwIP/src/netif/slipif.c ****     for (i = 0; i < q->len; i++) {
 136:../../Middlewares/Third_Party/LwIP/src/netif/slipif.c ****       c = ((u8_t *)q->payload)[i];
 137:../../Middlewares/Third_Party/LwIP/src/netif/slipif.c ****       switch (c) {
 138:../../Middlewares/Third_Party/LwIP/src/netif/slipif.c ****         case SLIP_END:
 139:../../Middlewares/Third_Party/LwIP/src/netif/slipif.c ****           /* need to escape this byte (0xC0 -> 0xDB, 0xDC) */
 140:../../Middlewares/Third_Party/LwIP/src/netif/slipif.c ****           sio_send(SLIP_ESC, priv->sd);
 141:../../Middlewares/Third_Party/LwIP/src/netif/slipif.c ****           sio_send(SLIP_ESC_END, priv->sd);
 142:../../Middlewares/Third_Party/LwIP/src/netif/slipif.c ****           break;
 143:../../Middlewares/Third_Party/LwIP/src/netif/slipif.c ****         case SLIP_ESC:
 144:../../Middlewares/Third_Party/LwIP/src/netif/slipif.c ****           /* need to escape this byte (0xDB -> 0xDB, 0xDD) */
 145:../../Middlewares/Third_Party/LwIP/src/netif/slipif.c ****           sio_send(SLIP_ESC, priv->sd);
 146:../../Middlewares/Third_Party/LwIP/src/netif/slipif.c ****           sio_send(SLIP_ESC_ESC, priv->sd);
 147:../../Middlewares/Third_Party/LwIP/src/netif/slipif.c ****           break;
 148:../../Middlewares/Third_Party/LwIP/src/netif/slipif.c ****         default:
 149:../../Middlewares/Third_Party/LwIP/src/netif/slipif.c ****           /* normal byte - no need for escaping */
 150:../../Middlewares/Third_Party/LwIP/src/netif/slipif.c ****           sio_send(c, priv->sd);
 151:../../Middlewares/Third_Party/LwIP/src/netif/slipif.c ****           break;
 152:../../Middlewares/Third_Party/LwIP/src/netif/slipif.c ****       }
 153:../../Middlewares/Third_Party/LwIP/src/netif/slipif.c ****     }
 154:../../Middlewares/Third_Party/LwIP/src/netif/slipif.c ****   }
 155:../../Middlewares/Third_Party/LwIP/src/netif/slipif.c ****   /* End with packet delimiter. */
 156:../../Middlewares/Third_Party/LwIP/src/netif/slipif.c ****   sio_send(SLIP_END, priv->sd);
 157:../../Middlewares/Third_Party/LwIP/src/netif/slipif.c ****   return ERR_OK;
 158:../../Middlewares/Third_Party/LwIP/src/netif/slipif.c **** }
 159:../../Middlewares/Third_Party/LwIP/src/netif/slipif.c **** 
 160:../../Middlewares/Third_Party/LwIP/src/netif/slipif.c **** #if LWIP_IPV4
 161:../../Middlewares/Third_Party/LwIP/src/netif/slipif.c **** /**
 162:../../Middlewares/Third_Party/LwIP/src/netif/slipif.c ****  * Send a pbuf doing the necessary SLIP encapsulation
 163:../../Middlewares/Third_Party/LwIP/src/netif/slipif.c ****  *
 164:../../Middlewares/Third_Party/LwIP/src/netif/slipif.c ****  * Uses the serial layer's sio_send()
 165:../../Middlewares/Third_Party/LwIP/src/netif/slipif.c ****  *
 166:../../Middlewares/Third_Party/LwIP/src/netif/slipif.c ****  * @param netif the lwip network interface structure for this slipif
 167:../../Middlewares/Third_Party/LwIP/src/netif/slipif.c ****  * @param p the pbuf chain packet to send
 168:../../Middlewares/Third_Party/LwIP/src/netif/slipif.c ****  * @param ipaddr the ip address to send the packet to (not used for slipif)
 169:../../Middlewares/Third_Party/LwIP/src/netif/slipif.c ****  * @return always returns ERR_OK since the serial layer does not provide return values
 170:../../Middlewares/Third_Party/LwIP/src/netif/slipif.c ****  */
 171:../../Middlewares/Third_Party/LwIP/src/netif/slipif.c **** static err_t
 172:../../Middlewares/Third_Party/LwIP/src/netif/slipif.c **** slipif_output_v4(struct netif *netif, struct pbuf *p, const ip4_addr_t *ipaddr)
 173:../../Middlewares/Third_Party/LwIP/src/netif/slipif.c **** {
ARM GAS  /tmp/ccQgSdVg.s 			page 5


 174:../../Middlewares/Third_Party/LwIP/src/netif/slipif.c ****   LWIP_UNUSED_ARG(ipaddr);
 175:../../Middlewares/Third_Party/LwIP/src/netif/slipif.c ****   return slipif_output(netif, p);
 176:../../Middlewares/Third_Party/LwIP/src/netif/slipif.c **** }
 177:../../Middlewares/Third_Party/LwIP/src/netif/slipif.c **** #endif /* LWIP_IPV4 */
 178:../../Middlewares/Third_Party/LwIP/src/netif/slipif.c **** 
 179:../../Middlewares/Third_Party/LwIP/src/netif/slipif.c **** #if LWIP_IPV6
 180:../../Middlewares/Third_Party/LwIP/src/netif/slipif.c **** /**
 181:../../Middlewares/Third_Party/LwIP/src/netif/slipif.c ****  * Send a pbuf doing the necessary SLIP encapsulation
 182:../../Middlewares/Third_Party/LwIP/src/netif/slipif.c ****  *
 183:../../Middlewares/Third_Party/LwIP/src/netif/slipif.c ****  * Uses the serial layer's sio_send()
 184:../../Middlewares/Third_Party/LwIP/src/netif/slipif.c ****  *
 185:../../Middlewares/Third_Party/LwIP/src/netif/slipif.c ****  * @param netif the lwip network interface structure for this slipif
 186:../../Middlewares/Third_Party/LwIP/src/netif/slipif.c ****  * @param p the pbuf chain packet to send
 187:../../Middlewares/Third_Party/LwIP/src/netif/slipif.c ****  * @param ipaddr the ip address to send the packet to (not used for slipif)
 188:../../Middlewares/Third_Party/LwIP/src/netif/slipif.c ****  * @return always returns ERR_OK since the serial layer does not provide return values
 189:../../Middlewares/Third_Party/LwIP/src/netif/slipif.c ****  */
 190:../../Middlewares/Third_Party/LwIP/src/netif/slipif.c **** static err_t
 191:../../Middlewares/Third_Party/LwIP/src/netif/slipif.c **** slipif_output_v6(struct netif *netif, struct pbuf *p, const ip6_addr_t *ipaddr)
 192:../../Middlewares/Third_Party/LwIP/src/netif/slipif.c **** {
 193:../../Middlewares/Third_Party/LwIP/src/netif/slipif.c ****   LWIP_UNUSED_ARG(ipaddr);
 194:../../Middlewares/Third_Party/LwIP/src/netif/slipif.c ****   return slipif_output(netif, p);
 195:../../Middlewares/Third_Party/LwIP/src/netif/slipif.c **** }
 196:../../Middlewares/Third_Party/LwIP/src/netif/slipif.c **** #endif /* LWIP_IPV6 */
 197:../../Middlewares/Third_Party/LwIP/src/netif/slipif.c **** 
 198:../../Middlewares/Third_Party/LwIP/src/netif/slipif.c **** /**
 199:../../Middlewares/Third_Party/LwIP/src/netif/slipif.c ****  * Handle the incoming SLIP stream character by character
 200:../../Middlewares/Third_Party/LwIP/src/netif/slipif.c ****  *
 201:../../Middlewares/Third_Party/LwIP/src/netif/slipif.c ****  * @param netif the lwip network interface structure for this slipif
 202:../../Middlewares/Third_Party/LwIP/src/netif/slipif.c ****  * @param c received character (multiple calls to this function will
 203:../../Middlewares/Third_Party/LwIP/src/netif/slipif.c ****  *        return a complete packet, NULL is returned before - used for polling)
 204:../../Middlewares/Third_Party/LwIP/src/netif/slipif.c ****  * @return The IP packet when SLIP_END is received
 205:../../Middlewares/Third_Party/LwIP/src/netif/slipif.c ****  */
 206:../../Middlewares/Third_Party/LwIP/src/netif/slipif.c **** static struct pbuf *
 207:../../Middlewares/Third_Party/LwIP/src/netif/slipif.c **** slipif_rxbyte(struct netif *netif, u8_t c)
 208:../../Middlewares/Third_Party/LwIP/src/netif/slipif.c **** {
  42              		.loc 1 208 1 view -0
  43              		.cfi_startproc
  44              		@ args = 0, pretend = 0, frame = 0
  45              		@ frame_needed = 0, uses_anonymous_args = 0
  46              		.loc 1 208 1 is_stmt 0 view .LVU1
  47 0000 38B5     		push	{r3, r4, r5, lr}
  48              	.LCFI0:
  49              		.cfi_def_cfa_offset 16
  50              		.cfi_offset 3, -16
  51              		.cfi_offset 4, -12
  52              		.cfi_offset 5, -8
  53              		.cfi_offset 14, -4
  54 0002 0D46     		mov	r5, r1
 209:../../Middlewares/Third_Party/LwIP/src/netif/slipif.c ****   struct slipif_priv *priv;
  55              		.loc 1 209 3 is_stmt 1 view .LVU2
 210:../../Middlewares/Third_Party/LwIP/src/netif/slipif.c ****   struct pbuf *t;
  56              		.loc 1 210 3 view .LVU3
 211:../../Middlewares/Third_Party/LwIP/src/netif/slipif.c **** 
 212:../../Middlewares/Third_Party/LwIP/src/netif/slipif.c ****   LWIP_ASSERT("netif != NULL", (netif != NULL));
  57              		.loc 1 212 3 view .LVU4
  58              		.loc 1 212 3 view .LVU5
  59 0004 0446     		mov	r4, r0
ARM GAS  /tmp/ccQgSdVg.s 			page 6


  60 0006 60B1     		cbz	r0, .L19
  61              	.LVL1:
  62              	.L2:
  63              		.loc 1 212 3 discriminator 3 view .LVU6
  64              		.loc 1 212 3 discriminator 3 view .LVU7
 213:../../Middlewares/Third_Party/LwIP/src/netif/slipif.c ****   LWIP_ASSERT("netif->state != NULL", (netif->state != NULL));
  65              		.loc 1 213 3 view .LVU8
  66              		.loc 1 213 3 view .LVU9
  67 0008 236A     		ldr	r3, [r4, #32]
  68 000a 8BB1     		cbz	r3, .L20
  69              	.L3:
  70              		.loc 1 213 3 discriminator 3 view .LVU10
  71              		.loc 1 213 3 discriminator 3 view .LVU11
 214:../../Middlewares/Third_Party/LwIP/src/netif/slipif.c **** 
 215:../../Middlewares/Third_Party/LwIP/src/netif/slipif.c ****   priv = (struct slipif_priv *)netif->state;
  72              		.loc 1 215 3 view .LVU12
  73              		.loc 1 215 8 is_stmt 0 view .LVU13
  74 000c 246A     		ldr	r4, [r4, #32]
  75              	.LVL2:
 216:../../Middlewares/Third_Party/LwIP/src/netif/slipif.c **** 
 217:../../Middlewares/Third_Party/LwIP/src/netif/slipif.c ****   switch (priv->state) {
  76              		.loc 1 217 3 is_stmt 1 view .LVU14
  77              		.loc 1 217 15 is_stmt 0 view .LVU15
  78 000e 237B     		ldrb	r3, [r4, #12]	@ zero_extendqisi2
  79              		.loc 1 217 3 view .LVU16
  80 0010 ABB1     		cbz	r3, .L4
  81 0012 012B     		cmp	r3, #1
  82 0014 2CD1     		bne	.L6
 218:../../Middlewares/Third_Party/LwIP/src/netif/slipif.c ****     case SLIP_RECV_NORMAL:
 219:../../Middlewares/Third_Party/LwIP/src/netif/slipif.c ****       switch (c) {
 220:../../Middlewares/Third_Party/LwIP/src/netif/slipif.c ****         case SLIP_END:
 221:../../Middlewares/Third_Party/LwIP/src/netif/slipif.c ****           if (priv->recved > 0) {
 222:../../Middlewares/Third_Party/LwIP/src/netif/slipif.c ****             /* Received whole packet. */
 223:../../Middlewares/Third_Party/LwIP/src/netif/slipif.c ****             /* Trim the pbuf to the size of the received packet. */
 224:../../Middlewares/Third_Party/LwIP/src/netif/slipif.c ****             pbuf_realloc(priv->q, priv->recved);
 225:../../Middlewares/Third_Party/LwIP/src/netif/slipif.c **** 
 226:../../Middlewares/Third_Party/LwIP/src/netif/slipif.c ****             LINK_STATS_INC(link.recv);
 227:../../Middlewares/Third_Party/LwIP/src/netif/slipif.c **** 
 228:../../Middlewares/Third_Party/LwIP/src/netif/slipif.c ****             LWIP_DEBUGF(SLIP_DEBUG, ("slipif: Got packet (%"U16_F" bytes)\n", priv->recved));
 229:../../Middlewares/Third_Party/LwIP/src/netif/slipif.c ****             t = priv->q;
 230:../../Middlewares/Third_Party/LwIP/src/netif/slipif.c ****             priv->p = priv->q = NULL;
 231:../../Middlewares/Third_Party/LwIP/src/netif/slipif.c ****             priv->i = priv->recved = 0;
 232:../../Middlewares/Third_Party/LwIP/src/netif/slipif.c ****             return t;
 233:../../Middlewares/Third_Party/LwIP/src/netif/slipif.c ****           }
 234:../../Middlewares/Third_Party/LwIP/src/netif/slipif.c ****           return NULL;
 235:../../Middlewares/Third_Party/LwIP/src/netif/slipif.c ****         case SLIP_ESC:
 236:../../Middlewares/Third_Party/LwIP/src/netif/slipif.c ****           priv->state = SLIP_RECV_ESCAPE;
 237:../../Middlewares/Third_Party/LwIP/src/netif/slipif.c ****           return NULL;
 238:../../Middlewares/Third_Party/LwIP/src/netif/slipif.c ****         default:
 239:../../Middlewares/Third_Party/LwIP/src/netif/slipif.c ****           break;
 240:../../Middlewares/Third_Party/LwIP/src/netif/slipif.c ****       } /* end switch (c) */
 241:../../Middlewares/Third_Party/LwIP/src/netif/slipif.c ****       break;
 242:../../Middlewares/Third_Party/LwIP/src/netif/slipif.c ****     case SLIP_RECV_ESCAPE:
 243:../../Middlewares/Third_Party/LwIP/src/netif/slipif.c ****       /* un-escape END or ESC bytes, leave other bytes
 244:../../Middlewares/Third_Party/LwIP/src/netif/slipif.c ****          (although that would be a protocol error) */
 245:../../Middlewares/Third_Party/LwIP/src/netif/slipif.c ****       switch (c) {
  83              		.loc 1 245 7 is_stmt 1 view .LVU17
ARM GAS  /tmp/ccQgSdVg.s 			page 7


  84 0016 DC2D     		cmp	r5, #220
  85 0018 27D0     		beq	.L15
  86 001a DD2D     		cmp	r5, #221
  87 001c 26D1     		bne	.L10
 246:../../Middlewares/Third_Party/LwIP/src/netif/slipif.c ****         case SLIP_ESC_END:
 247:../../Middlewares/Third_Party/LwIP/src/netif/slipif.c ****           c = SLIP_END;
 248:../../Middlewares/Third_Party/LwIP/src/netif/slipif.c ****           break;
 249:../../Middlewares/Third_Party/LwIP/src/netif/slipif.c ****         case SLIP_ESC_ESC:
 250:../../Middlewares/Third_Party/LwIP/src/netif/slipif.c ****           c = SLIP_ESC;
  88              		.loc 1 250 13 is_stmt 0 view .LVU18
  89 001e DB25     		movs	r5, #219
  90              	.LVL3:
  91              		.loc 1 250 13 view .LVU19
  92 0020 24E0     		b	.L10
  93              	.LVL4:
  94              	.L19:
 212:../../Middlewares/Third_Party/LwIP/src/netif/slipif.c ****   LWIP_ASSERT("netif->state != NULL", (netif->state != NULL));
  95              		.loc 1 212 3 is_stmt 1 discriminator 1 view .LVU20
 212:../../Middlewares/Third_Party/LwIP/src/netif/slipif.c ****   LWIP_ASSERT("netif->state != NULL", (netif->state != NULL));
  96              		.loc 1 212 3 discriminator 1 view .LVU21
  97 0022 304B     		ldr	r3, .L23
  98 0024 D422     		movs	r2, #212
  99 0026 3049     		ldr	r1, .L23+4
 100              	.LVL5:
 212:../../Middlewares/Third_Party/LwIP/src/netif/slipif.c ****   LWIP_ASSERT("netif->state != NULL", (netif->state != NULL));
 101              		.loc 1 212 3 is_stmt 0 discriminator 1 view .LVU22
 102 0028 3048     		ldr	r0, .L23+8
 103              	.LVL6:
 212:../../Middlewares/Third_Party/LwIP/src/netif/slipif.c ****   LWIP_ASSERT("netif->state != NULL", (netif->state != NULL));
 104              		.loc 1 212 3 discriminator 1 view .LVU23
 105 002a FFF7FEFF 		bl	printf
 106              	.LVL7:
 107 002e EBE7     		b	.L2
 108              	.L20:
 213:../../Middlewares/Third_Party/LwIP/src/netif/slipif.c **** 
 109              		.loc 1 213 3 is_stmt 1 discriminator 1 view .LVU24
 213:../../Middlewares/Third_Party/LwIP/src/netif/slipif.c **** 
 110              		.loc 1 213 3 discriminator 1 view .LVU25
 111 0030 2C4B     		ldr	r3, .L23
 112 0032 D522     		movs	r2, #213
 113 0034 2E49     		ldr	r1, .L23+12
 114 0036 2D48     		ldr	r0, .L23+8
 115 0038 FFF7FEFF 		bl	printf
 116              	.LVL8:
 117 003c E6E7     		b	.L3
 118              	.LVL9:
 119              	.L4:
 219:../../Middlewares/Third_Party/LwIP/src/netif/slipif.c ****         case SLIP_END:
 120              		.loc 1 219 7 view .LVU26
 121 003e C02D     		cmp	r5, #192
 122 0040 05D0     		beq	.L7
 123 0042 DB2D     		cmp	r5, #219
 124 0044 14D1     		bne	.L6
 236:../../Middlewares/Third_Party/LwIP/src/netif/slipif.c ****           return NULL;
 125              		.loc 1 236 11 view .LVU27
 236:../../Middlewares/Third_Party/LwIP/src/netif/slipif.c ****           return NULL;
 126              		.loc 1 236 23 is_stmt 0 view .LVU28
ARM GAS  /tmp/ccQgSdVg.s 			page 8


 127 0046 0123     		movs	r3, #1
 128 0048 2373     		strb	r3, [r4, #12]
 237:../../Middlewares/Third_Party/LwIP/src/netif/slipif.c ****         default:
 129              		.loc 1 237 11 is_stmt 1 view .LVU29
 237:../../Middlewares/Third_Party/LwIP/src/netif/slipif.c ****         default:
 130              		.loc 1 237 18 is_stmt 0 view .LVU30
 131 004a 0020     		movs	r0, #0
 132 004c 47E0     		b	.L1
 133              	.L7:
 221:../../Middlewares/Third_Party/LwIP/src/netif/slipif.c ****             /* Received whole packet. */
 134              		.loc 1 221 11 is_stmt 1 view .LVU31
 221:../../Middlewares/Third_Party/LwIP/src/netif/slipif.c ****             /* Received whole packet. */
 135              		.loc 1 221 19 is_stmt 0 view .LVU32
 136 004e 218A     		ldrh	r1, [r4, #16]
 221:../../Middlewares/Third_Party/LwIP/src/netif/slipif.c ****             /* Received whole packet. */
 137              		.loc 1 221 14 view .LVU33
 138 0050 09B9     		cbnz	r1, .L21
 234:../../Middlewares/Third_Party/LwIP/src/netif/slipif.c ****         case SLIP_ESC:
 139              		.loc 1 234 18 view .LVU34
 140 0052 0020     		movs	r0, #0
 141 0054 43E0     		b	.L1
 142              	.L21:
 224:../../Middlewares/Third_Party/LwIP/src/netif/slipif.c **** 
 143              		.loc 1 224 13 is_stmt 1 view .LVU35
 144 0056 A068     		ldr	r0, [r4, #8]
 145 0058 FFF7FEFF 		bl	pbuf_realloc
 146              	.LVL10:
 226:../../Middlewares/Third_Party/LwIP/src/netif/slipif.c **** 
 147              		.loc 1 226 38 view .LVU36
 228:../../Middlewares/Third_Party/LwIP/src/netif/slipif.c ****             t = priv->q;
 148              		.loc 1 228 93 view .LVU37
 229:../../Middlewares/Third_Party/LwIP/src/netif/slipif.c ****             priv->p = priv->q = NULL;
 149              		.loc 1 229 13 view .LVU38
 229:../../Middlewares/Third_Party/LwIP/src/netif/slipif.c ****             priv->p = priv->q = NULL;
 150              		.loc 1 229 15 is_stmt 0 view .LVU39
 151 005c A068     		ldr	r0, [r4, #8]
 152              	.LVL11:
 230:../../Middlewares/Third_Party/LwIP/src/netif/slipif.c ****             priv->i = priv->recved = 0;
 153              		.loc 1 230 13 is_stmt 1 view .LVU40
 230:../../Middlewares/Third_Party/LwIP/src/netif/slipif.c ****             priv->i = priv->recved = 0;
 154              		.loc 1 230 31 is_stmt 0 view .LVU41
 155 005e 0023     		movs	r3, #0
 156 0060 A360     		str	r3, [r4, #8]
 230:../../Middlewares/Third_Party/LwIP/src/netif/slipif.c ****             priv->i = priv->recved = 0;
 157              		.loc 1 230 21 view .LVU42
 158 0062 6360     		str	r3, [r4, #4]
 231:../../Middlewares/Third_Party/LwIP/src/netif/slipif.c ****             return t;
 159              		.loc 1 231 13 is_stmt 1 view .LVU43
 231:../../Middlewares/Third_Party/LwIP/src/netif/slipif.c ****             return t;
 160              		.loc 1 231 36 is_stmt 0 view .LVU44
 161 0064 2382     		strh	r3, [r4, #16]	@ movhi
 231:../../Middlewares/Third_Party/LwIP/src/netif/slipif.c ****             return t;
 162              		.loc 1 231 21 view .LVU45
 163 0066 E381     		strh	r3, [r4, #14]	@ movhi
 232:../../Middlewares/Third_Party/LwIP/src/netif/slipif.c ****           }
 164              		.loc 1 232 13 is_stmt 1 view .LVU46
 232:../../Middlewares/Third_Party/LwIP/src/netif/slipif.c ****           }
ARM GAS  /tmp/ccQgSdVg.s 			page 9


 165              		.loc 1 232 20 is_stmt 0 view .LVU47
 166 0068 39E0     		b	.L1
 167              	.LVL12:
 168              	.L15:
 247:../../Middlewares/Third_Party/LwIP/src/netif/slipif.c ****           break;
 169              		.loc 1 247 13 view .LVU48
 170 006a C025     		movs	r5, #192
 171              	.LVL13:
 172              	.L10:
 251:../../Middlewares/Third_Party/LwIP/src/netif/slipif.c ****           break;
 252:../../Middlewares/Third_Party/LwIP/src/netif/slipif.c ****         default:
 253:../../Middlewares/Third_Party/LwIP/src/netif/slipif.c ****           break;
 254:../../Middlewares/Third_Party/LwIP/src/netif/slipif.c ****       }
 255:../../Middlewares/Third_Party/LwIP/src/netif/slipif.c ****       priv->state = SLIP_RECV_NORMAL;
 173              		.loc 1 255 7 is_stmt 1 view .LVU49
 174              		.loc 1 255 19 is_stmt 0 view .LVU50
 175 006c 0023     		movs	r3, #0
 176 006e 2373     		strb	r3, [r4, #12]
 256:../../Middlewares/Third_Party/LwIP/src/netif/slipif.c ****       break;
 177              		.loc 1 256 7 is_stmt 1 view .LVU51
 178              	.LVL14:
 179              	.L6:
 257:../../Middlewares/Third_Party/LwIP/src/netif/slipif.c ****     default:
 258:../../Middlewares/Third_Party/LwIP/src/netif/slipif.c ****       break;
 259:../../Middlewares/Third_Party/LwIP/src/netif/slipif.c ****   } /* end switch (priv->state) */
 260:../../Middlewares/Third_Party/LwIP/src/netif/slipif.c **** 
 261:../../Middlewares/Third_Party/LwIP/src/netif/slipif.c ****   /* byte received, packet not yet completely received */
 262:../../Middlewares/Third_Party/LwIP/src/netif/slipif.c ****   if (priv->p == NULL) {
 180              		.loc 1 262 3 view .LVU52
 181              		.loc 1 262 11 is_stmt 0 view .LVU53
 182 0070 6368     		ldr	r3, [r4, #4]
 183              		.loc 1 262 6 view .LVU54
 184 0072 F3B1     		cbz	r3, .L22
 185              	.L11:
 263:../../Middlewares/Third_Party/LwIP/src/netif/slipif.c ****     /* allocate a new pbuf */
 264:../../Middlewares/Third_Party/LwIP/src/netif/slipif.c ****     LWIP_DEBUGF(SLIP_DEBUG, ("slipif_input: alloc\n"));
 265:../../Middlewares/Third_Party/LwIP/src/netif/slipif.c ****     priv->p = pbuf_alloc(PBUF_LINK, (PBUF_POOL_BUFSIZE - PBUF_LINK_HLEN - PBUF_LINK_ENCAPSULATION_H
 266:../../Middlewares/Third_Party/LwIP/src/netif/slipif.c **** 
 267:../../Middlewares/Third_Party/LwIP/src/netif/slipif.c ****     if (priv->p == NULL) {
 268:../../Middlewares/Third_Party/LwIP/src/netif/slipif.c ****       LINK_STATS_INC(link.drop);
 269:../../Middlewares/Third_Party/LwIP/src/netif/slipif.c ****       LWIP_DEBUGF(SLIP_DEBUG, ("slipif_input: no new pbuf! (DROP)\n"));
 270:../../Middlewares/Third_Party/LwIP/src/netif/slipif.c ****       /* don't process any further since we got no pbuf to receive to */
 271:../../Middlewares/Third_Party/LwIP/src/netif/slipif.c ****       return NULL;
 272:../../Middlewares/Third_Party/LwIP/src/netif/slipif.c ****     }
 273:../../Middlewares/Third_Party/LwIP/src/netif/slipif.c **** 
 274:../../Middlewares/Third_Party/LwIP/src/netif/slipif.c ****     if (priv->q != NULL) {
 275:../../Middlewares/Third_Party/LwIP/src/netif/slipif.c ****       /* 'chain' the pbuf to the existing chain */
 276:../../Middlewares/Third_Party/LwIP/src/netif/slipif.c ****       pbuf_cat(priv->q, priv->p);
 277:../../Middlewares/Third_Party/LwIP/src/netif/slipif.c ****     } else {
 278:../../Middlewares/Third_Party/LwIP/src/netif/slipif.c ****       /* p is the first pbuf in the chain */
 279:../../Middlewares/Third_Party/LwIP/src/netif/slipif.c ****       priv->q = priv->p;
 280:../../Middlewares/Third_Party/LwIP/src/netif/slipif.c ****     }
 281:../../Middlewares/Third_Party/LwIP/src/netif/slipif.c ****   }
 282:../../Middlewares/Third_Party/LwIP/src/netif/slipif.c **** 
 283:../../Middlewares/Third_Party/LwIP/src/netif/slipif.c ****   /* this automatically drops bytes if > SLIP_MAX_SIZE */
 284:../../Middlewares/Third_Party/LwIP/src/netif/slipif.c ****   if ((priv->p != NULL) && (priv->recved <= SLIP_MAX_SIZE)) {
 186              		.loc 1 284 3 is_stmt 1 view .LVU55
ARM GAS  /tmp/ccQgSdVg.s 			page 10


 187              		.loc 1 284 12 is_stmt 0 view .LVU56
 188 0074 6068     		ldr	r0, [r4, #4]
 189              		.loc 1 284 6 view .LVU57
 190 0076 0028     		cmp	r0, #0
 191 0078 31D0     		beq	.L1
 192              		.loc 1 284 33 discriminator 1 view .LVU58
 193 007a 228A     		ldrh	r2, [r4, #16]
 194              		.loc 1 284 25 discriminator 1 view .LVU59
 195 007c 40F2DC53 		movw	r3, #1500
 196 0080 9A42     		cmp	r2, r3
 197 0082 2BD8     		bhi	.L16
 285:../../Middlewares/Third_Party/LwIP/src/netif/slipif.c ****     ((u8_t *)priv->p->payload)[priv->i] = c;
 198              		.loc 1 285 5 is_stmt 1 view .LVU60
 199              		.loc 1 285 21 is_stmt 0 view .LVU61
 200 0084 4268     		ldr	r2, [r0, #4]
 201              		.loc 1 285 36 view .LVU62
 202 0086 E389     		ldrh	r3, [r4, #14]
 203              		.loc 1 285 41 view .LVU63
 204 0088 D554     		strb	r5, [r2, r3]
 286:../../Middlewares/Third_Party/LwIP/src/netif/slipif.c ****     priv->recved++;
 205              		.loc 1 286 5 is_stmt 1 view .LVU64
 206              		.loc 1 286 9 is_stmt 0 view .LVU65
 207 008a 238A     		ldrh	r3, [r4, #16]
 208              		.loc 1 286 17 view .LVU66
 209 008c 0133     		adds	r3, r3, #1
 210 008e 2382     		strh	r3, [r4, #16]	@ movhi
 287:../../Middlewares/Third_Party/LwIP/src/netif/slipif.c ****     priv->i++;
 211              		.loc 1 287 5 is_stmt 1 view .LVU67
 212              		.loc 1 287 9 is_stmt 0 view .LVU68
 213 0090 E389     		ldrh	r3, [r4, #14]
 214              		.loc 1 287 12 view .LVU69
 215 0092 0133     		adds	r3, r3, #1
 216 0094 9BB2     		uxth	r3, r3
 217 0096 E381     		strh	r3, [r4, #14]	@ movhi
 288:../../Middlewares/Third_Party/LwIP/src/netif/slipif.c ****     if (priv->i >= priv->p->len) {
 218              		.loc 1 288 5 is_stmt 1 view .LVU70
 219              		.loc 1 288 24 is_stmt 0 view .LVU71
 220 0098 6268     		ldr	r2, [r4, #4]
 221              		.loc 1 288 27 view .LVU72
 222 009a 5189     		ldrh	r1, [r2, #10]
 223              		.loc 1 288 8 view .LVU73
 224 009c 8B42     		cmp	r3, r1
 225 009e 1FD3     		bcc	.L17
 289:../../Middlewares/Third_Party/LwIP/src/netif/slipif.c ****       /* on to the next pbuf */
 290:../../Middlewares/Third_Party/LwIP/src/netif/slipif.c ****       priv->i = 0;
 226              		.loc 1 290 7 is_stmt 1 view .LVU74
 227              		.loc 1 290 15 is_stmt 0 view .LVU75
 228 00a0 0023     		movs	r3, #0
 229 00a2 E381     		strh	r3, [r4, #14]	@ movhi
 291:../../Middlewares/Third_Party/LwIP/src/netif/slipif.c ****       if (priv->p->next != NULL && priv->p->next->len > 0) {
 230              		.loc 1 291 7 is_stmt 1 view .LVU76
 231              		.loc 1 291 18 is_stmt 0 view .LVU77
 232 00a4 1368     		ldr	r3, [r2]
 233              		.loc 1 291 10 view .LVU78
 234 00a6 B3B1     		cbz	r3, .L13
 235              		.loc 1 291 49 discriminator 1 view .LVU79
 236 00a8 5A89     		ldrh	r2, [r3, #10]
ARM GAS  /tmp/ccQgSdVg.s 			page 11


 237              		.loc 1 291 33 discriminator 1 view .LVU80
 238 00aa A2B1     		cbz	r2, .L13
 292:../../Middlewares/Third_Party/LwIP/src/netif/slipif.c ****         /* p is a chain, on to the next in the chain */
 293:../../Middlewares/Third_Party/LwIP/src/netif/slipif.c ****         priv->p = priv->p->next;
 239              		.loc 1 293 9 is_stmt 1 view .LVU81
 240              		.loc 1 293 17 is_stmt 0 view .LVU82
 241 00ac 6360     		str	r3, [r4, #4]
 294:../../Middlewares/Third_Party/LwIP/src/netif/slipif.c ****       } else {
 295:../../Middlewares/Third_Party/LwIP/src/netif/slipif.c ****         /* p is a single pbuf, set it to NULL so next time a new
 296:../../Middlewares/Third_Party/LwIP/src/netif/slipif.c ****          * pbuf is allocated */
 297:../../Middlewares/Third_Party/LwIP/src/netif/slipif.c ****         priv->p = NULL;
 298:../../Middlewares/Third_Party/LwIP/src/netif/slipif.c ****       }
 299:../../Middlewares/Third_Party/LwIP/src/netif/slipif.c ****     }
 300:../../Middlewares/Third_Party/LwIP/src/netif/slipif.c ****   }
 301:../../Middlewares/Third_Party/LwIP/src/netif/slipif.c ****   return NULL;
 242              		.loc 1 301 10 view .LVU83
 243 00ae 0020     		movs	r0, #0
 293:../../Middlewares/Third_Party/LwIP/src/netif/slipif.c ****       } else {
 244              		.loc 1 293 17 view .LVU84
 245 00b0 15E0     		b	.L1
 246              	.L22:
 264:../../Middlewares/Third_Party/LwIP/src/netif/slipif.c ****     priv->p = pbuf_alloc(PBUF_LINK, (PBUF_POOL_BUFSIZE - PBUF_LINK_HLEN - PBUF_LINK_ENCAPSULATION_H
 247              		.loc 1 264 55 is_stmt 1 view .LVU85
 265:../../Middlewares/Third_Party/LwIP/src/netif/slipif.c **** 
 248              		.loc 1 265 5 view .LVU86
 265:../../Middlewares/Third_Party/LwIP/src/netif/slipif.c **** 
 249              		.loc 1 265 15 is_stmt 0 view .LVU87
 250 00b2 4FF4C172 		mov	r2, #386
 251 00b6 40F24221 		movw	r1, #578
 252 00ba 0E20     		movs	r0, #14
 253 00bc FFF7FEFF 		bl	pbuf_alloc
 254              	.LVL15:
 265:../../Middlewares/Third_Party/LwIP/src/netif/slipif.c **** 
 255              		.loc 1 265 13 discriminator 1 view .LVU88
 256 00c0 6060     		str	r0, [r4, #4]
 267:../../Middlewares/Third_Party/LwIP/src/netif/slipif.c ****       LINK_STATS_INC(link.drop);
 257              		.loc 1 267 5 is_stmt 1 view .LVU89
 267:../../Middlewares/Third_Party/LwIP/src/netif/slipif.c ****       LINK_STATS_INC(link.drop);
 258              		.loc 1 267 8 is_stmt 0 view .LVU90
 259 00c2 60B1     		cbz	r0, .L1
 274:../../Middlewares/Third_Party/LwIP/src/netif/slipif.c ****       /* 'chain' the pbuf to the existing chain */
 260              		.loc 1 274 5 is_stmt 1 view .LVU91
 274:../../Middlewares/Third_Party/LwIP/src/netif/slipif.c ****       /* 'chain' the pbuf to the existing chain */
 261              		.loc 1 274 13 is_stmt 0 view .LVU92
 262 00c4 A368     		ldr	r3, [r4, #8]
 274:../../Middlewares/Third_Party/LwIP/src/netif/slipif.c ****       /* 'chain' the pbuf to the existing chain */
 263              		.loc 1 274 8 view .LVU93
 264 00c6 23B1     		cbz	r3, .L12
 276:../../Middlewares/Third_Party/LwIP/src/netif/slipif.c ****     } else {
 265              		.loc 1 276 7 is_stmt 1 view .LVU94
 266 00c8 0146     		mov	r1, r0
 267 00ca 1846     		mov	r0, r3
 268 00cc FFF7FEFF 		bl	pbuf_cat
 269              	.LVL16:
 270 00d0 D0E7     		b	.L11
 271              	.L12:
 279:../../Middlewares/Third_Party/LwIP/src/netif/slipif.c ****     }
ARM GAS  /tmp/ccQgSdVg.s 			page 12


 272              		.loc 1 279 7 view .LVU95
 279:../../Middlewares/Third_Party/LwIP/src/netif/slipif.c ****     }
 273              		.loc 1 279 15 is_stmt 0 view .LVU96
 274 00d2 A060     		str	r0, [r4, #8]
 275 00d4 CEE7     		b	.L11
 276              	.L13:
 297:../../Middlewares/Third_Party/LwIP/src/netif/slipif.c ****       }
 277              		.loc 1 297 9 is_stmt 1 view .LVU97
 297:../../Middlewares/Third_Party/LwIP/src/netif/slipif.c ****       }
 278              		.loc 1 297 17 is_stmt 0 view .LVU98
 279 00d6 0020     		movs	r0, #0
 280 00d8 6060     		str	r0, [r4, #4]
 281 00da 00E0     		b	.L1
 282              	.L16:
 283              		.loc 1 301 10 view .LVU99
 284 00dc 0020     		movs	r0, #0
 285              	.LVL17:
 286              	.L1:
 302:../../Middlewares/Third_Party/LwIP/src/netif/slipif.c **** }
 287              		.loc 1 302 1 view .LVU100
 288 00de 38BD     		pop	{r3, r4, r5, pc}
 289              	.LVL18:
 290              	.L17:
 301:../../Middlewares/Third_Party/LwIP/src/netif/slipif.c **** }
 291              		.loc 1 301 10 view .LVU101
 292 00e0 0020     		movs	r0, #0
 293 00e2 FCE7     		b	.L1
 294              	.L24:
 295              		.align	2
 296              	.L23:
 297 00e4 00000000 		.word	.LC0
 298 00e8 38000000 		.word	.LC1
 299 00ec 48000000 		.word	.LC2
 300 00f0 70000000 		.word	.LC3
 301              		.cfi_endproc
 302              	.LFE367:
 304              		.section	.text.slipif_rxbyte_input,"ax",%progbits
 305              		.align	1
 306              		.syntax unified
 307              		.thumb
 308              		.thumb_func
 310              	slipif_rxbyte_input:
 311              	.LVL19:
 312              	.LFB368:
 303:../../Middlewares/Third_Party/LwIP/src/netif/slipif.c **** 
 304:../../Middlewares/Third_Party/LwIP/src/netif/slipif.c **** /** Like slipif_rxbyte, but passes completed packets to netif->input
 305:../../Middlewares/Third_Party/LwIP/src/netif/slipif.c ****  *
 306:../../Middlewares/Third_Party/LwIP/src/netif/slipif.c ****  * @param netif The lwip network interface structure for this slipif
 307:../../Middlewares/Third_Party/LwIP/src/netif/slipif.c ****  * @param c received character
 308:../../Middlewares/Third_Party/LwIP/src/netif/slipif.c ****  */
 309:../../Middlewares/Third_Party/LwIP/src/netif/slipif.c **** static void
 310:../../Middlewares/Third_Party/LwIP/src/netif/slipif.c **** slipif_rxbyte_input(struct netif *netif, u8_t c)
 311:../../Middlewares/Third_Party/LwIP/src/netif/slipif.c **** {
 313              		.loc 1 311 1 is_stmt 1 view -0
 314              		.cfi_startproc
 315              		@ args = 0, pretend = 0, frame = 0
 316              		@ frame_needed = 0, uses_anonymous_args = 0
ARM GAS  /tmp/ccQgSdVg.s 			page 13


 317              		.loc 1 311 1 is_stmt 0 view .LVU103
 318 0000 38B5     		push	{r3, r4, r5, lr}
 319              	.LCFI1:
 320              		.cfi_def_cfa_offset 16
 321              		.cfi_offset 3, -16
 322              		.cfi_offset 4, -12
 323              		.cfi_offset 5, -8
 324              		.cfi_offset 14, -4
 325 0002 0446     		mov	r4, r0
 312:../../Middlewares/Third_Party/LwIP/src/netif/slipif.c ****   struct pbuf *p;
 326              		.loc 1 312 3 is_stmt 1 view .LVU104
 313:../../Middlewares/Third_Party/LwIP/src/netif/slipif.c ****   p = slipif_rxbyte(netif, c);
 327              		.loc 1 313 3 view .LVU105
 328              		.loc 1 313 7 is_stmt 0 view .LVU106
 329 0004 FFF7FEFF 		bl	slipif_rxbyte
 330              	.LVL20:
 314:../../Middlewares/Third_Party/LwIP/src/netif/slipif.c ****   if (p != NULL) {
 331              		.loc 1 314 3 is_stmt 1 view .LVU107
 332              		.loc 1 314 6 is_stmt 0 view .LVU108
 333 0008 20B1     		cbz	r0, .L25
 334 000a 0546     		mov	r5, r0
 315:../../Middlewares/Third_Party/LwIP/src/netif/slipif.c ****     if (netif->input(p, netif) != ERR_OK) {
 335              		.loc 1 315 5 is_stmt 1 view .LVU109
 336              		.loc 1 315 14 is_stmt 0 view .LVU110
 337 000c 2369     		ldr	r3, [r4, #16]
 338              		.loc 1 315 9 view .LVU111
 339 000e 2146     		mov	r1, r4
 340 0010 9847     		blx	r3
 341              	.LVL21:
 342              		.loc 1 315 8 discriminator 1 view .LVU112
 343 0012 00B9     		cbnz	r0, .L28
 344              	.LVL22:
 345              	.L25:
 316:../../Middlewares/Third_Party/LwIP/src/netif/slipif.c ****       pbuf_free(p);
 317:../../Middlewares/Third_Party/LwIP/src/netif/slipif.c ****     }
 318:../../Middlewares/Third_Party/LwIP/src/netif/slipif.c ****   }
 319:../../Middlewares/Third_Party/LwIP/src/netif/slipif.c **** }
 346              		.loc 1 319 1 view .LVU113
 347 0014 38BD     		pop	{r3, r4, r5, pc}
 348              	.LVL23:
 349              	.L28:
 316:../../Middlewares/Third_Party/LwIP/src/netif/slipif.c ****       pbuf_free(p);
 350              		.loc 1 316 7 is_stmt 1 view .LVU114
 351 0016 2846     		mov	r0, r5
 352 0018 FFF7FEFF 		bl	pbuf_free
 353              	.LVL24:
 354              		.loc 1 319 1 is_stmt 0 view .LVU115
 355 001c FAE7     		b	.L25
 356              		.cfi_endproc
 357              	.LFE368:
 359              		.section	.text.slipif_loop_thread,"ax",%progbits
 360              		.align	1
 361              		.syntax unified
 362              		.thumb
 363              		.thumb_func
 365              	slipif_loop_thread:
 366              	.LVL25:
ARM GAS  /tmp/ccQgSdVg.s 			page 14


 367              	.LFB369:
 320:../../Middlewares/Third_Party/LwIP/src/netif/slipif.c **** 
 321:../../Middlewares/Third_Party/LwIP/src/netif/slipif.c **** #if SLIP_USE_RX_THREAD
 322:../../Middlewares/Third_Party/LwIP/src/netif/slipif.c **** /**
 323:../../Middlewares/Third_Party/LwIP/src/netif/slipif.c ****  * The SLIP input thread.
 324:../../Middlewares/Third_Party/LwIP/src/netif/slipif.c ****  *
 325:../../Middlewares/Third_Party/LwIP/src/netif/slipif.c ****  * Feed the IP layer with incoming packets
 326:../../Middlewares/Third_Party/LwIP/src/netif/slipif.c ****  *
 327:../../Middlewares/Third_Party/LwIP/src/netif/slipif.c ****  * @param nf the lwip network interface structure for this slipif
 328:../../Middlewares/Third_Party/LwIP/src/netif/slipif.c ****  */
 329:../../Middlewares/Third_Party/LwIP/src/netif/slipif.c **** static void
 330:../../Middlewares/Third_Party/LwIP/src/netif/slipif.c **** slipif_loop_thread(void *nf)
 331:../../Middlewares/Third_Party/LwIP/src/netif/slipif.c **** {
 368              		.loc 1 331 1 is_stmt 1 view -0
 369              		.cfi_startproc
 370              		@ args = 0, pretend = 0, frame = 8
 371              		@ frame_needed = 0, uses_anonymous_args = 0
 372              		.loc 1 331 1 is_stmt 0 view .LVU117
 373 0000 30B5     		push	{r4, r5, lr}
 374              	.LCFI2:
 375              		.cfi_def_cfa_offset 12
 376              		.cfi_offset 4, -12
 377              		.cfi_offset 5, -8
 378              		.cfi_offset 14, -4
 379 0002 83B0     		sub	sp, sp, #12
 380              	.LCFI3:
 381              		.cfi_def_cfa_offset 24
 382 0004 0546     		mov	r5, r0
 332:../../Middlewares/Third_Party/LwIP/src/netif/slipif.c ****   u8_t c;
 383              		.loc 1 332 3 is_stmt 1 view .LVU118
 333:../../Middlewares/Third_Party/LwIP/src/netif/slipif.c ****   struct netif *netif = (struct netif *)nf;
 384              		.loc 1 333 3 view .LVU119
 385              	.LVL26:
 334:../../Middlewares/Third_Party/LwIP/src/netif/slipif.c ****   struct slipif_priv *priv = (struct slipif_priv *)netif->state;
 386              		.loc 1 334 3 view .LVU120
 387              		.loc 1 334 23 is_stmt 0 view .LVU121
 388 0006 046A     		ldr	r4, [r0, #32]
 389              	.LVL27:
 390              	.L30:
 335:../../Middlewares/Third_Party/LwIP/src/netif/slipif.c **** 
 336:../../Middlewares/Third_Party/LwIP/src/netif/slipif.c ****   while (1) {
 391              		.loc 1 336 3 is_stmt 1 view .LVU122
 337:../../Middlewares/Third_Party/LwIP/src/netif/slipif.c ****     if (sio_read(priv->sd, &c, 1) > 0) {
 392              		.loc 1 337 5 view .LVU123
 393              		.loc 1 337 9 is_stmt 0 view .LVU124
 394 0008 0122     		movs	r2, #1
 395 000a 0DF10701 		add	r1, sp, #7
 396 000e 2068     		ldr	r0, [r4]
 397 0010 FFF7FEFF 		bl	sio_read
 398              	.LVL28:
 399              		.loc 1 337 8 discriminator 1 view .LVU125
 400 0014 0028     		cmp	r0, #0
 401 0016 F7D0     		beq	.L30
 338:../../Middlewares/Third_Party/LwIP/src/netif/slipif.c ****       slipif_rxbyte_input(netif, c);
 402              		.loc 1 338 7 is_stmt 1 view .LVU126
 403 0018 9DF80710 		ldrb	r1, [sp, #7]	@ zero_extendqisi2
 404 001c 2846     		mov	r0, r5
ARM GAS  /tmp/ccQgSdVg.s 			page 15


 405 001e FFF7FEFF 		bl	slipif_rxbyte_input
 406              	.LVL29:
 407 0022 F1E7     		b	.L30
 408              		.cfi_endproc
 409              	.LFE369:
 411              		.section	.rodata.slipif_output.str1.4,"aMS",%progbits,1
 412              		.align	2
 413              	.LC4:
 414 0000 7020213D 		.ascii	"p != NULL\000"
 414      204E554C 
 414      4C00
 415              		.section	.text.slipif_output,"ax",%progbits
 416              		.align	1
 417              		.syntax unified
 418              		.thumb
 419              		.thumb_func
 421              	slipif_output:
 422              	.LVL30:
 423              	.LFB365:
 117:../../Middlewares/Third_Party/LwIP/src/netif/slipif.c ****   struct slipif_priv *priv;
 424              		.loc 1 117 1 view -0
 425              		.cfi_startproc
 426              		@ args = 0, pretend = 0, frame = 0
 427              		@ frame_needed = 0, uses_anonymous_args = 0
 117:../../Middlewares/Third_Party/LwIP/src/netif/slipif.c ****   struct slipif_priv *priv;
 428              		.loc 1 117 1 is_stmt 0 view .LVU128
 429 0000 70B5     		push	{r4, r5, r6, lr}
 430              	.LCFI4:
 431              		.cfi_def_cfa_offset 16
 432              		.cfi_offset 4, -16
 433              		.cfi_offset 5, -12
 434              		.cfi_offset 6, -8
 435              		.cfi_offset 14, -4
 436 0002 0D46     		mov	r5, r1
 118:../../Middlewares/Third_Party/LwIP/src/netif/slipif.c ****   struct pbuf *q;
 437              		.loc 1 118 3 is_stmt 1 view .LVU129
 119:../../Middlewares/Third_Party/LwIP/src/netif/slipif.c ****   u16_t i;
 438              		.loc 1 119 3 view .LVU130
 120:../../Middlewares/Third_Party/LwIP/src/netif/slipif.c ****   u8_t c;
 439              		.loc 1 120 3 view .LVU131
 121:../../Middlewares/Third_Party/LwIP/src/netif/slipif.c **** 
 440              		.loc 1 121 3 view .LVU132
 123:../../Middlewares/Third_Party/LwIP/src/netif/slipif.c ****   LWIP_ASSERT("netif->state != NULL", (netif->state != NULL));
 441              		.loc 1 123 3 view .LVU133
 123:../../Middlewares/Third_Party/LwIP/src/netif/slipif.c ****   LWIP_ASSERT("netif->state != NULL", (netif->state != NULL));
 442              		.loc 1 123 3 view .LVU134
 443 0004 0446     		mov	r4, r0
 444 0006 40B1     		cbz	r0, .L47
 445              	.LVL31:
 446              	.L34:
 123:../../Middlewares/Third_Party/LwIP/src/netif/slipif.c ****   LWIP_ASSERT("netif->state != NULL", (netif->state != NULL));
 447              		.loc 1 123 3 discriminator 3 view .LVU135
 123:../../Middlewares/Third_Party/LwIP/src/netif/slipif.c ****   LWIP_ASSERT("netif->state != NULL", (netif->state != NULL));
 448              		.loc 1 123 3 discriminator 3 view .LVU136
 124:../../Middlewares/Third_Party/LwIP/src/netif/slipif.c ****   LWIP_ASSERT("p != NULL", (p != NULL));
 449              		.loc 1 124 3 view .LVU137
 124:../../Middlewares/Third_Party/LwIP/src/netif/slipif.c ****   LWIP_ASSERT("p != NULL", (p != NULL));
ARM GAS  /tmp/ccQgSdVg.s 			page 16


 450              		.loc 1 124 3 view .LVU138
 451 0008 236A     		ldr	r3, [r4, #32]
 452 000a 6BB1     		cbz	r3, .L48
 453              	.L35:
 124:../../Middlewares/Third_Party/LwIP/src/netif/slipif.c ****   LWIP_ASSERT("p != NULL", (p != NULL));
 454              		.loc 1 124 3 discriminator 3 view .LVU139
 124:../../Middlewares/Third_Party/LwIP/src/netif/slipif.c ****   LWIP_ASSERT("p != NULL", (p != NULL));
 455              		.loc 1 124 3 discriminator 3 view .LVU140
 125:../../Middlewares/Third_Party/LwIP/src/netif/slipif.c **** 
 456              		.loc 1 125 3 view .LVU141
 125:../../Middlewares/Third_Party/LwIP/src/netif/slipif.c **** 
 457              		.loc 1 125 3 view .LVU142
 458 000c 9DB1     		cbz	r5, .L49
 459              	.L36:
 125:../../Middlewares/Third_Party/LwIP/src/netif/slipif.c **** 
 460              		.loc 1 125 3 discriminator 3 view .LVU143
 125:../../Middlewares/Third_Party/LwIP/src/netif/slipif.c **** 
 461              		.loc 1 125 3 discriminator 3 view .LVU144
 127:../../Middlewares/Third_Party/LwIP/src/netif/slipif.c ****   priv = (struct slipif_priv *)netif->state;
 462              		.loc 1 127 83 view .LVU145
 128:../../Middlewares/Third_Party/LwIP/src/netif/slipif.c **** 
 463              		.loc 1 128 3 view .LVU146
 128:../../Middlewares/Third_Party/LwIP/src/netif/slipif.c **** 
 464              		.loc 1 128 8 is_stmt 0 view .LVU147
 465 000e 266A     		ldr	r6, [r4, #32]
 466              	.LVL32:
 132:../../Middlewares/Third_Party/LwIP/src/netif/slipif.c **** 
 467              		.loc 1 132 3 is_stmt 1 view .LVU148
 468 0010 3168     		ldr	r1, [r6]
 469 0012 C020     		movs	r0, #192
 470 0014 FFF7FEFF 		bl	sio_send
 471              	.LVL33:
 134:../../Middlewares/Third_Party/LwIP/src/netif/slipif.c ****     for (i = 0; i < q->len; i++) {
 472              		.loc 1 134 3 view .LVU149
 134:../../Middlewares/Third_Party/LwIP/src/netif/slipif.c ****     for (i = 0; i < q->len; i++) {
 473              		.loc 1 134 3 is_stmt 0 view .LVU150
 474 0018 35E0     		b	.L37
 475              	.LVL34:
 476              	.L47:
 123:../../Middlewares/Third_Party/LwIP/src/netif/slipif.c ****   LWIP_ASSERT("netif->state != NULL", (netif->state != NULL));
 477              		.loc 1 123 3 is_stmt 1 discriminator 1 view .LVU151
 123:../../Middlewares/Third_Party/LwIP/src/netif/slipif.c ****   LWIP_ASSERT("netif->state != NULL", (netif->state != NULL));
 478              		.loc 1 123 3 discriminator 1 view .LVU152
 479 001a 1F4B     		ldr	r3, .L52
 480 001c 7B22     		movs	r2, #123
 481 001e 1F49     		ldr	r1, .L52+4
 482              	.LVL35:
 123:../../Middlewares/Third_Party/LwIP/src/netif/slipif.c ****   LWIP_ASSERT("netif->state != NULL", (netif->state != NULL));
 483              		.loc 1 123 3 is_stmt 0 discriminator 1 view .LVU153
 484 0020 1F48     		ldr	r0, .L52+8
 485              	.LVL36:
 123:../../Middlewares/Third_Party/LwIP/src/netif/slipif.c ****   LWIP_ASSERT("netif->state != NULL", (netif->state != NULL));
 486              		.loc 1 123 3 discriminator 1 view .LVU154
 487 0022 FFF7FEFF 		bl	printf
 488              	.LVL37:
 489 0026 EFE7     		b	.L34
 490              	.L48:
ARM GAS  /tmp/ccQgSdVg.s 			page 17


 124:../../Middlewares/Third_Party/LwIP/src/netif/slipif.c ****   LWIP_ASSERT("p != NULL", (p != NULL));
 491              		.loc 1 124 3 is_stmt 1 discriminator 1 view .LVU155
 124:../../Middlewares/Third_Party/LwIP/src/netif/slipif.c ****   LWIP_ASSERT("p != NULL", (p != NULL));
 492              		.loc 1 124 3 discriminator 1 view .LVU156
 493 0028 1B4B     		ldr	r3, .L52
 494 002a 7C22     		movs	r2, #124
 495 002c 1D49     		ldr	r1, .L52+12
 496 002e 1C48     		ldr	r0, .L52+8
 497 0030 FFF7FEFF 		bl	printf
 498              	.LVL38:
 499 0034 EAE7     		b	.L35
 500              	.L49:
 125:../../Middlewares/Third_Party/LwIP/src/netif/slipif.c **** 
 501              		.loc 1 125 3 discriminator 1 view .LVU157
 125:../../Middlewares/Third_Party/LwIP/src/netif/slipif.c **** 
 502              		.loc 1 125 3 discriminator 1 view .LVU158
 503 0036 184B     		ldr	r3, .L52
 504 0038 7D22     		movs	r2, #125
 505 003a 1B49     		ldr	r1, .L52+16
 506 003c 1848     		ldr	r0, .L52+8
 507 003e FFF7FEFF 		bl	printf
 508              	.LVL39:
 509 0042 E4E7     		b	.L36
 510              	.LVL40:
 511              	.L38:
 140:../../Middlewares/Third_Party/LwIP/src/netif/slipif.c ****           sio_send(SLIP_ESC_END, priv->sd);
 512              		.loc 1 140 11 view .LVU159
 513 0044 3168     		ldr	r1, [r6]
 514 0046 DB20     		movs	r0, #219
 515              	.LVL41:
 140:../../Middlewares/Third_Party/LwIP/src/netif/slipif.c ****           sio_send(SLIP_ESC_END, priv->sd);
 516              		.loc 1 140 11 is_stmt 0 view .LVU160
 517 0048 FFF7FEFF 		bl	sio_send
 518              	.LVL42:
 141:../../Middlewares/Third_Party/LwIP/src/netif/slipif.c ****           break;
 519              		.loc 1 141 11 is_stmt 1 view .LVU161
 520 004c 3168     		ldr	r1, [r6]
 521 004e DC20     		movs	r0, #220
 522 0050 FFF7FEFF 		bl	sio_send
 523              	.LVL43:
 142:../../Middlewares/Third_Party/LwIP/src/netif/slipif.c ****         case SLIP_ESC:
 524              		.loc 1 142 11 view .LVU162
 525              	.L41:
 135:../../Middlewares/Third_Party/LwIP/src/netif/slipif.c ****       c = ((u8_t *)q->payload)[i];
 526              		.loc 1 135 30 discriminator 2 view .LVU163
 527 0054 0134     		adds	r4, r4, #1
 528              	.LVL44:
 135:../../Middlewares/Third_Party/LwIP/src/netif/slipif.c ****       c = ((u8_t *)q->payload)[i];
 529              		.loc 1 135 30 is_stmt 0 discriminator 2 view .LVU164
 530 0056 A4B2     		uxth	r4, r4
 531              	.LVL45:
 532              	.L43:
 135:../../Middlewares/Third_Party/LwIP/src/netif/slipif.c ****       c = ((u8_t *)q->payload)[i];
 533              		.loc 1 135 19 is_stmt 1 discriminator 1 view .LVU165
 135:../../Middlewares/Third_Party/LwIP/src/netif/slipif.c ****       c = ((u8_t *)q->payload)[i];
 534              		.loc 1 135 22 is_stmt 0 discriminator 1 view .LVU166
 535 0058 6B89     		ldrh	r3, [r5, #10]
ARM GAS  /tmp/ccQgSdVg.s 			page 18


 135:../../Middlewares/Third_Party/LwIP/src/netif/slipif.c ****       c = ((u8_t *)q->payload)[i];
 536              		.loc 1 135 19 discriminator 1 view .LVU167
 537 005a A342     		cmp	r3, r4
 538 005c 12D9     		bls	.L50
 136:../../Middlewares/Third_Party/LwIP/src/netif/slipif.c ****       switch (c) {
 539              		.loc 1 136 7 is_stmt 1 view .LVU168
 136:../../Middlewares/Third_Party/LwIP/src/netif/slipif.c ****       switch (c) {
 540              		.loc 1 136 21 is_stmt 0 view .LVU169
 541 005e 6B68     		ldr	r3, [r5, #4]
 136:../../Middlewares/Third_Party/LwIP/src/netif/slipif.c ****       switch (c) {
 542              		.loc 1 136 9 view .LVU170
 543 0060 185D     		ldrb	r0, [r3, r4]	@ zero_extendqisi2
 544              	.LVL46:
 137:../../Middlewares/Third_Party/LwIP/src/netif/slipif.c ****         case SLIP_END:
 545              		.loc 1 137 7 is_stmt 1 view .LVU171
 546 0062 C028     		cmp	r0, #192
 547 0064 EED0     		beq	.L38
 548 0066 DB28     		cmp	r0, #219
 549 0068 03D0     		beq	.L39
 150:../../Middlewares/Third_Party/LwIP/src/netif/slipif.c ****           break;
 550              		.loc 1 150 11 view .LVU172
 551 006a 3168     		ldr	r1, [r6]
 552 006c FFF7FEFF 		bl	sio_send
 553              	.LVL47:
 151:../../Middlewares/Third_Party/LwIP/src/netif/slipif.c ****       }
 554              		.loc 1 151 11 view .LVU173
 555 0070 F0E7     		b	.L41
 556              	.LVL48:
 557              	.L39:
 145:../../Middlewares/Third_Party/LwIP/src/netif/slipif.c ****           sio_send(SLIP_ESC_ESC, priv->sd);
 558              		.loc 1 145 11 view .LVU174
 559 0072 3168     		ldr	r1, [r6]
 560 0074 DB20     		movs	r0, #219
 561              	.LVL49:
 145:../../Middlewares/Third_Party/LwIP/src/netif/slipif.c ****           sio_send(SLIP_ESC_ESC, priv->sd);
 562              		.loc 1 145 11 is_stmt 0 view .LVU175
 563 0076 FFF7FEFF 		bl	sio_send
 564              	.LVL50:
 146:../../Middlewares/Third_Party/LwIP/src/netif/slipif.c ****           break;
 565              		.loc 1 146 11 is_stmt 1 view .LVU176
 566 007a 3168     		ldr	r1, [r6]
 567 007c DD20     		movs	r0, #221
 568 007e FFF7FEFF 		bl	sio_send
 569              	.LVL51:
 147:../../Middlewares/Third_Party/LwIP/src/netif/slipif.c ****         default:
 570              		.loc 1 147 11 view .LVU177
 571 0082 E7E7     		b	.L41
 572              	.LVL52:
 573              	.L50:
 134:../../Middlewares/Third_Party/LwIP/src/netif/slipif.c ****     for (i = 0; i < q->len; i++) {
 574              		.loc 1 134 28 discriminator 2 view .LVU178
 575 0084 2D68     		ldr	r5, [r5]
 576              	.LVL53:
 577              	.L37:
 134:../../Middlewares/Third_Party/LwIP/src/netif/slipif.c ****     for (i = 0; i < q->len; i++) {
 578              		.loc 1 134 17 discriminator 1 view .LVU179
 579 0086 0DB1     		cbz	r5, .L51
ARM GAS  /tmp/ccQgSdVg.s 			page 19


 135:../../Middlewares/Third_Party/LwIP/src/netif/slipif.c ****       c = ((u8_t *)q->payload)[i];
 580              		.loc 1 135 12 is_stmt 0 view .LVU180
 581 0088 0024     		movs	r4, #0
 582 008a E5E7     		b	.L43
 583              	.L51:
 156:../../Middlewares/Third_Party/LwIP/src/netif/slipif.c ****   return ERR_OK;
 584              		.loc 1 156 3 is_stmt 1 view .LVU181
 585 008c 3168     		ldr	r1, [r6]
 586 008e C020     		movs	r0, #192
 587 0090 FFF7FEFF 		bl	sio_send
 588              	.LVL54:
 157:../../Middlewares/Third_Party/LwIP/src/netif/slipif.c **** }
 589              		.loc 1 157 3 view .LVU182
 158:../../Middlewares/Third_Party/LwIP/src/netif/slipif.c **** 
 590              		.loc 1 158 1 is_stmt 0 view .LVU183
 591 0094 0020     		movs	r0, #0
 592 0096 70BD     		pop	{r4, r5, r6, pc}
 593              	.LVL55:
 594              	.L53:
 158:../../Middlewares/Third_Party/LwIP/src/netif/slipif.c **** 
 595              		.loc 1 158 1 view .LVU184
 596              		.align	2
 597              	.L52:
 598 0098 00000000 		.word	.LC0
 599 009c 38000000 		.word	.LC1
 600 00a0 48000000 		.word	.LC2
 601 00a4 70000000 		.word	.LC3
 602 00a8 00000000 		.word	.LC4
 603              		.cfi_endproc
 604              	.LFE365:
 606              		.section	.text.slipif_output_v4,"ax",%progbits
 607              		.align	1
 608              		.syntax unified
 609              		.thumb
 610              		.thumb_func
 612              	slipif_output_v4:
 613              	.LVL56:
 614              	.LFB366:
 173:../../Middlewares/Third_Party/LwIP/src/netif/slipif.c ****   LWIP_UNUSED_ARG(ipaddr);
 615              		.loc 1 173 1 is_stmt 1 view -0
 616              		.cfi_startproc
 617              		@ args = 0, pretend = 0, frame = 0
 618              		@ frame_needed = 0, uses_anonymous_args = 0
 173:../../Middlewares/Third_Party/LwIP/src/netif/slipif.c ****   LWIP_UNUSED_ARG(ipaddr);
 619              		.loc 1 173 1 is_stmt 0 view .LVU186
 620 0000 08B5     		push	{r3, lr}
 621              	.LCFI5:
 622              		.cfi_def_cfa_offset 8
 623              		.cfi_offset 3, -8
 624              		.cfi_offset 14, -4
 174:../../Middlewares/Third_Party/LwIP/src/netif/slipif.c ****   return slipif_output(netif, p);
 625              		.loc 1 174 3 is_stmt 1 view .LVU187
 175:../../Middlewares/Third_Party/LwIP/src/netif/slipif.c **** }
 626              		.loc 1 175 3 view .LVU188
 175:../../Middlewares/Third_Party/LwIP/src/netif/slipif.c **** }
 627              		.loc 1 175 10 is_stmt 0 view .LVU189
 628 0002 FFF7FEFF 		bl	slipif_output
ARM GAS  /tmp/ccQgSdVg.s 			page 20


 629              	.LVL57:
 176:../../Middlewares/Third_Party/LwIP/src/netif/slipif.c **** #endif /* LWIP_IPV4 */
 630              		.loc 1 176 1 view .LVU190
 631 0006 08BD     		pop	{r3, pc}
 632              		.cfi_endproc
 633              	.LFE366:
 635              		.section	.rodata.slipif_init.str1.4,"aMS",%progbits,1
 636              		.align	2
 637              	.LC5:
 638 0000 736C6970 		.ascii	"slipif needs an input callback\000"
 638      6966206E 
 638      65656473 
 638      20616E20 
 638      696E7075 
 639 001f 00       		.align	2
 640              	.LC6:
 641 0020 736C6970 		.ascii	"slipif_loop\000"
 641      69665F6C 
 641      6F6F7000 
 642              		.section	.text.slipif_init,"ax",%progbits
 643              		.align	1
 644              		.global	slipif_init
 645              		.syntax unified
 646              		.thumb
 647              		.thumb_func
 649              	slipif_init:
 650              	.LVL58:
 651              	.LFB370:
 339:../../Middlewares/Third_Party/LwIP/src/netif/slipif.c ****     }
 340:../../Middlewares/Third_Party/LwIP/src/netif/slipif.c ****   }
 341:../../Middlewares/Third_Party/LwIP/src/netif/slipif.c **** }
 342:../../Middlewares/Third_Party/LwIP/src/netif/slipif.c **** #endif /* SLIP_USE_RX_THREAD */
 343:../../Middlewares/Third_Party/LwIP/src/netif/slipif.c **** 
 344:../../Middlewares/Third_Party/LwIP/src/netif/slipif.c **** /**
 345:../../Middlewares/Third_Party/LwIP/src/netif/slipif.c ****  * @ingroup slipif
 346:../../Middlewares/Third_Party/LwIP/src/netif/slipif.c ****  * SLIP netif initialization
 347:../../Middlewares/Third_Party/LwIP/src/netif/slipif.c ****  *
 348:../../Middlewares/Third_Party/LwIP/src/netif/slipif.c ****  * Call the arch specific sio_open and remember
 349:../../Middlewares/Third_Party/LwIP/src/netif/slipif.c ****  * the opened device in the state field of the netif.
 350:../../Middlewares/Third_Party/LwIP/src/netif/slipif.c ****  *
 351:../../Middlewares/Third_Party/LwIP/src/netif/slipif.c ****  * @param netif the lwip network interface structure for this slipif
 352:../../Middlewares/Third_Party/LwIP/src/netif/slipif.c ****  * @return ERR_OK if serial line could be opened,
 353:../../Middlewares/Third_Party/LwIP/src/netif/slipif.c ****  *         ERR_MEM if no memory could be allocated,
 354:../../Middlewares/Third_Party/LwIP/src/netif/slipif.c ****  *         ERR_IF is serial line couldn't be opened
 355:../../Middlewares/Third_Party/LwIP/src/netif/slipif.c ****  *
 356:../../Middlewares/Third_Party/LwIP/src/netif/slipif.c ****  * @note If netif->state is interpreted as an u8_t serial port number.
 357:../../Middlewares/Third_Party/LwIP/src/netif/slipif.c ****  *
 358:../../Middlewares/Third_Party/LwIP/src/netif/slipif.c ****  */
 359:../../Middlewares/Third_Party/LwIP/src/netif/slipif.c **** err_t
 360:../../Middlewares/Third_Party/LwIP/src/netif/slipif.c **** slipif_init(struct netif *netif)
 361:../../Middlewares/Third_Party/LwIP/src/netif/slipif.c **** {
 652              		.loc 1 361 1 is_stmt 1 view -0
 653              		.cfi_startproc
 654              		@ args = 0, pretend = 0, frame = 0
 655              		@ frame_needed = 0, uses_anonymous_args = 0
 656              		.loc 1 361 1 is_stmt 0 view .LVU192
 657 0000 70B5     		push	{r4, r5, r6, lr}
ARM GAS  /tmp/ccQgSdVg.s 			page 21


 658              	.LCFI6:
 659              		.cfi_def_cfa_offset 16
 660              		.cfi_offset 4, -16
 661              		.cfi_offset 5, -12
 662              		.cfi_offset 6, -8
 663              		.cfi_offset 14, -4
 664 0002 82B0     		sub	sp, sp, #8
 665              	.LCFI7:
 666              		.cfi_def_cfa_offset 24
 667 0004 0446     		mov	r4, r0
 362:../../Middlewares/Third_Party/LwIP/src/netif/slipif.c ****   struct slipif_priv *priv;
 668              		.loc 1 362 3 is_stmt 1 view .LVU193
 363:../../Middlewares/Third_Party/LwIP/src/netif/slipif.c ****   u8_t sio_num;
 669              		.loc 1 363 3 view .LVU194
 364:../../Middlewares/Third_Party/LwIP/src/netif/slipif.c **** 
 365:../../Middlewares/Third_Party/LwIP/src/netif/slipif.c ****   LWIP_ASSERT("slipif needs an input callback", netif->input != NULL);
 670              		.loc 1 365 3 view .LVU195
 671              		.loc 1 365 3 view .LVU196
 672 0006 0369     		ldr	r3, [r0, #16]
 673 0008 53B3     		cbz	r3, .L62
 674              	.LVL59:
 675              	.L57:
 676              		.loc 1 365 3 discriminator 3 view .LVU197
 677              		.loc 1 365 3 discriminator 3 view .LVU198
 366:../../Middlewares/Third_Party/LwIP/src/netif/slipif.c **** 
 367:../../Middlewares/Third_Party/LwIP/src/netif/slipif.c ****   /* netif->state contains serial port number */
 368:../../Middlewares/Third_Party/LwIP/src/netif/slipif.c ****   sio_num = LWIP_PTR_NUMERIC_CAST(u8_t, netif->state);
 678              		.loc 1 368 3 view .LVU199
 679              		.loc 1 368 11 is_stmt 0 view .LVU200
 680 000a 94F82050 		ldrb	r5, [r4, #32]	@ zero_extendqisi2
 681              	.LVL60:
 369:../../Middlewares/Third_Party/LwIP/src/netif/slipif.c **** 
 370:../../Middlewares/Third_Party/LwIP/src/netif/slipif.c ****   LWIP_DEBUGF(SLIP_DEBUG, ("slipif_init: netif->num=%"U16_F"\n", (u16_t)sio_num));
 682              		.loc 1 370 82 is_stmt 1 view .LVU201
 371:../../Middlewares/Third_Party/LwIP/src/netif/slipif.c **** 
 372:../../Middlewares/Third_Party/LwIP/src/netif/slipif.c ****   /* Allocate private data */
 373:../../Middlewares/Third_Party/LwIP/src/netif/slipif.c ****   priv = (struct slipif_priv *)mem_malloc(sizeof(struct slipif_priv));
 683              		.loc 1 373 3 view .LVU202
 684              		.loc 1 373 32 is_stmt 0 view .LVU203
 685 000e 1420     		movs	r0, #20
 686 0010 FFF7FEFF 		bl	mem_malloc
 687              	.LVL61:
 374:../../Middlewares/Third_Party/LwIP/src/netif/slipif.c ****   if (!priv) {
 688              		.loc 1 374 3 is_stmt 1 view .LVU204
 689              		.loc 1 374 6 is_stmt 0 view .LVU205
 690 0014 0646     		mov	r6, r0
 691 0016 0028     		cmp	r0, #0
 692 0018 30D0     		beq	.L60
 375:../../Middlewares/Third_Party/LwIP/src/netif/slipif.c ****     return ERR_MEM;
 376:../../Middlewares/Third_Party/LwIP/src/netif/slipif.c ****   }
 377:../../Middlewares/Third_Party/LwIP/src/netif/slipif.c **** 
 378:../../Middlewares/Third_Party/LwIP/src/netif/slipif.c ****   netif->name[0] = 's';
 693              		.loc 1 378 3 is_stmt 1 view .LVU206
 694              		.loc 1 378 18 is_stmt 0 view .LVU207
 695 001a 7323     		movs	r3, #115
 696 001c 84F82E30 		strb	r3, [r4, #46]
 379:../../Middlewares/Third_Party/LwIP/src/netif/slipif.c ****   netif->name[1] = 'l';
ARM GAS  /tmp/ccQgSdVg.s 			page 22


 697              		.loc 1 379 3 is_stmt 1 view .LVU208
 698              		.loc 1 379 18 is_stmt 0 view .LVU209
 699 0020 6C23     		movs	r3, #108
 700 0022 84F82F30 		strb	r3, [r4, #47]
 380:../../Middlewares/Third_Party/LwIP/src/netif/slipif.c **** #if LWIP_IPV4
 381:../../Middlewares/Third_Party/LwIP/src/netif/slipif.c ****   netif->output = slipif_output_v4;
 701              		.loc 1 381 3 is_stmt 1 view .LVU210
 702              		.loc 1 381 17 is_stmt 0 view .LVU211
 703 0026 174B     		ldr	r3, .L64
 704 0028 6361     		str	r3, [r4, #20]
 382:../../Middlewares/Third_Party/LwIP/src/netif/slipif.c **** #endif /* LWIP_IPV4 */
 383:../../Middlewares/Third_Party/LwIP/src/netif/slipif.c **** #if LWIP_IPV6
 384:../../Middlewares/Third_Party/LwIP/src/netif/slipif.c ****   netif->output_ip6 = slipif_output_v6;
 385:../../Middlewares/Third_Party/LwIP/src/netif/slipif.c **** #endif /* LWIP_IPV6 */
 386:../../Middlewares/Third_Party/LwIP/src/netif/slipif.c ****   netif->mtu = SLIP_MAX_SIZE;
 705              		.loc 1 386 3 is_stmt 1 view .LVU212
 706              		.loc 1 386 14 is_stmt 0 view .LVU213
 707 002a 40F2DC53 		movw	r3, #1500
 708 002e A384     		strh	r3, [r4, #36]	@ movhi
 387:../../Middlewares/Third_Party/LwIP/src/netif/slipif.c **** 
 388:../../Middlewares/Third_Party/LwIP/src/netif/slipif.c ****   /* Try to open the serial port. */
 389:../../Middlewares/Third_Party/LwIP/src/netif/slipif.c ****   priv->sd = sio_open(sio_num);
 709              		.loc 1 389 3 is_stmt 1 view .LVU214
 710              		.loc 1 389 14 is_stmt 0 view .LVU215
 711 0030 2846     		mov	r0, r5
 712              	.LVL62:
 713              		.loc 1 389 14 view .LVU216
 714 0032 FFF7FEFF 		bl	sio_open
 715              	.LVL63:
 716              		.loc 1 389 12 discriminator 1 view .LVU217
 717 0036 3060     		str	r0, [r6]
 390:../../Middlewares/Third_Party/LwIP/src/netif/slipif.c ****   if (!priv->sd) {
 718              		.loc 1 390 3 is_stmt 1 view .LVU218
 719              		.loc 1 390 6 is_stmt 0 view .LVU219
 720 0038 D0B1     		cbz	r0, .L63
 391:../../Middlewares/Third_Party/LwIP/src/netif/slipif.c ****     /* Opening the serial port failed. */
 392:../../Middlewares/Third_Party/LwIP/src/netif/slipif.c ****     mem_free(priv);
 393:../../Middlewares/Third_Party/LwIP/src/netif/slipif.c ****     return ERR_IF;
 394:../../Middlewares/Third_Party/LwIP/src/netif/slipif.c ****   }
 395:../../Middlewares/Third_Party/LwIP/src/netif/slipif.c **** 
 396:../../Middlewares/Third_Party/LwIP/src/netif/slipif.c ****   /* Initialize private data */
 397:../../Middlewares/Third_Party/LwIP/src/netif/slipif.c ****   priv->p = NULL;
 721              		.loc 1 397 3 is_stmt 1 view .LVU220
 722              		.loc 1 397 11 is_stmt 0 view .LVU221
 723 003a 0025     		movs	r5, #0
 724              	.LVL64:
 725              		.loc 1 397 11 view .LVU222
 726 003c 7560     		str	r5, [r6, #4]
 398:../../Middlewares/Third_Party/LwIP/src/netif/slipif.c ****   priv->q = NULL;
 727              		.loc 1 398 3 is_stmt 1 view .LVU223
 728              		.loc 1 398 11 is_stmt 0 view .LVU224
 729 003e B560     		str	r5, [r6, #8]
 399:../../Middlewares/Third_Party/LwIP/src/netif/slipif.c ****   priv->state = SLIP_RECV_NORMAL;
 730              		.loc 1 399 3 is_stmt 1 view .LVU225
 731              		.loc 1 399 15 is_stmt 0 view .LVU226
 732 0040 3573     		strb	r5, [r6, #12]
 400:../../Middlewares/Third_Party/LwIP/src/netif/slipif.c ****   priv->i = 0;
ARM GAS  /tmp/ccQgSdVg.s 			page 23


 733              		.loc 1 400 3 is_stmt 1 view .LVU227
 734              		.loc 1 400 11 is_stmt 0 view .LVU228
 735 0042 F581     		strh	r5, [r6, #14]	@ movhi
 401:../../Middlewares/Third_Party/LwIP/src/netif/slipif.c ****   priv->recved = 0;
 736              		.loc 1 401 3 is_stmt 1 view .LVU229
 737              		.loc 1 401 16 is_stmt 0 view .LVU230
 738 0044 3582     		strh	r5, [r6, #16]	@ movhi
 402:../../Middlewares/Third_Party/LwIP/src/netif/slipif.c **** #if SLIP_RX_FROM_ISR
 403:../../Middlewares/Third_Party/LwIP/src/netif/slipif.c ****   priv->rxpackets = NULL;
 404:../../Middlewares/Third_Party/LwIP/src/netif/slipif.c **** #endif
 405:../../Middlewares/Third_Party/LwIP/src/netif/slipif.c **** 
 406:../../Middlewares/Third_Party/LwIP/src/netif/slipif.c ****   netif->state = priv;
 739              		.loc 1 406 3 is_stmt 1 view .LVU231
 740              		.loc 1 406 16 is_stmt 0 view .LVU232
 741 0046 2662     		str	r6, [r4, #32]
 407:../../Middlewares/Third_Party/LwIP/src/netif/slipif.c **** 
 408:../../Middlewares/Third_Party/LwIP/src/netif/slipif.c ****   /* initialize the snmp variables and counters inside the struct netif */
 409:../../Middlewares/Third_Party/LwIP/src/netif/slipif.c ****   MIB2_INIT_NETIF(netif, snmp_ifType_slip, SLIP_SIO_SPEED(priv->sd));
 742              		.loc 1 409 69 is_stmt 1 view .LVU233
 410:../../Middlewares/Third_Party/LwIP/src/netif/slipif.c **** 
 411:../../Middlewares/Third_Party/LwIP/src/netif/slipif.c **** #if SLIP_USE_RX_THREAD
 412:../../Middlewares/Third_Party/LwIP/src/netif/slipif.c ****   /* Create a thread to poll the serial line. */
 413:../../Middlewares/Third_Party/LwIP/src/netif/slipif.c ****   sys_thread_new(SLIPIF_THREAD_NAME, slipif_loop_thread, netif,
 743              		.loc 1 413 3 view .LVU234
 744 0048 0323     		movs	r3, #3
 745 004a 0093     		str	r3, [sp]
 746 004c 4FF48063 		mov	r3, #1024
 747 0050 2246     		mov	r2, r4
 748 0052 0D49     		ldr	r1, .L64+4
 749 0054 0D48     		ldr	r0, .L64+8
 750 0056 FFF7FEFF 		bl	sys_thread_new
 751              	.LVL65:
 414:../../Middlewares/Third_Party/LwIP/src/netif/slipif.c ****                  SLIPIF_THREAD_STACKSIZE, SLIPIF_THREAD_PRIO);
 415:../../Middlewares/Third_Party/LwIP/src/netif/slipif.c **** #endif /* SLIP_USE_RX_THREAD */
 416:../../Middlewares/Third_Party/LwIP/src/netif/slipif.c ****   return ERR_OK;
 752              		.loc 1 416 3 view .LVU235
 753              		.loc 1 416 10 is_stmt 0 view .LVU236
 754 005a 2846     		mov	r0, r5
 755              	.L58:
 417:../../Middlewares/Third_Party/LwIP/src/netif/slipif.c **** }
 756              		.loc 1 417 1 view .LVU237
 757 005c 02B0     		add	sp, sp, #8
 758              	.LCFI8:
 759              		.cfi_remember_state
 760              		.cfi_def_cfa_offset 16
 761              		@ sp needed
 762 005e 70BD     		pop	{r4, r5, r6, pc}
 763              	.LVL66:
 764              	.L62:
 765              	.LCFI9:
 766              		.cfi_restore_state
 365:../../Middlewares/Third_Party/LwIP/src/netif/slipif.c **** 
 767              		.loc 1 365 3 is_stmt 1 discriminator 1 view .LVU238
 365:../../Middlewares/Third_Party/LwIP/src/netif/slipif.c **** 
 768              		.loc 1 365 3 discriminator 1 view .LVU239
 769 0060 0B4B     		ldr	r3, .L64+12
 770 0062 40F26D12 		movw	r2, #365
ARM GAS  /tmp/ccQgSdVg.s 			page 24


 771 0066 0B49     		ldr	r1, .L64+16
 772 0068 0B48     		ldr	r0, .L64+20
 773              	.LVL67:
 365:../../Middlewares/Third_Party/LwIP/src/netif/slipif.c **** 
 774              		.loc 1 365 3 is_stmt 0 discriminator 1 view .LVU240
 775 006a FFF7FEFF 		bl	printf
 776              	.LVL68:
 777 006e CCE7     		b	.L57
 778              	.LVL69:
 779              	.L63:
 392:../../Middlewares/Third_Party/LwIP/src/netif/slipif.c ****     return ERR_IF;
 780              		.loc 1 392 5 is_stmt 1 view .LVU241
 781 0070 3046     		mov	r0, r6
 782 0072 FFF7FEFF 		bl	mem_free
 783              	.LVL70:
 393:../../Middlewares/Third_Party/LwIP/src/netif/slipif.c ****   }
 784              		.loc 1 393 5 view .LVU242
 393:../../Middlewares/Third_Party/LwIP/src/netif/slipif.c ****   }
 785              		.loc 1 393 12 is_stmt 0 view .LVU243
 786 0076 6FF00B00 		mvn	r0, #11
 787 007a EFE7     		b	.L58
 788              	.LVL71:
 789              	.L60:
 375:../../Middlewares/Third_Party/LwIP/src/netif/slipif.c ****   }
 790              		.loc 1 375 12 view .LVU244
 791 007c 4FF0FF30 		mov	r0, #-1
 792              	.LVL72:
 375:../../Middlewares/Third_Party/LwIP/src/netif/slipif.c ****   }
 793              		.loc 1 375 12 view .LVU245
 794 0080 ECE7     		b	.L58
 795              	.L65:
 796 0082 00BF     		.align	2
 797              	.L64:
 798 0084 00000000 		.word	slipif_output_v4
 799 0088 00000000 		.word	slipif_loop_thread
 800 008c 20000000 		.word	.LC6
 801 0090 00000000 		.word	.LC0
 802 0094 00000000 		.word	.LC5
 803 0098 48000000 		.word	.LC2
 804              		.cfi_endproc
 805              	.LFE370:
 807              		.section	.text.slipif_poll,"ax",%progbits
 808              		.align	1
 809              		.global	slipif_poll
 810              		.syntax unified
 811              		.thumb
 812              		.thumb_func
 814              	slipif_poll:
 815              	.LVL73:
 816              	.LFB371:
 418:../../Middlewares/Third_Party/LwIP/src/netif/slipif.c **** 
 419:../../Middlewares/Third_Party/LwIP/src/netif/slipif.c **** /**
 420:../../Middlewares/Third_Party/LwIP/src/netif/slipif.c ****  * @ingroup slipif
 421:../../Middlewares/Third_Party/LwIP/src/netif/slipif.c ****  * Polls the serial device and feeds the IP layer with incoming packets.
 422:../../Middlewares/Third_Party/LwIP/src/netif/slipif.c ****  *
 423:../../Middlewares/Third_Party/LwIP/src/netif/slipif.c ****  * @param netif The lwip network interface structure for this slipif
 424:../../Middlewares/Third_Party/LwIP/src/netif/slipif.c ****  */
ARM GAS  /tmp/ccQgSdVg.s 			page 25


 425:../../Middlewares/Third_Party/LwIP/src/netif/slipif.c **** void
 426:../../Middlewares/Third_Party/LwIP/src/netif/slipif.c **** slipif_poll(struct netif *netif)
 427:../../Middlewares/Third_Party/LwIP/src/netif/slipif.c **** {
 817              		.loc 1 427 1 is_stmt 1 view -0
 818              		.cfi_startproc
 819              		@ args = 0, pretend = 0, frame = 8
 820              		@ frame_needed = 0, uses_anonymous_args = 0
 821              		.loc 1 427 1 is_stmt 0 view .LVU247
 822 0000 30B5     		push	{r4, r5, lr}
 823              	.LCFI10:
 824              		.cfi_def_cfa_offset 12
 825              		.cfi_offset 4, -12
 826              		.cfi_offset 5, -8
 827              		.cfi_offset 14, -4
 828 0002 83B0     		sub	sp, sp, #12
 829              	.LCFI11:
 830              		.cfi_def_cfa_offset 24
 428:../../Middlewares/Third_Party/LwIP/src/netif/slipif.c ****   u8_t c;
 831              		.loc 1 428 3 is_stmt 1 view .LVU248
 429:../../Middlewares/Third_Party/LwIP/src/netif/slipif.c ****   struct slipif_priv *priv;
 832              		.loc 1 429 3 view .LVU249
 430:../../Middlewares/Third_Party/LwIP/src/netif/slipif.c **** 
 431:../../Middlewares/Third_Party/LwIP/src/netif/slipif.c ****   LWIP_ASSERT("netif != NULL", (netif != NULL));
 833              		.loc 1 431 3 view .LVU250
 834              		.loc 1 431 3 view .LVU251
 835 0004 0446     		mov	r4, r0
 836 0006 18B1     		cbz	r0, .L72
 837              	.LVL74:
 838              	.L67:
 839              		.loc 1 431 3 discriminator 3 view .LVU252
 840              		.loc 1 431 3 discriminator 3 view .LVU253
 432:../../Middlewares/Third_Party/LwIP/src/netif/slipif.c ****   LWIP_ASSERT("netif->state != NULL", (netif->state != NULL));
 841              		.loc 1 432 3 view .LVU254
 842              		.loc 1 432 3 view .LVU255
 843 0008 236A     		ldr	r3, [r4, #32]
 844 000a 4BB1     		cbz	r3, .L73
 845              	.L68:
 846              		.loc 1 432 3 discriminator 3 view .LVU256
 847              		.loc 1 432 3 discriminator 3 view .LVU257
 433:../../Middlewares/Third_Party/LwIP/src/netif/slipif.c **** 
 434:../../Middlewares/Third_Party/LwIP/src/netif/slipif.c ****   priv = (struct slipif_priv *)netif->state;
 848              		.loc 1 434 3 view .LVU258
 849              		.loc 1 434 8 is_stmt 0 view .LVU259
 850 000c 256A     		ldr	r5, [r4, #32]
 851              	.LVL75:
 435:../../Middlewares/Third_Party/LwIP/src/netif/slipif.c **** 
 436:../../Middlewares/Third_Party/LwIP/src/netif/slipif.c ****   while (sio_tryread(priv->sd, &c, 1) > 0) {
 852              		.loc 1 436 3 is_stmt 1 view .LVU260
 853              		.loc 1 436 9 is_stmt 0 view .LVU261
 854 000e 14E0     		b	.L69
 855              	.LVL76:
 856              	.L72:
 431:../../Middlewares/Third_Party/LwIP/src/netif/slipif.c ****   LWIP_ASSERT("netif->state != NULL", (netif->state != NULL));
 857              		.loc 1 431 3 is_stmt 1 discriminator 1 view .LVU262
 431:../../Middlewares/Third_Party/LwIP/src/netif/slipif.c ****   LWIP_ASSERT("netif->state != NULL", (netif->state != NULL));
 858              		.loc 1 431 3 discriminator 1 view .LVU263
 859 0010 0F4B     		ldr	r3, .L74
ARM GAS  /tmp/ccQgSdVg.s 			page 26


 860 0012 40F2AF12 		movw	r2, #431
 861 0016 0F49     		ldr	r1, .L74+4
 862 0018 0F48     		ldr	r0, .L74+8
 863              	.LVL77:
 431:../../Middlewares/Third_Party/LwIP/src/netif/slipif.c ****   LWIP_ASSERT("netif->state != NULL", (netif->state != NULL));
 864              		.loc 1 431 3 is_stmt 0 discriminator 1 view .LVU264
 865 001a FFF7FEFF 		bl	printf
 866              	.LVL78:
 867 001e F3E7     		b	.L67
 868              	.L73:
 432:../../Middlewares/Third_Party/LwIP/src/netif/slipif.c **** 
 869              		.loc 1 432 3 is_stmt 1 discriminator 1 view .LVU265
 432:../../Middlewares/Third_Party/LwIP/src/netif/slipif.c **** 
 870              		.loc 1 432 3 discriminator 1 view .LVU266
 871 0020 0B4B     		ldr	r3, .L74
 872 0022 4FF4D872 		mov	r2, #432
 873 0026 0D49     		ldr	r1, .L74+12
 874 0028 0B48     		ldr	r0, .L74+8
 875 002a FFF7FEFF 		bl	printf
 876              	.LVL79:
 877 002e EDE7     		b	.L68
 878              	.LVL80:
 879              	.L70:
 437:../../Middlewares/Third_Party/LwIP/src/netif/slipif.c ****     slipif_rxbyte_input(netif, c);
 880              		.loc 1 437 5 view .LVU267
 881 0030 9DF80710 		ldrb	r1, [sp, #7]	@ zero_extendqisi2
 882 0034 2046     		mov	r0, r4
 883 0036 FFF7FEFF 		bl	slipif_rxbyte_input
 884              	.LVL81:
 885              	.L69:
 436:../../Middlewares/Third_Party/LwIP/src/netif/slipif.c ****     slipif_rxbyte_input(netif, c);
 886              		.loc 1 436 39 view .LVU268
 436:../../Middlewares/Third_Party/LwIP/src/netif/slipif.c ****     slipif_rxbyte_input(netif, c);
 887              		.loc 1 436 10 is_stmt 0 view .LVU269
 888 003a 0122     		movs	r2, #1
 889 003c 0DF10701 		add	r1, sp, #7
 890 0040 2868     		ldr	r0, [r5]
 891 0042 FFF7FEFF 		bl	sio_tryread
 892              	.LVL82:
 436:../../Middlewares/Third_Party/LwIP/src/netif/slipif.c ****     slipif_rxbyte_input(netif, c);
 893              		.loc 1 436 39 discriminator 1 view .LVU270
 894 0046 0028     		cmp	r0, #0
 895 0048 F2D1     		bne	.L70
 438:../../Middlewares/Third_Party/LwIP/src/netif/slipif.c ****   }
 439:../../Middlewares/Third_Party/LwIP/src/netif/slipif.c **** }
 896              		.loc 1 439 1 view .LVU271
 897 004a 03B0     		add	sp, sp, #12
 898              	.LCFI12:
 899              		.cfi_def_cfa_offset 12
 900              		@ sp needed
 901 004c 30BD     		pop	{r4, r5, pc}
 902              	.LVL83:
 903              	.L75:
 904              		.loc 1 439 1 view .LVU272
 905 004e 00BF     		.align	2
 906              	.L74:
 907 0050 00000000 		.word	.LC0
ARM GAS  /tmp/ccQgSdVg.s 			page 27


 908 0054 38000000 		.word	.LC1
 909 0058 48000000 		.word	.LC2
 910 005c 70000000 		.word	.LC3
 911              		.cfi_endproc
 912              	.LFE371:
 914              		.text
 915              	.Letext0:
 916              		.file 2 "/usr/lib/gcc/arm-none-eabi/13.2.1/include/stdint.h"
 917              		.file 3 "/usr/lib/gcc/arm-none-eabi/13.2.1/include/stddef.h"
 918              		.file 4 "../../Middlewares/Third_Party/LwIP/src/include/lwip/arch.h"
 919              		.file 5 "../../Middlewares/Third_Party/LwIP/src/include/lwip/err.h"
 920              		.file 6 "../../Middlewares/Third_Party/LwIP/src/include/lwip/ip4_addr.h"
 921              		.file 7 "../../Middlewares/Third_Party/LwIP/src/include/lwip/ip_addr.h"
 922              		.file 8 "../../Middlewares/Third_Party/LwIP/src/include/lwip/pbuf.h"
 923              		.file 9 "../../Middlewares/Third_Party/LwIP/src/include/lwip/mem.h"
 924              		.file 10 "../../Middlewares/Third_Party/LwIP/src/include/lwip/netif.h"
 925              		.file 11 "../../Middlewares/Third_Party/FreeRTOS/Source/CMSIS_RTOS_V2/cmsis_os2.h"
 926              		.file 12 "../../Middlewares/Third_Party/LwIP/system/arch/sys_arch.h"
 927              		.file 13 "../../Middlewares/Third_Party/LwIP/src/include/lwip/sys.h"
 928              		.file 14 "../../Middlewares/Third_Party/LwIP/src/include/lwip/sio.h"
 929              		.file 15 "/usr/include/newlib/stdio.h"
ARM GAS  /tmp/ccQgSdVg.s 			page 28


DEFINED SYMBOLS
                            *ABS*:00000000 slipif.c
     /tmp/ccQgSdVg.s:20     .rodata.slipif_rxbyte.str1.4:00000000 $d
     /tmp/ccQgSdVg.s:34     .text.slipif_rxbyte:00000000 $t
     /tmp/ccQgSdVg.s:39     .text.slipif_rxbyte:00000000 slipif_rxbyte
     /tmp/ccQgSdVg.s:297    .text.slipif_rxbyte:000000e4 $d
     /tmp/ccQgSdVg.s:305    .text.slipif_rxbyte_input:00000000 $t
     /tmp/ccQgSdVg.s:310    .text.slipif_rxbyte_input:00000000 slipif_rxbyte_input
     /tmp/ccQgSdVg.s:360    .text.slipif_loop_thread:00000000 $t
     /tmp/ccQgSdVg.s:365    .text.slipif_loop_thread:00000000 slipif_loop_thread
     /tmp/ccQgSdVg.s:412    .rodata.slipif_output.str1.4:00000000 $d
     /tmp/ccQgSdVg.s:416    .text.slipif_output:00000000 $t
     /tmp/ccQgSdVg.s:421    .text.slipif_output:00000000 slipif_output
     /tmp/ccQgSdVg.s:598    .text.slipif_output:00000098 $d
     /tmp/ccQgSdVg.s:607    .text.slipif_output_v4:00000000 $t
     /tmp/ccQgSdVg.s:612    .text.slipif_output_v4:00000000 slipif_output_v4
     /tmp/ccQgSdVg.s:636    .rodata.slipif_init.str1.4:00000000 $d
     /tmp/ccQgSdVg.s:643    .text.slipif_init:00000000 $t
     /tmp/ccQgSdVg.s:649    .text.slipif_init:00000000 slipif_init
     /tmp/ccQgSdVg.s:798    .text.slipif_init:00000084 $d
     /tmp/ccQgSdVg.s:808    .text.slipif_poll:00000000 $t
     /tmp/ccQgSdVg.s:814    .text.slipif_poll:00000000 slipif_poll
     /tmp/ccQgSdVg.s:907    .text.slipif_poll:00000050 $d

UNDEFINED SYMBOLS
printf
pbuf_realloc
pbuf_alloc
pbuf_cat
pbuf_free
sio_read
sio_send
mem_malloc
sio_open
sys_thread_new
mem_free
sio_tryread
