ARM GAS  /tmp/ccv7hCGu.s 			page 1


   1              		.cpu cortex-m7
   2              		.arch armv7e-m
   3              		.fpu fpv5-d16
   4              		.eabi_attribute 28, 1
   5              		.eabi_attribute 20, 1
   6              		.eabi_attribute 21, 1
   7              		.eabi_attribute 23, 3
   8              		.eabi_attribute 24, 1
   9              		.eabi_attribute 25, 1
  10              		.eabi_attribute 26, 1
  11              		.eabi_attribute 30, 1
  12              		.eabi_attribute 34, 1
  13              		.eabi_attribute 18, 4
  14              		.file	"stm32h7xx_it.c"
  15              		.text
  16              	.Ltext0:
  17              		.cfi_sections	.debug_frame
  18              		.file 1 "../../CM7/Core/Src/stm32h7xx_it.c"
  19              		.section	.text.NMI_Handler,"ax",%progbits
  20              		.align	1
  21              		.global	NMI_Handler
  22              		.syntax unified
  23              		.thumb
  24              		.thumb_func
  26              	NMI_Handler:
  27              	.LFB342:
   1:../../CM7/Core/Src/stm32h7xx_it.c **** /* USER CODE BEGIN Header */
   2:../../CM7/Core/Src/stm32h7xx_it.c **** /**
   3:../../CM7/Core/Src/stm32h7xx_it.c ****   ******************************************************************************
   4:../../CM7/Core/Src/stm32h7xx_it.c ****   * @file    stm32h7xx_it.c
   5:../../CM7/Core/Src/stm32h7xx_it.c ****   * @brief   Interrupt Service Routines.
   6:../../CM7/Core/Src/stm32h7xx_it.c ****   ******************************************************************************
   7:../../CM7/Core/Src/stm32h7xx_it.c ****   * @attention
   8:../../CM7/Core/Src/stm32h7xx_it.c ****   *
   9:../../CM7/Core/Src/stm32h7xx_it.c ****   * Copyright (c) 2025 STMicroelectronics.
  10:../../CM7/Core/Src/stm32h7xx_it.c ****   * All rights reserved.
  11:../../CM7/Core/Src/stm32h7xx_it.c ****   *
  12:../../CM7/Core/Src/stm32h7xx_it.c ****   * This software is licensed under terms that can be found in the LICENSE file
  13:../../CM7/Core/Src/stm32h7xx_it.c ****   * in the root directory of this software component.
  14:../../CM7/Core/Src/stm32h7xx_it.c ****   * If no LICENSE file comes with this software, it is provided AS-IS.
  15:../../CM7/Core/Src/stm32h7xx_it.c ****   *
  16:../../CM7/Core/Src/stm32h7xx_it.c ****   ******************************************************************************
  17:../../CM7/Core/Src/stm32h7xx_it.c ****   */
  18:../../CM7/Core/Src/stm32h7xx_it.c **** /* USER CODE END Header */
  19:../../CM7/Core/Src/stm32h7xx_it.c **** 
  20:../../CM7/Core/Src/stm32h7xx_it.c **** /* Includes ------------------------------------------------------------------*/
  21:../../CM7/Core/Src/stm32h7xx_it.c **** #include "main.h"
  22:../../CM7/Core/Src/stm32h7xx_it.c **** #include "stm32h7xx_it.h"
  23:../../CM7/Core/Src/stm32h7xx_it.c **** #include "FreeRTOS.h"
  24:../../CM7/Core/Src/stm32h7xx_it.c **** #include "task.h"
  25:../../CM7/Core/Src/stm32h7xx_it.c **** /* Private includes ----------------------------------------------------------*/
  26:../../CM7/Core/Src/stm32h7xx_it.c **** /* USER CODE BEGIN Includes */
  27:../../CM7/Core/Src/stm32h7xx_it.c **** #include <stdio.h>
  28:../../CM7/Core/Src/stm32h7xx_it.c **** /* USER CODE END Includes */
  29:../../CM7/Core/Src/stm32h7xx_it.c **** 
  30:../../CM7/Core/Src/stm32h7xx_it.c **** /* Private typedef -----------------------------------------------------------*/
  31:../../CM7/Core/Src/stm32h7xx_it.c **** /* USER CODE BEGIN TD */
ARM GAS  /tmp/ccv7hCGu.s 			page 2


  32:../../CM7/Core/Src/stm32h7xx_it.c **** 
  33:../../CM7/Core/Src/stm32h7xx_it.c **** /* USER CODE END TD */
  34:../../CM7/Core/Src/stm32h7xx_it.c **** 
  35:../../CM7/Core/Src/stm32h7xx_it.c **** /* Private define ------------------------------------------------------------*/
  36:../../CM7/Core/Src/stm32h7xx_it.c **** /* USER CODE BEGIN PD */
  37:../../CM7/Core/Src/stm32h7xx_it.c **** 
  38:../../CM7/Core/Src/stm32h7xx_it.c **** /* USER CODE END PD */
  39:../../CM7/Core/Src/stm32h7xx_it.c **** 
  40:../../CM7/Core/Src/stm32h7xx_it.c **** /* Private macro -------------------------------------------------------------*/
  41:../../CM7/Core/Src/stm32h7xx_it.c **** /* USER CODE BEGIN PM */
  42:../../CM7/Core/Src/stm32h7xx_it.c **** 
  43:../../CM7/Core/Src/stm32h7xx_it.c **** /* USER CODE END PM */
  44:../../CM7/Core/Src/stm32h7xx_it.c **** 
  45:../../CM7/Core/Src/stm32h7xx_it.c **** /* Private variables ---------------------------------------------------------*/
  46:../../CM7/Core/Src/stm32h7xx_it.c **** /* USER CODE BEGIN PV */
  47:../../CM7/Core/Src/stm32h7xx_it.c **** 
  48:../../CM7/Core/Src/stm32h7xx_it.c **** /* USER CODE END PV */
  49:../../CM7/Core/Src/stm32h7xx_it.c **** 
  50:../../CM7/Core/Src/stm32h7xx_it.c **** /* Private function prototypes -----------------------------------------------*/
  51:../../CM7/Core/Src/stm32h7xx_it.c **** /* USER CODE BEGIN PFP */
  52:../../CM7/Core/Src/stm32h7xx_it.c **** static void HardFault_HandlerC(uint32_t *stacked_regs, uint32_t exc_lr);
  53:../../CM7/Core/Src/stm32h7xx_it.c **** 
  54:../../CM7/Core/Src/stm32h7xx_it.c **** /* USER CODE END PFP */
  55:../../CM7/Core/Src/stm32h7xx_it.c **** 
  56:../../CM7/Core/Src/stm32h7xx_it.c **** /* Private user code ---------------------------------------------------------*/
  57:../../CM7/Core/Src/stm32h7xx_it.c **** /* USER CODE BEGIN 0 */
  58:../../CM7/Core/Src/stm32h7xx_it.c **** 
  59:../../CM7/Core/Src/stm32h7xx_it.c **** /* USER CODE END 0 */
  60:../../CM7/Core/Src/stm32h7xx_it.c **** 
  61:../../CM7/Core/Src/stm32h7xx_it.c **** /* External variables --------------------------------------------------------*/
  62:../../CM7/Core/Src/stm32h7xx_it.c **** extern ETH_HandleTypeDef heth;
  63:../../CM7/Core/Src/stm32h7xx_it.c **** extern DMA_HandleTypeDef hdma_adc1;
  64:../../CM7/Core/Src/stm32h7xx_it.c **** extern UART_HandleTypeDef huart1;
  65:../../CM7/Core/Src/stm32h7xx_it.c **** extern UART_HandleTypeDef huart2;
  66:../../CM7/Core/Src/stm32h7xx_it.c **** /* USER CODE BEGIN EV */
  67:../../CM7/Core/Src/stm32h7xx_it.c **** extern ETH_HandleTypeDef heth;
  68:../../CM7/Core/Src/stm32h7xx_it.c **** /* USER CODE END EV */
  69:../../CM7/Core/Src/stm32h7xx_it.c **** 
  70:../../CM7/Core/Src/stm32h7xx_it.c **** /******************************************************************************/
  71:../../CM7/Core/Src/stm32h7xx_it.c **** /*           Cortex Processor Interruption and Exception Handlers          */
  72:../../CM7/Core/Src/stm32h7xx_it.c **** /******************************************************************************/
  73:../../CM7/Core/Src/stm32h7xx_it.c **** /**
  74:../../CM7/Core/Src/stm32h7xx_it.c ****   * @brief This function handles Non maskable interrupt.
  75:../../CM7/Core/Src/stm32h7xx_it.c ****   */
  76:../../CM7/Core/Src/stm32h7xx_it.c **** void NMI_Handler(void)
  77:../../CM7/Core/Src/stm32h7xx_it.c **** {
  28              		.loc 1 77 1 view -0
  29              		.cfi_startproc
  30              		@ Volatile: function does not return.
  31              		@ args = 0, pretend = 0, frame = 0
  32              		@ frame_needed = 0, uses_anonymous_args = 0
  33              		@ link register save eliminated.
  34              	.L2:
  78:../../CM7/Core/Src/stm32h7xx_it.c ****   /* USER CODE BEGIN NonMaskableInt_IRQn 0 */
  79:../../CM7/Core/Src/stm32h7xx_it.c **** 
  80:../../CM7/Core/Src/stm32h7xx_it.c ****   /* USER CODE END NonMaskableInt_IRQn 0 */
  81:../../CM7/Core/Src/stm32h7xx_it.c ****   /* USER CODE BEGIN NonMaskableInt_IRQn 1 */
ARM GAS  /tmp/ccv7hCGu.s 			page 3


  82:../../CM7/Core/Src/stm32h7xx_it.c ****    while (1)
  35              		.loc 1 82 4 view .LVU1
  83:../../CM7/Core/Src/stm32h7xx_it.c ****   {
  84:../../CM7/Core/Src/stm32h7xx_it.c ****   }
  36              		.loc 1 84 3 view .LVU2
  82:../../CM7/Core/Src/stm32h7xx_it.c ****   {
  37              		.loc 1 82 10 view .LVU3
  38 0000 FEE7     		b	.L2
  39              		.cfi_endproc
  40              	.LFE342:
  42              		.section	.text.HardFault_Handler,"ax",%progbits
  43              		.align	1
  44              		.global	HardFault_Handler
  45              		.syntax unified
  46              		.thumb
  47              		.thumb_func
  49              	HardFault_Handler:
  50              	.LFB343:
  85:../../CM7/Core/Src/stm32h7xx_it.c ****   /* USER CODE END NonMaskableInt_IRQn 1 */
  86:../../CM7/Core/Src/stm32h7xx_it.c **** }
  87:../../CM7/Core/Src/stm32h7xx_it.c **** 
  88:../../CM7/Core/Src/stm32h7xx_it.c **** /**
  89:../../CM7/Core/Src/stm32h7xx_it.c ****   * @brief This function handles Hard fault interrupt.
  90:../../CM7/Core/Src/stm32h7xx_it.c ****   */
  91:../../CM7/Core/Src/stm32h7xx_it.c **** __attribute__((naked)) void HardFault_Handler(void)
  92:../../CM7/Core/Src/stm32h7xx_it.c **** {
  51              		.loc 1 92 1 view -0
  52              		.cfi_startproc
  53              		@ Naked Function: prologue and epilogue provided by programmer.
  54              		@ args = 0, pretend = 0, frame = 0
  55              		@ frame_needed = 0, uses_anonymous_args = 0
  93:../../CM7/Core/Src/stm32h7xx_it.c ****   __asm volatile
  56              		.loc 1 93 3 view .LVU5
  57              		.syntax unified
  58              	@ 93 "../../CM7/Core/Src/stm32h7xx_it.c" 1
  59 0000 1EF0040F 		tst lr, #4                         
  60 0004 0CBF     	ite eq                             
  61 0006 EFF30880 	mrseq r0, msp                      
  62 000a EFF30980 	mrsne r0, psp                      
  63 000e 7146     	mov r1, lr                         
  64 0010 FFF7FEBF 	b HardFault_HandlerC               
  65              	
  66              	@ 0 "" 2
  94:../../CM7/Core/Src/stm32h7xx_it.c ****   (
  95:../../CM7/Core/Src/stm32h7xx_it.c ****     "tst lr, #4                         \n"
  96:../../CM7/Core/Src/stm32h7xx_it.c ****     "ite eq                             \n"
  97:../../CM7/Core/Src/stm32h7xx_it.c ****     "mrseq r0, msp                      \n"
  98:../../CM7/Core/Src/stm32h7xx_it.c ****     "mrsne r0, psp                      \n"
  99:../../CM7/Core/Src/stm32h7xx_it.c ****     "mov r1, lr                         \n"
 100:../../CM7/Core/Src/stm32h7xx_it.c ****     "b HardFault_HandlerC               \n"
 101:../../CM7/Core/Src/stm32h7xx_it.c ****   );
 102:../../CM7/Core/Src/stm32h7xx_it.c **** }
  67              		.loc 1 102 1 is_stmt 0 view .LVU6
  68              		.thumb
  69              		.syntax unified
  70              		.cfi_endproc
  71              	.LFE343:
ARM GAS  /tmp/ccv7hCGu.s 			page 4


  73              		.section	.text.MemManage_Handler,"ax",%progbits
  74              		.align	1
  75              		.global	MemManage_Handler
  76              		.syntax unified
  77              		.thumb
  78              		.thumb_func
  80              	MemManage_Handler:
  81              	.LFB345:
 103:../../CM7/Core/Src/stm32h7xx_it.c **** 
 104:../../CM7/Core/Src/stm32h7xx_it.c **** static void HardFault_HandlerC(uint32_t *stacked_regs, uint32_t exc_lr)
 105:../../CM7/Core/Src/stm32h7xx_it.c **** {
 106:../../CM7/Core/Src/stm32h7xx_it.c ****   uint32_t cfsr = SCB->CFSR;
 107:../../CM7/Core/Src/stm32h7xx_it.c ****   uint32_t hfsr = SCB->HFSR;
 108:../../CM7/Core/Src/stm32h7xx_it.c ****   uint32_t bfar = SCB->BFAR;
 109:../../CM7/Core/Src/stm32h7xx_it.c ****   uint32_t mmfar = SCB->MMFAR;
 110:../../CM7/Core/Src/stm32h7xx_it.c ****   uint32_t afsr = SCB->AFSR;
 111:../../CM7/Core/Src/stm32h7xx_it.c **** 
 112:../../CM7/Core/Src/stm32h7xx_it.c ****   uint32_t stacked_r0 = stacked_regs[0];
 113:../../CM7/Core/Src/stm32h7xx_it.c ****   uint32_t stacked_r1 = stacked_regs[1];
 114:../../CM7/Core/Src/stm32h7xx_it.c ****   uint32_t stacked_r2 = stacked_regs[2];
 115:../../CM7/Core/Src/stm32h7xx_it.c ****   uint32_t stacked_r3 = stacked_regs[3];
 116:../../CM7/Core/Src/stm32h7xx_it.c ****   uint32_t stacked_r12 = stacked_regs[4];
 117:../../CM7/Core/Src/stm32h7xx_it.c ****   uint32_t stacked_lr = stacked_regs[5];
 118:../../CM7/Core/Src/stm32h7xx_it.c ****   uint32_t stacked_pc = stacked_regs[6];
 119:../../CM7/Core/Src/stm32h7xx_it.c ****   uint32_t stacked_psr = stacked_regs[7];
 120:../../CM7/Core/Src/stm32h7xx_it.c **** 
 121:../../CM7/Core/Src/stm32h7xx_it.c ****   const char *task_name = "no_task";
 122:../../CM7/Core/Src/stm32h7xx_it.c ****   TaskHandle_t current_task = xTaskGetCurrentTaskHandle();
 123:../../CM7/Core/Src/stm32h7xx_it.c ****   if (current_task != NULL)
 124:../../CM7/Core/Src/stm32h7xx_it.c ****   {
 125:../../CM7/Core/Src/stm32h7xx_it.c ****     task_name = pcTaskGetName(current_task);
 126:../../CM7/Core/Src/stm32h7xx_it.c ****   }
 127:../../CM7/Core/Src/stm32h7xx_it.c **** 
 128:../../CM7/Core/Src/stm32h7xx_it.c ****   printf("\r\n*** HARDFAULT ***\r\n");
 129:../../CM7/Core/Src/stm32h7xx_it.c ****   printf("task=%s\r\n", task_name);
 130:../../CM7/Core/Src/stm32h7xx_it.c ****   printf("CFSR=0x%08lX HFSR=0x%08lX AFSR=0x%08lX\r\n",
 131:../../CM7/Core/Src/stm32h7xx_it.c ****          (unsigned long)cfsr,
 132:../../CM7/Core/Src/stm32h7xx_it.c ****          (unsigned long)hfsr,
 133:../../CM7/Core/Src/stm32h7xx_it.c ****          (unsigned long)afsr);
 134:../../CM7/Core/Src/stm32h7xx_it.c ****   printf("BFAR=0x%08lX MMFAR=0x%08lX\r\n",
 135:../../CM7/Core/Src/stm32h7xx_it.c ****          (unsigned long)bfar,
 136:../../CM7/Core/Src/stm32h7xx_it.c ****          (unsigned long)mmfar);
 137:../../CM7/Core/Src/stm32h7xx_it.c ****   printf("stack_ptr=0x%08lX EXC_LR=0x%08lX\r\n",
 138:../../CM7/Core/Src/stm32h7xx_it.c ****          (unsigned long)stacked_regs,
 139:../../CM7/Core/Src/stm32h7xx_it.c ****          (unsigned long)exc_lr);
 140:../../CM7/Core/Src/stm32h7xx_it.c ****   printf("R0=0x%08lX R1=0x%08lX R2=0x%08lX R3=0x%08lX R12=0x%08lX\r\n",
 141:../../CM7/Core/Src/stm32h7xx_it.c ****          (unsigned long)stacked_r0,
 142:../../CM7/Core/Src/stm32h7xx_it.c ****          (unsigned long)stacked_r1,
 143:../../CM7/Core/Src/stm32h7xx_it.c ****          (unsigned long)stacked_r2,
 144:../../CM7/Core/Src/stm32h7xx_it.c ****          (unsigned long)stacked_r3,
 145:../../CM7/Core/Src/stm32h7xx_it.c ****          (unsigned long)stacked_r12);
 146:../../CM7/Core/Src/stm32h7xx_it.c ****   printf("LR=0x%08lX PC=0x%08lX PSR=0x%08lX\r\n",
 147:../../CM7/Core/Src/stm32h7xx_it.c ****          (unsigned long)stacked_lr,
 148:../../CM7/Core/Src/stm32h7xx_it.c ****          (unsigned long)stacked_pc,
 149:../../CM7/Core/Src/stm32h7xx_it.c ****          (unsigned long)stacked_psr);
 150:../../CM7/Core/Src/stm32h7xx_it.c **** 
 151:../../CM7/Core/Src/stm32h7xx_it.c ****   if (heth.Instance != NULL)
ARM GAS  /tmp/ccv7hCGu.s 			page 5


 152:../../CM7/Core/Src/stm32h7xx_it.c ****   {
 153:../../CM7/Core/Src/stm32h7xx_it.c ****     printf("ETH_DMACSR=0x%08lX\r\n", (unsigned long)heth.Instance->DMACSR);
 154:../../CM7/Core/Src/stm32h7xx_it.c ****   }
 155:../../CM7/Core/Src/stm32h7xx_it.c **** 
 156:../../CM7/Core/Src/stm32h7xx_it.c ****   while (1)
 157:../../CM7/Core/Src/stm32h7xx_it.c ****   {
 158:../../CM7/Core/Src/stm32h7xx_it.c ****   }
 159:../../CM7/Core/Src/stm32h7xx_it.c **** }
 160:../../CM7/Core/Src/stm32h7xx_it.c **** 
 161:../../CM7/Core/Src/stm32h7xx_it.c **** #if 0
 162:../../CM7/Core/Src/stm32h7xx_it.c **** void HardFault_Handler(void)
 163:../../CM7/Core/Src/stm32h7xx_it.c **** {
 164:../../CM7/Core/Src/stm32h7xx_it.c ****   /* USER CODE BEGIN HardFault_IRQn 0 */
 165:../../CM7/Core/Src/stm32h7xx_it.c ****   uint32_t cfsr = SCB->CFSR;
 166:../../CM7/Core/Src/stm32h7xx_it.c ****   uint32_t hfsr = SCB->HFSR;
 167:../../CM7/Core/Src/stm32h7xx_it.c ****   uint32_t bfar = SCB->BFAR;
 168:../../CM7/Core/Src/stm32h7xx_it.c ****   uint32_t mmfar = SCB->MMFAR;
 169:../../CM7/Core/Src/stm32h7xx_it.c ****   uint32_t afsr = SCB->AFSR;
 170:../../CM7/Core/Src/stm32h7xx_it.c ****   uint32_t msp = __get_MSP();
 171:../../CM7/Core/Src/stm32h7xx_it.c **** 
 172:../../CM7/Core/Src/stm32h7xx_it.c ****   uint32_t stacked_r0 = *((uint32_t *)(msp + 0u));
 173:../../CM7/Core/Src/stm32h7xx_it.c ****   uint32_t stacked_r1 = *((uint32_t *)(msp + 4u));
 174:../../CM7/Core/Src/stm32h7xx_it.c ****   uint32_t stacked_r2 = *((uint32_t *)(msp + 8u));
 175:../../CM7/Core/Src/stm32h7xx_it.c ****   uint32_t stacked_r3 = *((uint32_t *)(msp + 12u));
 176:../../CM7/Core/Src/stm32h7xx_it.c ****   uint32_t stacked_r12 = *((uint32_t *)(msp + 16u));
 177:../../CM7/Core/Src/stm32h7xx_it.c ****   uint32_t stacked_lr = *((uint32_t *)(msp + 20u));
 178:../../CM7/Core/Src/stm32h7xx_it.c ****   uint32_t stacked_pc = *((uint32_t *)(msp + 24u));
 179:../../CM7/Core/Src/stm32h7xx_it.c ****   uint32_t stacked_psr = *((uint32_t *)(msp + 28u));
 180:../../CM7/Core/Src/stm32h7xx_it.c **** 
 181:../../CM7/Core/Src/stm32h7xx_it.c ****   const char *task_name = "no_task";
 182:../../CM7/Core/Src/stm32h7xx_it.c ****   TaskHandle_t current_task = xTaskGetCurrentTaskHandle();
 183:../../CM7/Core/Src/stm32h7xx_it.c ****   if (current_task != NULL)
 184:../../CM7/Core/Src/stm32h7xx_it.c ****   {
 185:../../CM7/Core/Src/stm32h7xx_it.c ****     task_name = pcTaskGetName(current_task);
 186:../../CM7/Core/Src/stm32h7xx_it.c ****   }
 187:../../CM7/Core/Src/stm32h7xx_it.c **** 
 188:../../CM7/Core/Src/stm32h7xx_it.c ****   printf("\r\n*** HARDFAULT ***\r\n");
 189:../../CM7/Core/Src/stm32h7xx_it.c ****   printf("task=%s\r\n", task_name);
 190:../../CM7/Core/Src/stm32h7xx_it.c ****   printf("CFSR=0x%08lX HFSR=0x%08lX AFSR=0x%08lX\r\n",
 191:../../CM7/Core/Src/stm32h7xx_it.c ****          (unsigned long)cfsr,
 192:../../CM7/Core/Src/stm32h7xx_it.c ****          (unsigned long)hfsr,
 193:../../CM7/Core/Src/stm32h7xx_it.c ****          (unsigned long)afsr);
 194:../../CM7/Core/Src/stm32h7xx_it.c ****   printf("BFAR=0x%08lX MMFAR=0x%08lX\r\n",
 195:../../CM7/Core/Src/stm32h7xx_it.c ****          (unsigned long)bfar,
 196:../../CM7/Core/Src/stm32h7xx_it.c ****          (unsigned long)mmfar);
 197:../../CM7/Core/Src/stm32h7xx_it.c ****     printf("MSP=0x%08lX\r\n", (unsigned long)msp);
 198:../../CM7/Core/Src/stm32h7xx_it.c ****     printf("R0=0x%08lX R1=0x%08lX R2=0x%08lX R3=0x%08lX R12=0x%08lX\r\n",
 199:../../CM7/Core/Src/stm32h7xx_it.c ****       (unsigned long)stacked_r0,
 200:../../CM7/Core/Src/stm32h7xx_it.c ****       (unsigned long)stacked_r1,
 201:../../CM7/Core/Src/stm32h7xx_it.c ****       (unsigned long)stacked_r2,
 202:../../CM7/Core/Src/stm32h7xx_it.c ****       (unsigned long)stacked_r3,
 203:../../CM7/Core/Src/stm32h7xx_it.c ****       (unsigned long)stacked_r12);
 204:../../CM7/Core/Src/stm32h7xx_it.c ****     printf("LR=0x%08lX PC=0x%08lX PSR=0x%08lX\r\n",
 205:../../CM7/Core/Src/stm32h7xx_it.c ****       (unsigned long)stacked_lr,
 206:../../CM7/Core/Src/stm32h7xx_it.c ****       (unsigned long)stacked_pc,
 207:../../CM7/Core/Src/stm32h7xx_it.c ****       (unsigned long)stacked_psr);
 208:../../CM7/Core/Src/stm32h7xx_it.c **** 
ARM GAS  /tmp/ccv7hCGu.s 			page 6


 209:../../CM7/Core/Src/stm32h7xx_it.c ****     if (heth.Instance != NULL)
 210:../../CM7/Core/Src/stm32h7xx_it.c ****     {
 211:../../CM7/Core/Src/stm32h7xx_it.c ****       printf("ETH_DMACSR=0x%08lX\r\n", (unsigned long)heth.Instance->DMACSR);
 212:../../CM7/Core/Src/stm32h7xx_it.c ****     }
 213:../../CM7/Core/Src/stm32h7xx_it.c **** 
 214:../../CM7/Core/Src/stm32h7xx_it.c ****   /* USER CODE END HardFault_IRQn 0 */
 215:../../CM7/Core/Src/stm32h7xx_it.c ****   while (1)
 216:../../CM7/Core/Src/stm32h7xx_it.c ****   {
 217:../../CM7/Core/Src/stm32h7xx_it.c ****     /* USER CODE BEGIN W1_HardFault_IRQn 0 */
 218:../../CM7/Core/Src/stm32h7xx_it.c ****     /* USER CODE END W1_HardFault_IRQn 0 */
 219:../../CM7/Core/Src/stm32h7xx_it.c ****   }
 220:../../CM7/Core/Src/stm32h7xx_it.c **** }
 221:../../CM7/Core/Src/stm32h7xx_it.c **** #endif
 222:../../CM7/Core/Src/stm32h7xx_it.c **** 
 223:../../CM7/Core/Src/stm32h7xx_it.c **** /**
 224:../../CM7/Core/Src/stm32h7xx_it.c ****   * @brief This function handles Memory management fault.
 225:../../CM7/Core/Src/stm32h7xx_it.c ****   */
 226:../../CM7/Core/Src/stm32h7xx_it.c **** void MemManage_Handler(void)
 227:../../CM7/Core/Src/stm32h7xx_it.c **** {
  82              		.loc 1 227 1 is_stmt 1 view -0
  83              		.cfi_startproc
  84              		@ Volatile: function does not return.
  85              		@ args = 0, pretend = 0, frame = 0
  86              		@ frame_needed = 0, uses_anonymous_args = 0
  87              		@ link register save eliminated.
  88              	.L5:
 228:../../CM7/Core/Src/stm32h7xx_it.c ****   /* USER CODE BEGIN MemoryManagement_IRQn 0 */
 229:../../CM7/Core/Src/stm32h7xx_it.c **** 
 230:../../CM7/Core/Src/stm32h7xx_it.c ****   /* USER CODE END MemoryManagement_IRQn 0 */
 231:../../CM7/Core/Src/stm32h7xx_it.c ****   while (1)
  89              		.loc 1 231 3 view .LVU8
 232:../../CM7/Core/Src/stm32h7xx_it.c ****   {
 233:../../CM7/Core/Src/stm32h7xx_it.c ****     /* USER CODE BEGIN W1_MemoryManagement_IRQn 0 */
 234:../../CM7/Core/Src/stm32h7xx_it.c ****     /* USER CODE END W1_MemoryManagement_IRQn 0 */
 235:../../CM7/Core/Src/stm32h7xx_it.c ****   }
  90              		.loc 1 235 3 view .LVU9
 231:../../CM7/Core/Src/stm32h7xx_it.c ****   {
  91              		.loc 1 231 9 view .LVU10
  92 0000 FEE7     		b	.L5
  93              		.cfi_endproc
  94              	.LFE345:
  96              		.section	.text.BusFault_Handler,"ax",%progbits
  97              		.align	1
  98              		.global	BusFault_Handler
  99              		.syntax unified
 100              		.thumb
 101              		.thumb_func
 103              	BusFault_Handler:
 104              	.LFB346:
 236:../../CM7/Core/Src/stm32h7xx_it.c **** }
 237:../../CM7/Core/Src/stm32h7xx_it.c **** 
 238:../../CM7/Core/Src/stm32h7xx_it.c **** /**
 239:../../CM7/Core/Src/stm32h7xx_it.c ****   * @brief This function handles Pre-fetch fault, memory access fault.
 240:../../CM7/Core/Src/stm32h7xx_it.c ****   */
 241:../../CM7/Core/Src/stm32h7xx_it.c **** void BusFault_Handler(void)
 242:../../CM7/Core/Src/stm32h7xx_it.c **** {
 105              		.loc 1 242 1 view -0
ARM GAS  /tmp/ccv7hCGu.s 			page 7


 106              		.cfi_startproc
 107              		@ Volatile: function does not return.
 108              		@ args = 0, pretend = 0, frame = 0
 109              		@ frame_needed = 0, uses_anonymous_args = 0
 110              		@ link register save eliminated.
 111              	.L7:
 243:../../CM7/Core/Src/stm32h7xx_it.c ****   /* USER CODE BEGIN BusFault_IRQn 0 */
 244:../../CM7/Core/Src/stm32h7xx_it.c **** 
 245:../../CM7/Core/Src/stm32h7xx_it.c ****   /* USER CODE END BusFault_IRQn 0 */
 246:../../CM7/Core/Src/stm32h7xx_it.c ****   while (1)
 112              		.loc 1 246 3 view .LVU12
 247:../../CM7/Core/Src/stm32h7xx_it.c ****   {
 248:../../CM7/Core/Src/stm32h7xx_it.c ****     /* USER CODE BEGIN W1_BusFault_IRQn 0 */
 249:../../CM7/Core/Src/stm32h7xx_it.c ****     /* USER CODE END W1_BusFault_IRQn 0 */
 250:../../CM7/Core/Src/stm32h7xx_it.c ****   }
 113              		.loc 1 250 3 view .LVU13
 246:../../CM7/Core/Src/stm32h7xx_it.c ****   {
 114              		.loc 1 246 9 view .LVU14
 115 0000 FEE7     		b	.L7
 116              		.cfi_endproc
 117              	.LFE346:
 119              		.section	.text.UsageFault_Handler,"ax",%progbits
 120              		.align	1
 121              		.global	UsageFault_Handler
 122              		.syntax unified
 123              		.thumb
 124              		.thumb_func
 126              	UsageFault_Handler:
 127              	.LFB347:
 251:../../CM7/Core/Src/stm32h7xx_it.c **** }
 252:../../CM7/Core/Src/stm32h7xx_it.c **** 
 253:../../CM7/Core/Src/stm32h7xx_it.c **** /**
 254:../../CM7/Core/Src/stm32h7xx_it.c ****   * @brief This function handles Undefined instruction or illegal state.
 255:../../CM7/Core/Src/stm32h7xx_it.c ****   */
 256:../../CM7/Core/Src/stm32h7xx_it.c **** void UsageFault_Handler(void)
 257:../../CM7/Core/Src/stm32h7xx_it.c **** {
 128              		.loc 1 257 1 view -0
 129              		.cfi_startproc
 130              		@ Volatile: function does not return.
 131              		@ args = 0, pretend = 0, frame = 0
 132              		@ frame_needed = 0, uses_anonymous_args = 0
 133              		@ link register save eliminated.
 134              	.L9:
 258:../../CM7/Core/Src/stm32h7xx_it.c ****   /* USER CODE BEGIN UsageFault_IRQn 0 */
 259:../../CM7/Core/Src/stm32h7xx_it.c **** 
 260:../../CM7/Core/Src/stm32h7xx_it.c ****   /* USER CODE END UsageFault_IRQn 0 */
 261:../../CM7/Core/Src/stm32h7xx_it.c ****   while (1)
 135              		.loc 1 261 3 view .LVU16
 262:../../CM7/Core/Src/stm32h7xx_it.c ****   {
 263:../../CM7/Core/Src/stm32h7xx_it.c ****     /* USER CODE BEGIN W1_UsageFault_IRQn 0 */
 264:../../CM7/Core/Src/stm32h7xx_it.c ****     /* USER CODE END W1_UsageFault_IRQn 0 */
 265:../../CM7/Core/Src/stm32h7xx_it.c ****   }
 136              		.loc 1 265 3 view .LVU17
 261:../../CM7/Core/Src/stm32h7xx_it.c ****   {
 137              		.loc 1 261 9 view .LVU18
 138 0000 FEE7     		b	.L9
 139              		.cfi_endproc
ARM GAS  /tmp/ccv7hCGu.s 			page 8


 140              	.LFE347:
 142              		.section	.text.DebugMon_Handler,"ax",%progbits
 143              		.align	1
 144              		.global	DebugMon_Handler
 145              		.syntax unified
 146              		.thumb
 147              		.thumb_func
 149              	DebugMon_Handler:
 150              	.LFB348:
 266:../../CM7/Core/Src/stm32h7xx_it.c **** }
 267:../../CM7/Core/Src/stm32h7xx_it.c **** 
 268:../../CM7/Core/Src/stm32h7xx_it.c **** /**
 269:../../CM7/Core/Src/stm32h7xx_it.c ****   * @brief This function handles Debug monitor.
 270:../../CM7/Core/Src/stm32h7xx_it.c ****   */
 271:../../CM7/Core/Src/stm32h7xx_it.c **** void DebugMon_Handler(void)
 272:../../CM7/Core/Src/stm32h7xx_it.c **** {
 151              		.loc 1 272 1 view -0
 152              		.cfi_startproc
 153              		@ args = 0, pretend = 0, frame = 0
 154              		@ frame_needed = 0, uses_anonymous_args = 0
 155              		@ link register save eliminated.
 273:../../CM7/Core/Src/stm32h7xx_it.c ****   /* USER CODE BEGIN DebugMonitor_IRQn 0 */
 274:../../CM7/Core/Src/stm32h7xx_it.c **** 
 275:../../CM7/Core/Src/stm32h7xx_it.c ****   /* USER CODE END DebugMonitor_IRQn 0 */
 276:../../CM7/Core/Src/stm32h7xx_it.c ****   /* USER CODE BEGIN DebugMonitor_IRQn 1 */
 277:../../CM7/Core/Src/stm32h7xx_it.c **** 
 278:../../CM7/Core/Src/stm32h7xx_it.c ****   /* USER CODE END DebugMonitor_IRQn 1 */
 279:../../CM7/Core/Src/stm32h7xx_it.c **** }
 156              		.loc 1 279 1 view .LVU20
 157 0000 7047     		bx	lr
 158              		.cfi_endproc
 159              	.LFE348:
 161              		.section	.text.SysTick_Handler,"ax",%progbits
 162              		.align	1
 163              		.global	SysTick_Handler
 164              		.syntax unified
 165              		.thumb
 166              		.thumb_func
 168              	SysTick_Handler:
 169              	.LFB349:
 280:../../CM7/Core/Src/stm32h7xx_it.c **** 
 281:../../CM7/Core/Src/stm32h7xx_it.c **** /**
 282:../../CM7/Core/Src/stm32h7xx_it.c ****   * @brief This function handles System tick timer.
 283:../../CM7/Core/Src/stm32h7xx_it.c ****   */
 284:../../CM7/Core/Src/stm32h7xx_it.c **** void SysTick_Handler(void)
 285:../../CM7/Core/Src/stm32h7xx_it.c **** {
 170              		.loc 1 285 1 view -0
 171              		.cfi_startproc
 172              		@ args = 0, pretend = 0, frame = 0
 173              		@ frame_needed = 0, uses_anonymous_args = 0
 174 0000 08B5     		push	{r3, lr}
 175              	.LCFI0:
 176              		.cfi_def_cfa_offset 8
 177              		.cfi_offset 3, -8
 178              		.cfi_offset 14, -4
 286:../../CM7/Core/Src/stm32h7xx_it.c ****   /* USER CODE BEGIN SysTick_IRQn 0 */
 287:../../CM7/Core/Src/stm32h7xx_it.c **** 
ARM GAS  /tmp/ccv7hCGu.s 			page 9


 288:../../CM7/Core/Src/stm32h7xx_it.c ****   /* USER CODE END SysTick_IRQn 0 */
 289:../../CM7/Core/Src/stm32h7xx_it.c ****   HAL_IncTick();
 179              		.loc 1 289 3 view .LVU22
 180 0002 FFF7FEFF 		bl	HAL_IncTick
 181              	.LVL0:
 290:../../CM7/Core/Src/stm32h7xx_it.c **** #if (INCLUDE_xTaskGetSchedulerState == 1 )
 291:../../CM7/Core/Src/stm32h7xx_it.c ****   if (xTaskGetSchedulerState() != taskSCHEDULER_NOT_STARTED)
 182              		.loc 1 291 3 view .LVU23
 183              		.loc 1 291 7 is_stmt 0 view .LVU24
 184 0006 FFF7FEFF 		bl	xTaskGetSchedulerState
 185              	.LVL1:
 186              		.loc 1 291 6 discriminator 1 view .LVU25
 187 000a 0128     		cmp	r0, #1
 188 000c 00D1     		bne	.L14
 189              	.L11:
 292:../../CM7/Core/Src/stm32h7xx_it.c ****   {
 293:../../CM7/Core/Src/stm32h7xx_it.c **** #endif /* INCLUDE_xTaskGetSchedulerState */
 294:../../CM7/Core/Src/stm32h7xx_it.c ****   xPortSysTickHandler();
 295:../../CM7/Core/Src/stm32h7xx_it.c **** #if (INCLUDE_xTaskGetSchedulerState == 1 )
 296:../../CM7/Core/Src/stm32h7xx_it.c ****   }
 297:../../CM7/Core/Src/stm32h7xx_it.c **** #endif /* INCLUDE_xTaskGetSchedulerState */
 298:../../CM7/Core/Src/stm32h7xx_it.c ****   /* USER CODE BEGIN SysTick_IRQn 1 */
 299:../../CM7/Core/Src/stm32h7xx_it.c **** 
 300:../../CM7/Core/Src/stm32h7xx_it.c ****   /* USER CODE END SysTick_IRQn 1 */
 301:../../CM7/Core/Src/stm32h7xx_it.c **** }
 190              		.loc 1 301 1 view .LVU26
 191 000e 08BD     		pop	{r3, pc}
 192              	.L14:
 294:../../CM7/Core/Src/stm32h7xx_it.c **** #if (INCLUDE_xTaskGetSchedulerState == 1 )
 193              		.loc 1 294 3 is_stmt 1 view .LVU27
 194 0010 FFF7FEFF 		bl	xPortSysTickHandler
 195              	.LVL2:
 196              		.loc 1 301 1 is_stmt 0 view .LVU28
 197 0014 FBE7     		b	.L11
 198              		.cfi_endproc
 199              	.LFE349:
 201              		.section	.text.DMA1_Stream0_IRQHandler,"ax",%progbits
 202              		.align	1
 203              		.global	DMA1_Stream0_IRQHandler
 204              		.syntax unified
 205              		.thumb
 206              		.thumb_func
 208              	DMA1_Stream0_IRQHandler:
 209              	.LFB350:
 302:../../CM7/Core/Src/stm32h7xx_it.c **** 
 303:../../CM7/Core/Src/stm32h7xx_it.c **** /******************************************************************************/
 304:../../CM7/Core/Src/stm32h7xx_it.c **** /* STM32H7xx Peripheral Interrupt Handlers                                    */
 305:../../CM7/Core/Src/stm32h7xx_it.c **** /* Add here the Interrupt Handlers for the used peripherals.                  */
 306:../../CM7/Core/Src/stm32h7xx_it.c **** /* For the available peripheral interrupt handler names,                      */
 307:../../CM7/Core/Src/stm32h7xx_it.c **** /* please refer to the startup file (startup_stm32h7xx.s).                    */
 308:../../CM7/Core/Src/stm32h7xx_it.c **** /******************************************************************************/
 309:../../CM7/Core/Src/stm32h7xx_it.c **** 
 310:../../CM7/Core/Src/stm32h7xx_it.c **** /**
 311:../../CM7/Core/Src/stm32h7xx_it.c ****   * @brief This function handles DMA1 stream0 global interrupt.
 312:../../CM7/Core/Src/stm32h7xx_it.c ****   */
 313:../../CM7/Core/Src/stm32h7xx_it.c **** void DMA1_Stream0_IRQHandler(void)
 314:../../CM7/Core/Src/stm32h7xx_it.c **** {
ARM GAS  /tmp/ccv7hCGu.s 			page 10


 210              		.loc 1 314 1 is_stmt 1 view -0
 211              		.cfi_startproc
 212              		@ args = 0, pretend = 0, frame = 0
 213              		@ frame_needed = 0, uses_anonymous_args = 0
 214 0000 08B5     		push	{r3, lr}
 215              	.LCFI1:
 216              		.cfi_def_cfa_offset 8
 217              		.cfi_offset 3, -8
 218              		.cfi_offset 14, -4
 315:../../CM7/Core/Src/stm32h7xx_it.c ****   /* USER CODE BEGIN DMA1_Stream0_IRQn 0 */
 316:../../CM7/Core/Src/stm32h7xx_it.c **** 
 317:../../CM7/Core/Src/stm32h7xx_it.c ****   /* USER CODE END DMA1_Stream0_IRQn 0 */
 318:../../CM7/Core/Src/stm32h7xx_it.c ****   HAL_DMA_IRQHandler(&hdma_adc1);
 219              		.loc 1 318 3 view .LVU30
 220 0002 0248     		ldr	r0, .L17
 221 0004 FFF7FEFF 		bl	HAL_DMA_IRQHandler
 222              	.LVL3:
 319:../../CM7/Core/Src/stm32h7xx_it.c ****   /* USER CODE BEGIN DMA1_Stream0_IRQn 1 */
 320:../../CM7/Core/Src/stm32h7xx_it.c **** 
 321:../../CM7/Core/Src/stm32h7xx_it.c ****   /* USER CODE END DMA1_Stream0_IRQn 1 */
 322:../../CM7/Core/Src/stm32h7xx_it.c **** }
 223              		.loc 1 322 1 is_stmt 0 view .LVU31
 224 0008 08BD     		pop	{r3, pc}
 225              	.L18:
 226 000a 00BF     		.align	2
 227              	.L17:
 228 000c 00000000 		.word	hdma_adc1
 229              		.cfi_endproc
 230              	.LFE350:
 232              		.section	.text.USART1_IRQHandler,"ax",%progbits
 233              		.align	1
 234              		.global	USART1_IRQHandler
 235              		.syntax unified
 236              		.thumb
 237              		.thumb_func
 239              	USART1_IRQHandler:
 240              	.LFB351:
 323:../../CM7/Core/Src/stm32h7xx_it.c **** 
 324:../../CM7/Core/Src/stm32h7xx_it.c **** /**
 325:../../CM7/Core/Src/stm32h7xx_it.c ****   * @brief This function handles USART1 global interrupt.
 326:../../CM7/Core/Src/stm32h7xx_it.c ****   */
 327:../../CM7/Core/Src/stm32h7xx_it.c **** void USART1_IRQHandler(void)
 328:../../CM7/Core/Src/stm32h7xx_it.c **** {
 241              		.loc 1 328 1 is_stmt 1 view -0
 242              		.cfi_startproc
 243              		@ args = 0, pretend = 0, frame = 0
 244              		@ frame_needed = 0, uses_anonymous_args = 0
 245 0000 08B5     		push	{r3, lr}
 246              	.LCFI2:
 247              		.cfi_def_cfa_offset 8
 248              		.cfi_offset 3, -8
 249              		.cfi_offset 14, -4
 329:../../CM7/Core/Src/stm32h7xx_it.c ****   /* USER CODE BEGIN USART1_IRQn 0 */
 330:../../CM7/Core/Src/stm32h7xx_it.c **** 
 331:../../CM7/Core/Src/stm32h7xx_it.c ****   /* USER CODE END USART1_IRQn 0 */
 332:../../CM7/Core/Src/stm32h7xx_it.c ****   HAL_UART_IRQHandler(&huart1);
 250              		.loc 1 332 3 view .LVU33
ARM GAS  /tmp/ccv7hCGu.s 			page 11


 251 0002 0248     		ldr	r0, .L21
 252 0004 FFF7FEFF 		bl	HAL_UART_IRQHandler
 253              	.LVL4:
 333:../../CM7/Core/Src/stm32h7xx_it.c ****   /* USER CODE BEGIN USART1_IRQn 1 */
 334:../../CM7/Core/Src/stm32h7xx_it.c **** 
 335:../../CM7/Core/Src/stm32h7xx_it.c ****   /* USER CODE END USART1_IRQn 1 */
 336:../../CM7/Core/Src/stm32h7xx_it.c **** }
 254              		.loc 1 336 1 is_stmt 0 view .LVU34
 255 0008 08BD     		pop	{r3, pc}
 256              	.L22:
 257 000a 00BF     		.align	2
 258              	.L21:
 259 000c 00000000 		.word	huart1
 260              		.cfi_endproc
 261              	.LFE351:
 263              		.section	.text.USART2_IRQHandler,"ax",%progbits
 264              		.align	1
 265              		.global	USART2_IRQHandler
 266              		.syntax unified
 267              		.thumb
 268              		.thumb_func
 270              	USART2_IRQHandler:
 271              	.LFB352:
 337:../../CM7/Core/Src/stm32h7xx_it.c **** 
 338:../../CM7/Core/Src/stm32h7xx_it.c **** /**
 339:../../CM7/Core/Src/stm32h7xx_it.c ****   * @brief This function handles USART2 global interrupt.
 340:../../CM7/Core/Src/stm32h7xx_it.c ****   */
 341:../../CM7/Core/Src/stm32h7xx_it.c **** void USART2_IRQHandler(void)
 342:../../CM7/Core/Src/stm32h7xx_it.c **** {
 272              		.loc 1 342 1 is_stmt 1 view -0
 273              		.cfi_startproc
 274              		@ args = 0, pretend = 0, frame = 0
 275              		@ frame_needed = 0, uses_anonymous_args = 0
 276 0000 08B5     		push	{r3, lr}
 277              	.LCFI3:
 278              		.cfi_def_cfa_offset 8
 279              		.cfi_offset 3, -8
 280              		.cfi_offset 14, -4
 343:../../CM7/Core/Src/stm32h7xx_it.c ****   /* USER CODE BEGIN USART2_IRQn 0 */
 344:../../CM7/Core/Src/stm32h7xx_it.c **** 
 345:../../CM7/Core/Src/stm32h7xx_it.c ****   /* USER CODE END USART2_IRQn 0 */
 346:../../CM7/Core/Src/stm32h7xx_it.c ****   HAL_UART_IRQHandler(&huart2);
 281              		.loc 1 346 3 view .LVU36
 282 0002 0248     		ldr	r0, .L25
 283 0004 FFF7FEFF 		bl	HAL_UART_IRQHandler
 284              	.LVL5:
 347:../../CM7/Core/Src/stm32h7xx_it.c ****   /* USER CODE BEGIN USART2_IRQn 1 */
 348:../../CM7/Core/Src/stm32h7xx_it.c **** 
 349:../../CM7/Core/Src/stm32h7xx_it.c ****   /* USER CODE END USART2_IRQn 1 */
 350:../../CM7/Core/Src/stm32h7xx_it.c **** }
 285              		.loc 1 350 1 is_stmt 0 view .LVU37
 286 0008 08BD     		pop	{r3, pc}
 287              	.L26:
 288 000a 00BF     		.align	2
 289              	.L25:
 290 000c 00000000 		.word	huart2
 291              		.cfi_endproc
ARM GAS  /tmp/ccv7hCGu.s 			page 12


 292              	.LFE352:
 294              		.section	.text.EXTI15_10_IRQHandler,"ax",%progbits
 295              		.align	1
 296              		.global	EXTI15_10_IRQHandler
 297              		.syntax unified
 298              		.thumb
 299              		.thumb_func
 301              	EXTI15_10_IRQHandler:
 302              	.LFB353:
 351:../../CM7/Core/Src/stm32h7xx_it.c **** 
 352:../../CM7/Core/Src/stm32h7xx_it.c **** /**
 353:../../CM7/Core/Src/stm32h7xx_it.c ****   * @brief This function handles EXTI line[15:10] interrupts.
 354:../../CM7/Core/Src/stm32h7xx_it.c ****   */
 355:../../CM7/Core/Src/stm32h7xx_it.c **** void EXTI15_10_IRQHandler(void)
 356:../../CM7/Core/Src/stm32h7xx_it.c **** {
 303              		.loc 1 356 1 is_stmt 1 view -0
 304              		.cfi_startproc
 305              		@ args = 0, pretend = 0, frame = 0
 306              		@ frame_needed = 0, uses_anonymous_args = 0
 307 0000 08B5     		push	{r3, lr}
 308              	.LCFI4:
 309              		.cfi_def_cfa_offset 8
 310              		.cfi_offset 3, -8
 311              		.cfi_offset 14, -4
 357:../../CM7/Core/Src/stm32h7xx_it.c ****   /* USER CODE BEGIN EXTI15_10_IRQn 0 */
 358:../../CM7/Core/Src/stm32h7xx_it.c **** 
 359:../../CM7/Core/Src/stm32h7xx_it.c ****   /* USER CODE END EXTI15_10_IRQn 0 */
 360:../../CM7/Core/Src/stm32h7xx_it.c ****   BSP_PB_IRQHandler(BUTTON_USER);
 312              		.loc 1 360 3 view .LVU39
 313 0002 0020     		movs	r0, #0
 314 0004 FFF7FEFF 		bl	BSP_PB_IRQHandler
 315              	.LVL6:
 361:../../CM7/Core/Src/stm32h7xx_it.c ****   HAL_GPIO_EXTI_IRQHandler(IMU_INT_PIN_Pin);
 316              		.loc 1 361 3 view .LVU40
 317 0008 4FF40040 		mov	r0, #32768
 318 000c FFF7FEFF 		bl	HAL_GPIO_EXTI_IRQHandler
 319              	.LVL7:
 362:../../CM7/Core/Src/stm32h7xx_it.c ****   /* USER CODE BEGIN EXTI15_10_IRQn 1 */
 363:../../CM7/Core/Src/stm32h7xx_it.c **** 
 364:../../CM7/Core/Src/stm32h7xx_it.c ****   /* USER CODE END EXTI15_10_IRQn 1 */
 365:../../CM7/Core/Src/stm32h7xx_it.c **** }
 320              		.loc 1 365 1 is_stmt 0 view .LVU41
 321 0010 08BD     		pop	{r3, pc}
 322              		.cfi_endproc
 323              	.LFE353:
 325              		.section	.text.ETH_IRQHandler,"ax",%progbits
 326              		.align	1
 327              		.global	ETH_IRQHandler
 328              		.syntax unified
 329              		.thumb
 330              		.thumb_func
 332              	ETH_IRQHandler:
 333              	.LFB354:
 366:../../CM7/Core/Src/stm32h7xx_it.c **** 
 367:../../CM7/Core/Src/stm32h7xx_it.c **** /**
 368:../../CM7/Core/Src/stm32h7xx_it.c ****   * @brief This function handles Ethernet global interrupt.
 369:../../CM7/Core/Src/stm32h7xx_it.c ****   */
ARM GAS  /tmp/ccv7hCGu.s 			page 13


 370:../../CM7/Core/Src/stm32h7xx_it.c **** void ETH_IRQHandler(void)
 371:../../CM7/Core/Src/stm32h7xx_it.c **** {
 334              		.loc 1 371 1 is_stmt 1 view -0
 335              		.cfi_startproc
 336              		@ args = 0, pretend = 0, frame = 0
 337              		@ frame_needed = 0, uses_anonymous_args = 0
 338 0000 08B5     		push	{r3, lr}
 339              	.LCFI5:
 340              		.cfi_def_cfa_offset 8
 341              		.cfi_offset 3, -8
 342              		.cfi_offset 14, -4
 372:../../CM7/Core/Src/stm32h7xx_it.c ****   /* USER CODE BEGIN ETH_IRQn 0 */
 373:../../CM7/Core/Src/stm32h7xx_it.c **** 
 374:../../CM7/Core/Src/stm32h7xx_it.c ****   /* USER CODE END ETH_IRQn 0 */
 375:../../CM7/Core/Src/stm32h7xx_it.c ****   HAL_ETH_IRQHandler(&heth);
 343              		.loc 1 375 3 view .LVU43
 344 0002 0248     		ldr	r0, .L31
 345 0004 FFF7FEFF 		bl	HAL_ETH_IRQHandler
 346              	.LVL8:
 376:../../CM7/Core/Src/stm32h7xx_it.c ****   /* USER CODE BEGIN ETH_IRQn 1 */
 377:../../CM7/Core/Src/stm32h7xx_it.c **** 
 378:../../CM7/Core/Src/stm32h7xx_it.c ****   /* USER CODE END ETH_IRQn 1 */
 379:../../CM7/Core/Src/stm32h7xx_it.c **** }
 347              		.loc 1 379 1 is_stmt 0 view .LVU44
 348 0008 08BD     		pop	{r3, pc}
 349              	.L32:
 350 000a 00BF     		.align	2
 351              	.L31:
 352 000c 00000000 		.word	heth
 353              		.cfi_endproc
 354              	.LFE354:
 356              		.text
 357              	.Letext0:
 358              		.file 2 "/usr/lib/gcc/arm-none-eabi/13.2.1/include/stdint.h"
 359              		.file 3 "../../Drivers/CMSIS/Device/ST/STM32H7xx/Include/stm32h755xx.h"
 360              		.file 4 "../../Drivers/STM32H7xx_HAL_Driver/Inc/stm32h7xx_hal_def.h"
 361              		.file 5 "../../Drivers/STM32H7xx_HAL_Driver/Inc/stm32h7xx_hal_dma.h"
 362              		.file 6 "../../Drivers/STM32H7xx_HAL_Driver/Inc/stm32h7xx_hal_eth.h"
 363              		.file 7 "../../Drivers/STM32H7xx_HAL_Driver/Inc/stm32h7xx_hal_uart.h"
 364              		.file 8 "../../Drivers/BSP/STM32H7xx_Nucleo/stm32h7xx_nucleo.h"
 365              		.file 9 "../../Middlewares/Third_Party/FreeRTOS/Source/portable/GCC/ARM_CM4F/portmacro.h"
 366              		.file 10 "../../Drivers/STM32H7xx_HAL_Driver/Inc/stm32h7xx_hal_gpio.h"
 367              		.file 11 "../../CM7/Core/Inc/FreeRTOSConfig.h"
 368              		.file 12 "../../Drivers/STM32H7xx_HAL_Driver/Inc/stm32h7xx_hal.h"
 369              		.file 13 "../../Middlewares/Third_Party/FreeRTOS/Source/include/task.h"
ARM GAS  /tmp/ccv7hCGu.s 			page 14


DEFINED SYMBOLS
                            *ABS*:00000000 stm32h7xx_it.c
     /tmp/ccv7hCGu.s:20     .text.NMI_Handler:00000000 $t
     /tmp/ccv7hCGu.s:26     .text.NMI_Handler:00000000 NMI_Handler
     /tmp/ccv7hCGu.s:43     .text.HardFault_Handler:00000000 $t
     /tmp/ccv7hCGu.s:49     .text.HardFault_Handler:00000000 HardFault_Handler
     /tmp/ccv7hCGu.s:74     .text.MemManage_Handler:00000000 $t
     /tmp/ccv7hCGu.s:80     .text.MemManage_Handler:00000000 MemManage_Handler
     /tmp/ccv7hCGu.s:97     .text.BusFault_Handler:00000000 $t
     /tmp/ccv7hCGu.s:103    .text.BusFault_Handler:00000000 BusFault_Handler
     /tmp/ccv7hCGu.s:120    .text.UsageFault_Handler:00000000 $t
     /tmp/ccv7hCGu.s:126    .text.UsageFault_Handler:00000000 UsageFault_Handler
     /tmp/ccv7hCGu.s:143    .text.DebugMon_Handler:00000000 $t
     /tmp/ccv7hCGu.s:149    .text.DebugMon_Handler:00000000 DebugMon_Handler
     /tmp/ccv7hCGu.s:162    .text.SysTick_Handler:00000000 $t
     /tmp/ccv7hCGu.s:168    .text.SysTick_Handler:00000000 SysTick_Handler
     /tmp/ccv7hCGu.s:202    .text.DMA1_Stream0_IRQHandler:00000000 $t
     /tmp/ccv7hCGu.s:208    .text.DMA1_Stream0_IRQHandler:00000000 DMA1_Stream0_IRQHandler
     /tmp/ccv7hCGu.s:228    .text.DMA1_Stream0_IRQHandler:0000000c $d
     /tmp/ccv7hCGu.s:233    .text.USART1_IRQHandler:00000000 $t
     /tmp/ccv7hCGu.s:239    .text.USART1_IRQHandler:00000000 USART1_IRQHandler
     /tmp/ccv7hCGu.s:259    .text.USART1_IRQHandler:0000000c $d
     /tmp/ccv7hCGu.s:264    .text.USART2_IRQHandler:00000000 $t
     /tmp/ccv7hCGu.s:270    .text.USART2_IRQHandler:00000000 USART2_IRQHandler
     /tmp/ccv7hCGu.s:290    .text.USART2_IRQHandler:0000000c $d
     /tmp/ccv7hCGu.s:295    .text.EXTI15_10_IRQHandler:00000000 $t
     /tmp/ccv7hCGu.s:301    .text.EXTI15_10_IRQHandler:00000000 EXTI15_10_IRQHandler
     /tmp/ccv7hCGu.s:326    .text.ETH_IRQHandler:00000000 $t
     /tmp/ccv7hCGu.s:332    .text.ETH_IRQHandler:00000000 ETH_IRQHandler
     /tmp/ccv7hCGu.s:352    .text.ETH_IRQHandler:0000000c $d

UNDEFINED SYMBOLS
HardFault_HandlerC
HAL_IncTick
xTaskGetSchedulerState
xPortSysTickHandler
HAL_DMA_IRQHandler
hdma_adc1
HAL_UART_IRQHandler
huart1
huart2
BSP_PB_IRQHandler
HAL_GPIO_EXTI_IRQHandler
HAL_ETH_IRQHandler
heth
