ARM GAS  /tmp/ccnDCtvz.s 			page 1


   1              		.cpu cortex-m7
   2              		.arch armv7e-m
   3              		.fpu fpv5-d16
   4              		.eabi_attribute 28, 1
   5              		.eabi_attribute 20, 1
   6              		.eabi_attribute 21, 1
   7              		.eabi_attribute 23, 3
   8              		.eabi_attribute 24, 1
   9              		.eabi_attribute 25, 1
  10              		.eabi_attribute 26, 1
  11              		.eabi_attribute 30, 1
  12              		.eabi_attribute 34, 1
  13              		.eabi_attribute 18, 4
  14              		.file	"sysmem.c"
  15              		.text
  16              	.Ltext0:
  17              		.cfi_sections	.debug_frame
  18              		.file 1 "../../CM7/Core/Src/sysmem.c"
  19              		.section	.text._sbrk,"ax",%progbits
  20              		.align	1
  21              		.global	_sbrk
  22              		.syntax unified
  23              		.thumb
  24              		.thumb_func
  26              	_sbrk:
  27              	.LVL0:
  28              	.LFB361:
   1:../../CM7/Core/Src/sysmem.c **** /**
   2:../../CM7/Core/Src/sysmem.c ****  ******************************************************************************
   3:../../CM7/Core/Src/sysmem.c ****  * @file      sysmem.c
   4:../../CM7/Core/Src/sysmem.c ****  * @author    Generated by STM32CubeIDE
   5:../../CM7/Core/Src/sysmem.c ****  * @brief     STM32CubeIDE System Memory calls file
   6:../../CM7/Core/Src/sysmem.c ****  *
   7:../../CM7/Core/Src/sysmem.c ****  *            For more information about which C functions
   8:../../CM7/Core/Src/sysmem.c ****  *            need which of these lowlevel functions
   9:../../CM7/Core/Src/sysmem.c ****  *            please consult the newlib libc manual
  10:../../CM7/Core/Src/sysmem.c ****  ******************************************************************************
  11:../../CM7/Core/Src/sysmem.c ****  * @attention
  12:../../CM7/Core/Src/sysmem.c ****  *
  13:../../CM7/Core/Src/sysmem.c ****  * Copyright (c) 2025 STMicroelectronics.
  14:../../CM7/Core/Src/sysmem.c ****  * All rights reserved.
  15:../../CM7/Core/Src/sysmem.c ****  *
  16:../../CM7/Core/Src/sysmem.c ****  * This software is licensed under terms that can be found in the LICENSE file
  17:../../CM7/Core/Src/sysmem.c ****  * in the root directory of this software component.
  18:../../CM7/Core/Src/sysmem.c ****  * If no LICENSE file comes with this software, it is provided AS-IS.
  19:../../CM7/Core/Src/sysmem.c ****  *
  20:../../CM7/Core/Src/sysmem.c ****  ******************************************************************************
  21:../../CM7/Core/Src/sysmem.c ****  */
  22:../../CM7/Core/Src/sysmem.c **** 
  23:../../CM7/Core/Src/sysmem.c **** /* Includes */
  24:../../CM7/Core/Src/sysmem.c **** #include <errno.h>
  25:../../CM7/Core/Src/sysmem.c **** #include <stdint.h>
  26:../../CM7/Core/Src/sysmem.c **** 
  27:../../CM7/Core/Src/sysmem.c **** /**
  28:../../CM7/Core/Src/sysmem.c ****  * Pointer to the current high watermark of the heap usage
  29:../../CM7/Core/Src/sysmem.c ****  */
  30:../../CM7/Core/Src/sysmem.c **** static uint8_t *__sbrk_heap_end = NULL;
ARM GAS  /tmp/ccnDCtvz.s 			page 2


  31:../../CM7/Core/Src/sysmem.c **** 
  32:../../CM7/Core/Src/sysmem.c **** /**
  33:../../CM7/Core/Src/sysmem.c ****  * @brief _sbrk() allocates memory to the newlib heap and is used by malloc
  34:../../CM7/Core/Src/sysmem.c ****  *        and others from the C library
  35:../../CM7/Core/Src/sysmem.c ****  *
  36:../../CM7/Core/Src/sysmem.c ****  * @verbatim
  37:../../CM7/Core/Src/sysmem.c ****  * ############################################################################
  38:../../CM7/Core/Src/sysmem.c ****  * #  .data  #  .bss  #       newlib heap       #          MSP stack          #
  39:../../CM7/Core/Src/sysmem.c ****  * #         #        #                         # Reserved by _Min_Stack_Size #
  40:../../CM7/Core/Src/sysmem.c ****  * ############################################################################
  41:../../CM7/Core/Src/sysmem.c ****  * ^-- RAM start      ^-- _end                             _estack, RAM end --^
  42:../../CM7/Core/Src/sysmem.c ****  * @endverbatim
  43:../../CM7/Core/Src/sysmem.c ****  *
  44:../../CM7/Core/Src/sysmem.c ****  * This implementation starts allocating at the '_end' linker symbol
  45:../../CM7/Core/Src/sysmem.c ****  * The '_Min_Stack_Size' linker symbol reserves a memory for the MSP stack
  46:../../CM7/Core/Src/sysmem.c ****  * The implementation considers '_estack' linker symbol to be RAM end
  47:../../CM7/Core/Src/sysmem.c ****  * NOTE: If the MSP stack, at any point during execution, grows larger than the
  48:../../CM7/Core/Src/sysmem.c ****  * reserved size, please increase the '_Min_Stack_Size'.
  49:../../CM7/Core/Src/sysmem.c ****  *
  50:../../CM7/Core/Src/sysmem.c ****  * @param incr Memory size
  51:../../CM7/Core/Src/sysmem.c ****  * @return Pointer to allocated memory
  52:../../CM7/Core/Src/sysmem.c ****  */
  53:../../CM7/Core/Src/sysmem.c **** void *_sbrk(ptrdiff_t incr)
  54:../../CM7/Core/Src/sysmem.c **** {
  29              		.loc 1 54 1 view -0
  30              		.cfi_startproc
  31              		@ args = 0, pretend = 0, frame = 0
  32              		@ frame_needed = 0, uses_anonymous_args = 0
  33              		@ link register save eliminated.
  34              		.loc 1 54 1 is_stmt 0 view .LVU1
  35 0000 10B4     		push	{r4}
  36              	.LCFI0:
  37              		.cfi_def_cfa_offset 4
  38              		.cfi_offset 4, -4
  39 0002 0346     		mov	r3, r0
  55:../../CM7/Core/Src/sysmem.c ****   extern uint8_t _end; /* Symbol defined in the linker script */
  40              		.loc 1 55 3 is_stmt 1 view .LVU2
  56:../../CM7/Core/Src/sysmem.c ****   extern uint8_t _estack; /* Symbol defined in the linker script */
  41              		.loc 1 56 3 view .LVU3
  57:../../CM7/Core/Src/sysmem.c ****   extern uint32_t _Min_Stack_Size; /* Symbol defined in the linker script */
  42              		.loc 1 57 3 view .LVU4
  58:../../CM7/Core/Src/sysmem.c ****   const uint32_t stack_limit = (uint32_t)&_estack - (uint32_t)&_Min_Stack_Size;
  43              		.loc 1 58 3 view .LVU5
  44              	.LVL1:
  59:../../CM7/Core/Src/sysmem.c ****   const uint8_t *max_heap = (uint8_t *)stack_limit;
  45              		.loc 1 59 3 view .LVU6
  58:../../CM7/Core/Src/sysmem.c ****   const uint32_t stack_limit = (uint32_t)&_estack - (uint32_t)&_Min_Stack_Size;
  46              		.loc 1 58 51 is_stmt 0 view .LVU7
  47 0004 0C4A     		ldr	r2, .L8
  48 0006 0D49     		ldr	r1, .L8+4
  49              	.LVL2:
  60:../../CM7/Core/Src/sysmem.c ****   uint8_t *prev_heap_end;
  50              		.loc 1 60 3 is_stmt 1 view .LVU8
  61:../../CM7/Core/Src/sysmem.c **** 
  62:../../CM7/Core/Src/sysmem.c ****   /* Initialize heap end at first call */
  63:../../CM7/Core/Src/sysmem.c ****   if (NULL == __sbrk_heap_end)
  51              		.loc 1 63 3 view .LVU9
ARM GAS  /tmp/ccnDCtvz.s 			page 3


  52              		.loc 1 63 12 is_stmt 0 view .LVU10
  53 0008 0D48     		ldr	r0, .L8+8
  54              	.LVL3:
  55              		.loc 1 63 12 view .LVU11
  56 000a 0068     		ldr	r0, [r0]
  57              		.loc 1 63 6 view .LVU12
  58 000c 50B1     		cbz	r0, .L6
  59              	.L2:
  64:../../CM7/Core/Src/sysmem.c ****   {
  65:../../CM7/Core/Src/sysmem.c ****     __sbrk_heap_end = &_end;
  66:../../CM7/Core/Src/sysmem.c ****   }
  67:../../CM7/Core/Src/sysmem.c **** 
  68:../../CM7/Core/Src/sysmem.c ****   /* Protect heap from growing into the reserved MSP stack */
  69:../../CM7/Core/Src/sysmem.c ****   if (__sbrk_heap_end + incr > max_heap)
  60              		.loc 1 69 3 is_stmt 1 view .LVU13
  61              		.loc 1 69 23 is_stmt 0 view .LVU14
  62 000e 0C48     		ldr	r0, .L8+8
  63 0010 0068     		ldr	r0, [r0]
  64 0012 0344     		add	r3, r3, r0
  65              	.LVL4:
  66              		.loc 1 69 6 view .LVU15
  67 0014 521A     		subs	r2, r2, r1
  68 0016 9342     		cmp	r3, r2
  69 0018 08D8     		bhi	.L7
  70:../../CM7/Core/Src/sysmem.c ****   {
  71:../../CM7/Core/Src/sysmem.c ****     errno = ENOMEM;
  72:../../CM7/Core/Src/sysmem.c ****     return (void *)-1;
  73:../../CM7/Core/Src/sysmem.c ****   }
  74:../../CM7/Core/Src/sysmem.c **** 
  75:../../CM7/Core/Src/sysmem.c ****   prev_heap_end = __sbrk_heap_end;
  70              		.loc 1 75 3 is_stmt 1 view .LVU16
  71              	.LVL5:
  76:../../CM7/Core/Src/sysmem.c ****   __sbrk_heap_end += incr;
  72              		.loc 1 76 3 view .LVU17
  73              		.loc 1 76 19 is_stmt 0 view .LVU18
  74 001a 094A     		ldr	r2, .L8+8
  75 001c 1360     		str	r3, [r2]
  77:../../CM7/Core/Src/sysmem.c **** 
  78:../../CM7/Core/Src/sysmem.c ****   return (void *)prev_heap_end;
  76              		.loc 1 78 3 is_stmt 1 view .LVU19
  77              	.LVL6:
  78              	.L1:
  79:../../CM7/Core/Src/sysmem.c **** }
  79              		.loc 1 79 1 is_stmt 0 view .LVU20
  80 001e 5DF8044B 		ldr	r4, [sp], #4
  81              	.LCFI1:
  82              		.cfi_remember_state
  83              		.cfi_restore 4
  84              		.cfi_def_cfa_offset 0
  85 0022 7047     		bx	lr
  86              	.LVL7:
  87              	.L6:
  88              	.LCFI2:
  89              		.cfi_restore_state
  65:../../CM7/Core/Src/sysmem.c ****   }
  90              		.loc 1 65 5 is_stmt 1 view .LVU21
  65:../../CM7/Core/Src/sysmem.c ****   }
ARM GAS  /tmp/ccnDCtvz.s 			page 4


  91              		.loc 1 65 21 is_stmt 0 view .LVU22
  92 0024 0648     		ldr	r0, .L8+8
  93 0026 074C     		ldr	r4, .L8+12
  94 0028 0460     		str	r4, [r0]
  95 002a F0E7     		b	.L2
  96              	.LVL8:
  97              	.L7:
  71:../../CM7/Core/Src/sysmem.c ****     return (void *)-1;
  98              		.loc 1 71 5 is_stmt 1 view .LVU23
  71:../../CM7/Core/Src/sysmem.c ****     return (void *)-1;
  99              		.loc 1 71 11 is_stmt 0 view .LVU24
 100 002c 064B     		ldr	r3, .L8+16
 101 002e 0C22     		movs	r2, #12
 102 0030 1A60     		str	r2, [r3]
  72:../../CM7/Core/Src/sysmem.c ****   }
 103              		.loc 1 72 5 is_stmt 1 view .LVU25
  72:../../CM7/Core/Src/sysmem.c ****   }
 104              		.loc 1 72 12 is_stmt 0 view .LVU26
 105 0032 4FF0FF30 		mov	r0, #-1
 106 0036 F2E7     		b	.L1
 107              	.L9:
 108              		.align	2
 109              	.L8:
 110 0038 00000000 		.word	_estack
 111 003c 00000000 		.word	_Min_Stack_Size
 112 0040 00000000 		.word	__sbrk_heap_end
 113 0044 00000000 		.word	_end
 114 0048 00000000 		.word	errno
 115              		.cfi_endproc
 116              	.LFE361:
 118              		.section	.bss.__sbrk_heap_end,"aw",%nobits
 119              		.align	2
 122              	__sbrk_heap_end:
 123 0000 00000000 		.space	4
 124              		.text
 125              	.Letext0:
 126              		.file 2 "/usr/lib/gcc/arm-none-eabi/13.2.1/include/stdint.h"
 127              		.file 3 "/usr/lib/gcc/arm-none-eabi/13.2.1/include/stddef.h"
 128              		.file 4 "../../Middlewares/Third_Party/LwIP/src/include/lwip/errno.h"
ARM GAS  /tmp/ccnDCtvz.s 			page 5


DEFINED SYMBOLS
                            *ABS*:00000000 sysmem.c
     /tmp/ccnDCtvz.s:20     .text._sbrk:00000000 $t
     /tmp/ccnDCtvz.s:26     .text._sbrk:00000000 _sbrk
     /tmp/ccnDCtvz.s:110    .text._sbrk:00000038 $d
     /tmp/ccnDCtvz.s:122    .bss.__sbrk_heap_end:00000000 __sbrk_heap_end
     /tmp/ccnDCtvz.s:119    .bss.__sbrk_heap_end:00000000 $d

UNDEFINED SYMBOLS
_estack
_Min_Stack_Size
_end
errno
