ARM GAS  /tmp/ccp1uxPQ.s 			page 1


   1              		.cpu cortex-m7
   2              		.arch armv7e-m
   3              		.fpu fpv4-sp-d16
   4              		.eabi_attribute 27, 1
   5              		.eabi_attribute 28, 1
   6              		.eabi_attribute 20, 1
   7              		.eabi_attribute 21, 1
   8              		.eabi_attribute 23, 3
   9              		.eabi_attribute 24, 1
  10              		.eabi_attribute 25, 1
  11              		.eabi_attribute 26, 1
  12              		.eabi_attribute 30, 1
  13              		.eabi_attribute 34, 1
  14              		.eabi_attribute 18, 4
  15              		.file	"stm32h7xx_hal_msp.c"
  16              		.text
  17              	.Ltext0:
  18              		.cfi_sections	.debug_frame
  19              		.file 1 "../../CM4/Core/Src/stm32h7xx_hal_msp.c"
  20              		.section	.text.HAL_MspInit,"ax",%progbits
  21              		.align	1
  22              		.global	HAL_MspInit
  23              		.syntax unified
  24              		.thumb
  25              		.thumb_func
  27              	HAL_MspInit:
  28              	.LFB135:
   1:../../CM4/Core/Src/stm32h7xx_hal_msp.c **** /* USER CODE BEGIN Header */
   2:../../CM4/Core/Src/stm32h7xx_hal_msp.c **** /**
   3:../../CM4/Core/Src/stm32h7xx_hal_msp.c ****   ******************************************************************************
   4:../../CM4/Core/Src/stm32h7xx_hal_msp.c ****   * @file         stm32h7xx_hal_msp.c
   5:../../CM4/Core/Src/stm32h7xx_hal_msp.c ****   * @brief        This file provides code for the MSP Initialization
   6:../../CM4/Core/Src/stm32h7xx_hal_msp.c ****   *               and de-Initialization codes.
   7:../../CM4/Core/Src/stm32h7xx_hal_msp.c ****   ******************************************************************************
   8:../../CM4/Core/Src/stm32h7xx_hal_msp.c ****   * @attention
   9:../../CM4/Core/Src/stm32h7xx_hal_msp.c ****   *
  10:../../CM4/Core/Src/stm32h7xx_hal_msp.c ****   * Copyright (c) 2025 STMicroelectronics.
  11:../../CM4/Core/Src/stm32h7xx_hal_msp.c ****   * All rights reserved.
  12:../../CM4/Core/Src/stm32h7xx_hal_msp.c ****   *
  13:../../CM4/Core/Src/stm32h7xx_hal_msp.c ****   * This software is licensed under terms that can be found in the LICENSE file
  14:../../CM4/Core/Src/stm32h7xx_hal_msp.c ****   * in the root directory of this software component.
  15:../../CM4/Core/Src/stm32h7xx_hal_msp.c ****   * If no LICENSE file comes with this software, it is provided AS-IS.
  16:../../CM4/Core/Src/stm32h7xx_hal_msp.c ****   *
  17:../../CM4/Core/Src/stm32h7xx_hal_msp.c ****   ******************************************************************************
  18:../../CM4/Core/Src/stm32h7xx_hal_msp.c ****   */
  19:../../CM4/Core/Src/stm32h7xx_hal_msp.c **** /* USER CODE END Header */
  20:../../CM4/Core/Src/stm32h7xx_hal_msp.c **** 
  21:../../CM4/Core/Src/stm32h7xx_hal_msp.c **** /* Includes ------------------------------------------------------------------*/
  22:../../CM4/Core/Src/stm32h7xx_hal_msp.c **** #include "main.h"
  23:../../CM4/Core/Src/stm32h7xx_hal_msp.c **** /* USER CODE BEGIN Includes */
  24:../../CM4/Core/Src/stm32h7xx_hal_msp.c **** 
  25:../../CM4/Core/Src/stm32h7xx_hal_msp.c **** /* USER CODE END Includes */
  26:../../CM4/Core/Src/stm32h7xx_hal_msp.c **** 
  27:../../CM4/Core/Src/stm32h7xx_hal_msp.c **** /* Private typedef -----------------------------------------------------------*/
  28:../../CM4/Core/Src/stm32h7xx_hal_msp.c **** /* USER CODE BEGIN TD */
  29:../../CM4/Core/Src/stm32h7xx_hal_msp.c **** 
  30:../../CM4/Core/Src/stm32h7xx_hal_msp.c **** /* USER CODE END TD */
ARM GAS  /tmp/ccp1uxPQ.s 			page 2


  31:../../CM4/Core/Src/stm32h7xx_hal_msp.c **** 
  32:../../CM4/Core/Src/stm32h7xx_hal_msp.c **** /* Private define ------------------------------------------------------------*/
  33:../../CM4/Core/Src/stm32h7xx_hal_msp.c **** /* USER CODE BEGIN Define */
  34:../../CM4/Core/Src/stm32h7xx_hal_msp.c **** 
  35:../../CM4/Core/Src/stm32h7xx_hal_msp.c **** /* USER CODE END Define */
  36:../../CM4/Core/Src/stm32h7xx_hal_msp.c **** 
  37:../../CM4/Core/Src/stm32h7xx_hal_msp.c **** /* Private macro -------------------------------------------------------------*/
  38:../../CM4/Core/Src/stm32h7xx_hal_msp.c **** /* USER CODE BEGIN Macro */
  39:../../CM4/Core/Src/stm32h7xx_hal_msp.c **** 
  40:../../CM4/Core/Src/stm32h7xx_hal_msp.c **** /* USER CODE END Macro */
  41:../../CM4/Core/Src/stm32h7xx_hal_msp.c **** 
  42:../../CM4/Core/Src/stm32h7xx_hal_msp.c **** /* Private variables ---------------------------------------------------------*/
  43:../../CM4/Core/Src/stm32h7xx_hal_msp.c **** /* USER CODE BEGIN PV */
  44:../../CM4/Core/Src/stm32h7xx_hal_msp.c **** 
  45:../../CM4/Core/Src/stm32h7xx_hal_msp.c **** /* USER CODE END PV */
  46:../../CM4/Core/Src/stm32h7xx_hal_msp.c **** 
  47:../../CM4/Core/Src/stm32h7xx_hal_msp.c **** /* Private function prototypes -----------------------------------------------*/
  48:../../CM4/Core/Src/stm32h7xx_hal_msp.c **** /* USER CODE BEGIN PFP */
  49:../../CM4/Core/Src/stm32h7xx_hal_msp.c **** 
  50:../../CM4/Core/Src/stm32h7xx_hal_msp.c **** /* USER CODE END PFP */
  51:../../CM4/Core/Src/stm32h7xx_hal_msp.c **** 
  52:../../CM4/Core/Src/stm32h7xx_hal_msp.c **** /* External functions --------------------------------------------------------*/
  53:../../CM4/Core/Src/stm32h7xx_hal_msp.c **** /* USER CODE BEGIN ExternalFunctions */
  54:../../CM4/Core/Src/stm32h7xx_hal_msp.c **** 
  55:../../CM4/Core/Src/stm32h7xx_hal_msp.c **** /* USER CODE END ExternalFunctions */
  56:../../CM4/Core/Src/stm32h7xx_hal_msp.c **** 
  57:../../CM4/Core/Src/stm32h7xx_hal_msp.c **** /* USER CODE BEGIN 0 */
  58:../../CM4/Core/Src/stm32h7xx_hal_msp.c **** 
  59:../../CM4/Core/Src/stm32h7xx_hal_msp.c **** /* USER CODE END 0 */
  60:../../CM4/Core/Src/stm32h7xx_hal_msp.c **** /**
  61:../../CM4/Core/Src/stm32h7xx_hal_msp.c ****   * Initializes the Global MSP.
  62:../../CM4/Core/Src/stm32h7xx_hal_msp.c ****   */
  63:../../CM4/Core/Src/stm32h7xx_hal_msp.c **** void HAL_MspInit(void)
  64:../../CM4/Core/Src/stm32h7xx_hal_msp.c **** {
  29              		.loc 1 64 1 view -0
  30              		.cfi_startproc
  31              		@ args = 0, pretend = 0, frame = 8
  32              		@ frame_needed = 0, uses_anonymous_args = 0
  33 0000 00B5     		push	{lr}
  34              	.LCFI0:
  35              		.cfi_def_cfa_offset 4
  36              		.cfi_offset 14, -4
  37 0002 83B0     		sub	sp, sp, #12
  38              	.LCFI1:
  39              		.cfi_def_cfa_offset 16
  65:../../CM4/Core/Src/stm32h7xx_hal_msp.c **** 
  66:../../CM4/Core/Src/stm32h7xx_hal_msp.c ****   /* USER CODE BEGIN MspInit 0 */
  67:../../CM4/Core/Src/stm32h7xx_hal_msp.c **** 
  68:../../CM4/Core/Src/stm32h7xx_hal_msp.c ****   /* USER CODE END MspInit 0 */
  69:../../CM4/Core/Src/stm32h7xx_hal_msp.c **** 
  70:../../CM4/Core/Src/stm32h7xx_hal_msp.c ****   __HAL_RCC_SYSCFG_CLK_ENABLE();
  40              		.loc 1 70 3 view .LVU1
  41              	.LBB2:
  42              		.loc 1 70 3 view .LVU2
  43              		.loc 1 70 3 view .LVU3
  44 0004 0A4B     		ldr	r3, .L3
  45 0006 D3F8F420 		ldr	r2, [r3, #244]
ARM GAS  /tmp/ccp1uxPQ.s 			page 3


  46 000a 42F00202 		orr	r2, r2, #2
  47 000e C3F8F420 		str	r2, [r3, #244]
  48              		.loc 1 70 3 view .LVU4
  49 0012 D3F8F430 		ldr	r3, [r3, #244]
  50 0016 03F00203 		and	r3, r3, #2
  51 001a 0193     		str	r3, [sp, #4]
  52              		.loc 1 70 3 view .LVU5
  53 001c 019B     		ldr	r3, [sp, #4]
  54              	.LBE2:
  55              		.loc 1 70 3 view .LVU6
  71:../../CM4/Core/Src/stm32h7xx_hal_msp.c **** 
  72:../../CM4/Core/Src/stm32h7xx_hal_msp.c ****   /* System interrupt init*/
  73:../../CM4/Core/Src/stm32h7xx_hal_msp.c ****   /* PendSV_IRQn interrupt configuration */
  74:../../CM4/Core/Src/stm32h7xx_hal_msp.c ****   HAL_NVIC_SetPriority(PendSV_IRQn, 15, 0);
  56              		.loc 1 74 3 view .LVU7
  57 001e 0022     		movs	r2, #0
  58 0020 0F21     		movs	r1, #15
  59 0022 6FF00100 		mvn	r0, #1
  60 0026 FFF7FEFF 		bl	HAL_NVIC_SetPriority
  61              	.LVL0:
  75:../../CM4/Core/Src/stm32h7xx_hal_msp.c **** 
  76:../../CM4/Core/Src/stm32h7xx_hal_msp.c ****   /* USER CODE BEGIN MspInit 1 */
  77:../../CM4/Core/Src/stm32h7xx_hal_msp.c **** 
  78:../../CM4/Core/Src/stm32h7xx_hal_msp.c ****   /* USER CODE END MspInit 1 */
  79:../../CM4/Core/Src/stm32h7xx_hal_msp.c **** }
  62              		.loc 1 79 1 is_stmt 0 view .LVU8
  63 002a 03B0     		add	sp, sp, #12
  64              	.LCFI2:
  65              		.cfi_def_cfa_offset 4
  66              		@ sp needed
  67 002c 5DF804FB 		ldr	pc, [sp], #4
  68              	.L4:
  69              		.align	2
  70              	.L3:
  71 0030 00440258 		.word	1476543488
  72              		.cfi_endproc
  73              	.LFE135:
  75              		.section	.text.HAL_ETH_MspInit,"ax",%progbits
  76              		.align	1
  77              		.global	HAL_ETH_MspInit
  78              		.syntax unified
  79              		.thumb
  80              		.thumb_func
  82              	HAL_ETH_MspInit:
  83              	.LVL1:
  84              	.LFB136:
  80:../../CM4/Core/Src/stm32h7xx_hal_msp.c **** 
  81:../../CM4/Core/Src/stm32h7xx_hal_msp.c **** /**
  82:../../CM4/Core/Src/stm32h7xx_hal_msp.c ****   * @brief ETH MSP Initialization
  83:../../CM4/Core/Src/stm32h7xx_hal_msp.c ****   * This function configures the hardware resources used in this example
  84:../../CM4/Core/Src/stm32h7xx_hal_msp.c ****   * @param heth: ETH handle pointer
  85:../../CM4/Core/Src/stm32h7xx_hal_msp.c ****   * @retval None
  86:../../CM4/Core/Src/stm32h7xx_hal_msp.c ****   */
  87:../../CM4/Core/Src/stm32h7xx_hal_msp.c **** void HAL_ETH_MspInit(ETH_HandleTypeDef* heth)
  88:../../CM4/Core/Src/stm32h7xx_hal_msp.c **** {
  85              		.loc 1 88 1 is_stmt 1 view -0
  86              		.cfi_startproc
ARM GAS  /tmp/ccp1uxPQ.s 			page 4


  87              		@ args = 0, pretend = 0, frame = 16
  88              		@ frame_needed = 0, uses_anonymous_args = 0
  89              		@ link register save eliminated.
  89:../../CM4/Core/Src/stm32h7xx_hal_msp.c ****   if(heth->Instance==ETH)
  90              		.loc 1 89 3 view .LVU10
  91              		.loc 1 89 10 is_stmt 0 view .LVU11
  92 0000 0268     		ldr	r2, [r0]
  93              		.loc 1 89 5 view .LVU12
  94 0002 164B     		ldr	r3, .L12
  95 0004 9A42     		cmp	r2, r3
  96 0006 00D0     		beq	.L11
  97 0008 7047     		bx	lr
  98              	.L11:
  88:../../CM4/Core/Src/stm32h7xx_hal_msp.c ****   if(heth->Instance==ETH)
  99              		.loc 1 88 1 view .LVU13
 100 000a 84B0     		sub	sp, sp, #16
 101              	.LCFI3:
 102              		.cfi_def_cfa_offset 16
  90:../../CM4/Core/Src/stm32h7xx_hal_msp.c ****   {
  91:../../CM4/Core/Src/stm32h7xx_hal_msp.c ****     /* USER CODE BEGIN ETH_MspInit 0 */
  92:../../CM4/Core/Src/stm32h7xx_hal_msp.c **** 
  93:../../CM4/Core/Src/stm32h7xx_hal_msp.c ****     /* USER CODE END ETH_MspInit 0 */
  94:../../CM4/Core/Src/stm32h7xx_hal_msp.c ****     /* Peripheral clock enable */
  95:../../CM4/Core/Src/stm32h7xx_hal_msp.c ****     __HAL_RCC_ETH1MAC_CLK_ENABLE();
 103              		.loc 1 95 5 is_stmt 1 view .LVU14
 104              	.LBB3:
 105              		.loc 1 95 5 view .LVU15
 106              		.loc 1 95 5 view .LVU16
 107 000c 144B     		ldr	r3, .L12+4
 108 000e D3F8D820 		ldr	r2, [r3, #216]
 109 0012 42F40042 		orr	r2, r2, #32768
 110 0016 C3F8D820 		str	r2, [r3, #216]
 111              		.loc 1 95 5 view .LVU17
 112 001a D3F8D820 		ldr	r2, [r3, #216]
 113 001e 02F40042 		and	r2, r2, #32768
 114 0022 0192     		str	r2, [sp, #4]
 115              		.loc 1 95 5 view .LVU18
 116 0024 019A     		ldr	r2, [sp, #4]
 117              	.LBE3:
 118              		.loc 1 95 5 view .LVU19
  96:../../CM4/Core/Src/stm32h7xx_hal_msp.c ****     __HAL_RCC_ETH1TX_CLK_ENABLE();
 119              		.loc 1 96 5 view .LVU20
 120              	.LBB4:
 121              		.loc 1 96 5 view .LVU21
 122              		.loc 1 96 5 view .LVU22
 123 0026 D3F8D820 		ldr	r2, [r3, #216]
 124 002a 42F48032 		orr	r2, r2, #65536
 125 002e C3F8D820 		str	r2, [r3, #216]
 126              		.loc 1 96 5 view .LVU23
 127 0032 D3F8D820 		ldr	r2, [r3, #216]
 128 0036 02F48032 		and	r2, r2, #65536
 129 003a 0292     		str	r2, [sp, #8]
 130              		.loc 1 96 5 view .LVU24
 131 003c 029A     		ldr	r2, [sp, #8]
 132              	.LBE4:
 133              		.loc 1 96 5 view .LVU25
  97:../../CM4/Core/Src/stm32h7xx_hal_msp.c ****     __HAL_RCC_ETH1RX_CLK_ENABLE();
ARM GAS  /tmp/ccp1uxPQ.s 			page 5


 134              		.loc 1 97 5 view .LVU26
 135              	.LBB5:
 136              		.loc 1 97 5 view .LVU27
 137              		.loc 1 97 5 view .LVU28
 138 003e D3F8D820 		ldr	r2, [r3, #216]
 139 0042 42F40032 		orr	r2, r2, #131072
 140 0046 C3F8D820 		str	r2, [r3, #216]
 141              		.loc 1 97 5 view .LVU29
 142 004a D3F8D830 		ldr	r3, [r3, #216]
 143 004e 03F40033 		and	r3, r3, #131072
 144 0052 0393     		str	r3, [sp, #12]
 145              		.loc 1 97 5 view .LVU30
 146 0054 039B     		ldr	r3, [sp, #12]
 147              	.LBE5:
 148              		.loc 1 97 5 discriminator 1 view .LVU31
  98:../../CM4/Core/Src/stm32h7xx_hal_msp.c ****     /* USER CODE BEGIN ETH_MspInit 1 */
  99:../../CM4/Core/Src/stm32h7xx_hal_msp.c **** 
 100:../../CM4/Core/Src/stm32h7xx_hal_msp.c ****     /* USER CODE END ETH_MspInit 1 */
 101:../../CM4/Core/Src/stm32h7xx_hal_msp.c **** 
 102:../../CM4/Core/Src/stm32h7xx_hal_msp.c ****   }
 103:../../CM4/Core/Src/stm32h7xx_hal_msp.c **** 
 104:../../CM4/Core/Src/stm32h7xx_hal_msp.c **** }
 149              		.loc 1 104 1 is_stmt 0 view .LVU32
 150 0056 04B0     		add	sp, sp, #16
 151              	.LCFI4:
 152              		.cfi_def_cfa_offset 0
 153              		@ sp needed
 154 0058 7047     		bx	lr
 155              	.L13:
 156 005a 00BF     		.align	2
 157              	.L12:
 158 005c 00800240 		.word	1073905664
 159 0060 00440258 		.word	1476543488
 160              		.cfi_endproc
 161              	.LFE136:
 163              		.section	.text.HAL_ETH_MspDeInit,"ax",%progbits
 164              		.align	1
 165              		.global	HAL_ETH_MspDeInit
 166              		.syntax unified
 167              		.thumb
 168              		.thumb_func
 170              	HAL_ETH_MspDeInit:
 171              	.LVL2:
 172              	.LFB137:
 105:../../CM4/Core/Src/stm32h7xx_hal_msp.c **** 
 106:../../CM4/Core/Src/stm32h7xx_hal_msp.c **** /**
 107:../../CM4/Core/Src/stm32h7xx_hal_msp.c ****   * @brief ETH MSP De-Initialization
 108:../../CM4/Core/Src/stm32h7xx_hal_msp.c ****   * This function freeze the hardware resources used in this example
 109:../../CM4/Core/Src/stm32h7xx_hal_msp.c ****   * @param heth: ETH handle pointer
 110:../../CM4/Core/Src/stm32h7xx_hal_msp.c ****   * @retval None
 111:../../CM4/Core/Src/stm32h7xx_hal_msp.c ****   */
 112:../../CM4/Core/Src/stm32h7xx_hal_msp.c **** void HAL_ETH_MspDeInit(ETH_HandleTypeDef* heth)
 113:../../CM4/Core/Src/stm32h7xx_hal_msp.c **** {
 173              		.loc 1 113 1 is_stmt 1 view -0
 174              		.cfi_startproc
 175              		@ args = 0, pretend = 0, frame = 0
 176              		@ frame_needed = 0, uses_anonymous_args = 0
ARM GAS  /tmp/ccp1uxPQ.s 			page 6


 177              		@ link register save eliminated.
 114:../../CM4/Core/Src/stm32h7xx_hal_msp.c ****   if(heth->Instance==ETH)
 178              		.loc 1 114 3 view .LVU34
 179              		.loc 1 114 10 is_stmt 0 view .LVU35
 180 0000 0268     		ldr	r2, [r0]
 181              		.loc 1 114 5 view .LVU36
 182 0002 0C4B     		ldr	r3, .L17
 183 0004 9A42     		cmp	r2, r3
 184 0006 00D0     		beq	.L16
 185              	.L14:
 115:../../CM4/Core/Src/stm32h7xx_hal_msp.c ****   {
 116:../../CM4/Core/Src/stm32h7xx_hal_msp.c ****     /* USER CODE BEGIN ETH_MspDeInit 0 */
 117:../../CM4/Core/Src/stm32h7xx_hal_msp.c **** 
 118:../../CM4/Core/Src/stm32h7xx_hal_msp.c ****     /* USER CODE END ETH_MspDeInit 0 */
 119:../../CM4/Core/Src/stm32h7xx_hal_msp.c ****     /* Peripheral clock disable */
 120:../../CM4/Core/Src/stm32h7xx_hal_msp.c ****     __HAL_RCC_ETH1MAC_CLK_DISABLE();
 121:../../CM4/Core/Src/stm32h7xx_hal_msp.c ****     __HAL_RCC_ETH1TX_CLK_DISABLE();
 122:../../CM4/Core/Src/stm32h7xx_hal_msp.c ****     __HAL_RCC_ETH1RX_CLK_DISABLE();
 123:../../CM4/Core/Src/stm32h7xx_hal_msp.c ****     /* USER CODE BEGIN ETH_MspDeInit 1 */
 124:../../CM4/Core/Src/stm32h7xx_hal_msp.c **** 
 125:../../CM4/Core/Src/stm32h7xx_hal_msp.c ****     /* USER CODE END ETH_MspDeInit 1 */
 126:../../CM4/Core/Src/stm32h7xx_hal_msp.c ****   }
 127:../../CM4/Core/Src/stm32h7xx_hal_msp.c **** 
 128:../../CM4/Core/Src/stm32h7xx_hal_msp.c **** }
 186              		.loc 1 128 1 view .LVU37
 187 0008 7047     		bx	lr
 188              	.L16:
 120:../../CM4/Core/Src/stm32h7xx_hal_msp.c ****     __HAL_RCC_ETH1TX_CLK_DISABLE();
 189              		.loc 1 120 5 is_stmt 1 view .LVU38
 190 000a 0B4B     		ldr	r3, .L17+4
 191 000c D3F8D820 		ldr	r2, [r3, #216]
 192 0010 22F40042 		bic	r2, r2, #32768
 193 0014 C3F8D820 		str	r2, [r3, #216]
 121:../../CM4/Core/Src/stm32h7xx_hal_msp.c ****     __HAL_RCC_ETH1RX_CLK_DISABLE();
 194              		.loc 1 121 5 view .LVU39
 195 0018 D3F8D820 		ldr	r2, [r3, #216]
 196 001c 22F48032 		bic	r2, r2, #65536
 197 0020 C3F8D820 		str	r2, [r3, #216]
 122:../../CM4/Core/Src/stm32h7xx_hal_msp.c ****     /* USER CODE BEGIN ETH_MspDeInit 1 */
 198              		.loc 1 122 5 view .LVU40
 199 0024 D3F8D820 		ldr	r2, [r3, #216]
 200 0028 22F40032 		bic	r2, r2, #131072
 201 002c C3F8D820 		str	r2, [r3, #216]
 202              		.loc 1 128 1 is_stmt 0 view .LVU41
 203 0030 EAE7     		b	.L14
 204              	.L18:
 205 0032 00BF     		.align	2
 206              	.L17:
 207 0034 00800240 		.word	1073905664
 208 0038 00440258 		.word	1476543488
 209              		.cfi_endproc
 210              	.LFE137:
 212              		.text
 213              	.Letext0:
 214              		.file 2 "../../Drivers/CMSIS/Device/ST/STM32H7xx/Include/stm32h755xx.h"
 215              		.file 3 "/usr/lib/gcc/arm-none-eabi/13.2.1/include/stdint.h"
 216              		.file 4 "../../Drivers/STM32H7xx_HAL_Driver/Inc/stm32h7xx_hal_eth.h"
ARM GAS  /tmp/ccp1uxPQ.s 			page 7


 217              		.file 5 "../../Drivers/STM32H7xx_HAL_Driver/Inc/stm32h7xx_hal_cortex.h"
ARM GAS  /tmp/ccp1uxPQ.s 			page 8


DEFINED SYMBOLS
                            *ABS*:00000000 stm32h7xx_hal_msp.c
     /tmp/ccp1uxPQ.s:21     .text.HAL_MspInit:00000000 $t
     /tmp/ccp1uxPQ.s:27     .text.HAL_MspInit:00000000 HAL_MspInit
     /tmp/ccp1uxPQ.s:71     .text.HAL_MspInit:00000030 $d
     /tmp/ccp1uxPQ.s:76     .text.HAL_ETH_MspInit:00000000 $t
     /tmp/ccp1uxPQ.s:82     .text.HAL_ETH_MspInit:00000000 HAL_ETH_MspInit
     /tmp/ccp1uxPQ.s:158    .text.HAL_ETH_MspInit:0000005c $d
     /tmp/ccp1uxPQ.s:164    .text.HAL_ETH_MspDeInit:00000000 $t
     /tmp/ccp1uxPQ.s:170    .text.HAL_ETH_MspDeInit:00000000 HAL_ETH_MspDeInit
     /tmp/ccp1uxPQ.s:207    .text.HAL_ETH_MspDeInit:00000034 $d

UNDEFINED SYMBOLS
HAL_NVIC_SetPriority
